{"/Users/willdiaz/Documents/GitHub/swiftly_nodejs_scaffolding/src/app.ts": {"path":"/Users/willdiaz/Documents/GitHub/swiftly_nodejs_scaffolding/src/app.ts","statementMap":{"0":{"start":{"line":1,"column":0},"end":{"line":1,"column":49}},"1":{"start":{"line":2,"column":0},"end":{"line":2,"column":47}},"2":{"start":{"line":5,"column":30},"end":{"line":5,"column":49}},"3":{"start":{"line":6,"column":32},"end":{"line":6,"column":40}},"4":{"start":{"line":7,"column":8},"end":{"line":7,"column":40}},"5":{"start":{"line":8,"column":8},"end":{"line":8,"column":39}},"6":{"start":{"line":9,"column":8},"end":{"line":9,"column":29}},"7":{"start":{"line":12,"column":8},"end":{"line":15,"column":11}},"8":{"start":{"line":13,"column":12},"end":{"line":13,"column":53}},"9":{"start":{"line":14,"column":12},"end":{"line":14,"column":53}},"10":{"start":{"line":16,"column":8},"end":{"line":19,"column":11}},"11":{"start":{"line":17,"column":12},"end":{"line":17,"column":68}},"12":{"start":{"line":18,"column":12},"end":{"line":18,"column":53}},"13":{"start":{"line":20,"column":8},"end":{"line":23,"column":11}},"14":{"start":{"line":21,"column":12},"end":{"line":21,"column":42}},"15":{"start":{"line":22,"column":12},"end":{"line":22,"column":59}},"16":{"start":{"line":24,"column":8},"end":{"line":27,"column":11}},"17":{"start":{"line":25,"column":12},"end":{"line":25,"column":43}},"18":{"start":{"line":26,"column":12},"end":{"line":26,"column":59}},"19":{"start":{"line":31,"column":8},"end":{"line":40,"column":15}},"20":{"start":{"line":32,"column":24},"end":{"line":32,"column":38}},"21":{"start":{"line":34,"column":16},"end":{"line":34,"column":50}},"22":{"start":{"line":35,"column":16},"end":{"line":35,"column":44}},"23":{"start":{"line":38,"column":16},"end":{"line":38,"column":60}},"24":{"start":{"line":39,"column":16},"end":{"line":39,"column":37}},"25":{"start":{"line":3,"column":0},"end":{"line":3,"column":13}}},"fnMap":{"0":{"name":"(anonymous_0)","decl":{"start":{"line":4,"column":11},"end":{"line":4,"column":17}},"loc":{"start":{"line":4,"column":35},"end":{"line":10,"column":5}}},"1":{"name":"(anonymous_1)","decl":{"start":{"line":11,"column":12},"end":{"line":11,"column":18}},"loc":{"start":{"line":11,"column":52},"end":{"line":28,"column":5}}},"2":{"name":"(anonymous_2)","decl":{"start":{"line":12,"column":40},"end":{"line":12,"column":41}},"loc":{"start":{"line":12,"column":55},"end":{"line":15,"column":9}}},"3":{"name":"(anonymous_3)","decl":{"start":{"line":16,"column":41},"end":{"line":16,"column":42}},"loc":{"start":{"line":16,"column":75},"end":{"line":19,"column":9}}},"4":{"name":"(anonymous_4)","decl":{"start":{"line":20,"column":29},"end":{"line":20,"column":32}},"loc":{"start":{"line":20,"column":34},"end":{"line":23,"column":9}}},"5":{"name":"(anonymous_5)","decl":{"start":{"line":24,"column":30},"end":{"line":24,"column":33}},"loc":{"start":{"line":24,"column":35},"end":{"line":27,"column":9}}},"6":{"name":"(anonymous_6)","decl":{"start":{"line":30,"column":12},"end":{"line":30,"column":18}},"loc":{"start":{"line":30,"column":76},"end":{"line":41,"column":5}}},"7":{"name":"(anonymous_7)","decl":{"start":{"line":32,"column":18},"end":{"line":32,"column":21}},"loc":{"start":{"line":32,"column":24},"end":{"line":32,"column":38}}},"8":{"name":"(anonymous_8)","decl":{"start":{"line":33,"column":18},"end":{"line":33,"column":21}},"loc":{"start":{"line":33,"column":23},"end":{"line":36,"column":13}}},"9":{"name":"(anonymous_9)","decl":{"start":{"line":37,"column":19},"end":{"line":37,"column":20}},"loc":{"start":{"line":37,"column":27},"end":{"line":40,"column":13}}}},"branchMap":{},"s":{"0":1,"1":1,"2":1,"3":1,"4":1,"5":1,"6":1,"7":1,"8":0,"9":0,"10":1,"11":0,"12":0,"13":1,"14":0,"15":0,"16":1,"17":0,"18":0,"19":0,"20":0,"21":0,"22":0,"23":0,"24":0,"25":1},"f":{"0":1,"1":1,"2":0,"3":0,"4":0,"5":0,"6":0,"7":0,"8":0,"9":0},"b":{}}
,"/Users/willdiaz/Documents/GitHub/swiftly_nodejs_scaffolding/src/express-server.ts": {"path":"/Users/willdiaz/Documents/GitHub/swiftly_nodejs_scaffolding/src/express-server.ts","statementMap":{"0":{"start":{"line":1,"column":0},"end":{"line":1,"column":50}},"1":{"start":{"line":3,"column":0},"end":{"line":3,"column":65}},"2":{"start":{"line":6,"column":0},"end":{"line":6,"column":30}},"3":{"start":{"line":7,"column":0},"end":{"line":7,"column":38}},"4":{"start":{"line":8,"column":0},"end":{"line":8,"column":38}},"5":{"start":{"line":9,"column":0},"end":{"line":9,"column":26}},"6":{"start":{"line":10,"column":0},"end":{"line":10,"column":49}},"7":{"start":{"line":11,"column":0},"end":{"line":11,"column":37}},"8":{"start":{"line":12,"column":0},"end":{"line":12,"column":43}},"9":{"start":{"line":13,"column":0},"end":{"line":13,"column":68}},"10":{"start":{"line":14,"column":0},"end":{"line":14,"column":51}},"11":{"start":{"line":15,"column":0},"end":{"line":15,"column":43}},"12":{"start":{"line":16,"column":0},"end":{"line":16,"column":24}},"13":{"start":{"line":17,"column":0},"end":{"line":17,"column":26}},"14":{"start":{"line":19,"column":21},"end":{"line":19,"column":64}},"15":{"start":{"line":20,"column":15},"end":{"line":20,"column":61}},"16":{"start":{"line":32,"column":32},"end":{"line":32,"column":41}},"17":{"start":{"line":33,"column":8},"end":{"line":33,"column":34}},"18":{"start":{"line":34,"column":8},"end":{"line":34,"column":35}},"19":{"start":{"line":35,"column":8},"end":{"line":35,"column":46}},"20":{"start":{"line":36,"column":8},"end":{"line":36,"column":46}},"21":{"start":{"line":37,"column":8},"end":{"line":37,"column":46}},"22":{"start":{"line":38,"column":8},"end":{"line":38,"column":36}},"23":{"start":{"line":39,"column":8},"end":{"line":39,"column":33}},"24":{"start":{"line":40,"column":8},"end":{"line":40,"column":39}},"25":{"start":{"line":41,"column":8},"end":{"line":41,"column":52}},"26":{"start":{"line":42,"column":8},"end":{"line":42,"column":22}},"27":{"start":{"line":45,"column":8},"end":{"line":45,"column":33}},"28":{"start":{"line":46,"column":8},"end":{"line":46,"column":96}},"29":{"start":{"line":47,"column":8},"end":{"line":47,"column":96}},"30":{"start":{"line":48,"column":8},"end":{"line":48,"column":106}},"31":{"start":{"line":49,"column":8},"end":{"line":49,"column":96}},"32":{"start":{"line":50,"column":8},"end":{"line":50,"column":96}},"33":{"start":{"line":51,"column":8},"end":{"line":56,"column":null}},"34":{"start":{"line":52,"column":12},"end":{"line":52,"column":100}},"35":{"start":{"line":53,"column":12},"end":{"line":53,"column":100}},"36":{"start":{"line":54,"column":12},"end":{"line":54,"column":104}},"37":{"start":{"line":55,"column":12},"end":{"line":55,"column":100}},"38":{"start":{"line":57,"column":8},"end":{"line":57,"column":35}},"39":{"start":{"line":61,"column":8},"end":{"line":61,"column":null}},"40":{"start":{"line":61,"column":31},"end":{"line":61,"column":55}},"41":{"start":{"line":65,"column":8},"end":{"line":71,"column":11}},"42":{"start":{"line":66,"column":12},"end":{"line":66,"column":54}},"43":{"start":{"line":67,"column":12},"end":{"line":67,"column":59}},"44":{"start":{"line":68,"column":12},"end":{"line":68,"column":137}},"45":{"start":{"line":69,"column":12},"end":{"line":69,"column":97}},"46":{"start":{"line":70,"column":12},"end":{"line":70,"column":26}},"47":{"start":{"line":75,"column":24},"end":{"line":78,"column":10}},"48":{"start":{"line":79,"column":8},"end":{"line":79,"column":28}},"49":{"start":{"line":80,"column":8},"end":{"line":80,"column":36}},"50":{"start":{"line":81,"column":8},"end":{"line":81,"column":52}},"51":{"start":{"line":82,"column":8},"end":{"line":82,"column":47}},"52":{"start":{"line":83,"column":8},"end":{"line":83,"column":46}},"53":{"start":{"line":84,"column":8},"end":{"line":84,"column":36}},"54":{"start":{"line":88,"column":8},"end":{"line":88,"column":37}},"55":{"start":{"line":89,"column":8},"end":{"line":89,"column":38}},"56":{"start":{"line":90,"column":8},"end":{"line":90,"column":34}},"57":{"start":{"line":91,"column":8},"end":{"line":91,"column":38}},"58":{"start":{"line":92,"column":8},"end":{"line":92,"column":64}},"59":{"start":{"line":93,"column":8},"end":{"line":95,"column":11}},"60":{"start":{"line":94,"column":12},"end":{"line":94,"column":19}},"61":{"start":{"line":97,"column":8},"end":{"line":99,"column":null}},"62":{"start":{"line":98,"column":12},"end":{"line":98,"column":136}},"63":{"start":{"line":109,"column":8},"end":{"line":109,"column":36}},"64":{"start":{"line":113,"column":8},"end":{"line":119,"column":11}},"65":{"start":{"line":114,"column":12},"end":{"line":118,"column":15}},"66":{"start":{"line":120,"column":8},"end":{"line":127,"column":11}},"67":{"start":{"line":121,"column":12},"end":{"line":126,"column":15}},"68":{"start":{"line":131,"column":35},"end":{"line":131,"column":58}},"69":{"start":{"line":132,"column":8},"end":{"line":132,"column":40}},"70":{"start":{"line":22,"column":0},"end":{"line":22,"column":13}}},"fnMap":{"0":{"name":"(anonymous_1)","decl":{"start":{"line":31,"column":11},"end":{"line":31,"column":16}},"loc":{"start":{"line":31,"column":30},"end":{"line":43,"column":5}}},"1":{"name":"(anonymous_2)","decl":{"start":{"line":44,"column":11},"end":{"line":44,"column":17}},"loc":{"start":{"line":44,"column":47},"end":{"line":58,"column":5}}},"2":{"name":"(anonymous_3)","decl":{"start":{"line":60,"column":11},"end":{"line":60,"column":15}},"loc":{"start":{"line":60,"column":15},"end":{"line":62,"column":5}}},"3":{"name":"(anonymous_4)","decl":{"start":{"line":64,"column":12},"end":{"line":64,"column":24}},"loc":{"start":{"line":64,"column":40},"end":{"line":72,"column":5}}},"4":{"name":"(anonymous_5)","decl":{"start":{"line":65,"column":19},"end":{"line":65,"column":20}},"loc":{"start":{"line":65,"column":73},"end":{"line":71,"column":9}}},"5":{"name":"(anonymous_6)","decl":{"start":{"line":74,"column":12},"end":{"line":74,"column":36}},"loc":{"start":{"line":74,"column":52},"end":{"line":85,"column":5}}},"6":{"name":"(anonymous_7)","decl":{"start":{"line":87,"column":12},"end":{"line":87,"column":36}},"loc":{"start":{"line":87,"column":52},"end":{"line":100,"column":5}}},"7":{"name":"(anonymous_8)","decl":{"start":{"line":93,"column":39},"end":{"line":93,"column":40}},"loc":{"start":{"line":93,"column":115},"end":{"line":95,"column":9}}},"8":{"name":"(anonymous_9)","decl":{"start":{"line":101,"column":12},"end":{"line":101,"column":25}},"loc":{"start":{"line":101,"column":41},"end":{"line":103,"column":5}}},"9":{"name":"(anonymous_10)","decl":{"start":{"line":104,"column":12},"end":{"line":104,"column":26}},"loc":{"start":{"line":104,"column":42},"end":{"line":106,"column":5}}},"10":{"name":"(anonymous_11)","decl":{"start":{"line":108,"column":12},"end":{"line":108,"column":23}},"loc":{"start":{"line":108,"column":39},"end":{"line":110,"column":5}}},"11":{"name":"(anonymous_12)","decl":{"start":{"line":112,"column":12},"end":{"line":112,"column":29}},"loc":{"start":{"line":112,"column":45},"end":{"line":128,"column":5}}},"12":{"name":"(anonymous_13)","decl":{"start":{"line":113,"column":31},"end":{"line":113,"column":32}},"loc":{"start":{"line":113,"column":79},"end":{"line":119,"column":9}}},"13":{"name":"(anonymous_14)","decl":{"start":{"line":120,"column":26},"end":{"line":120,"column":27}},"loc":{"start":{"line":120,"column":74},"end":{"line":127,"column":9}}},"14":{"name":"(anonymous_15)","decl":{"start":{"line":130,"column":12},"end":{"line":130,"column":36}},"loc":{"start":{"line":130,"column":52},"end":{"line":133,"column":5}}}},"branchMap":{"0":{"loc":{"start":{"line":51,"column":8},"end":{"line":56,"column":null}},"type":"if","locations":[{"start":{"line":51,"column":8},"end":{"line":56,"column":null}},{"start":{"line":51,"column":8},"end":{"line":56,"column":null}}]},"1":{"loc":{"start":{"line":51,"column":12},"end":{"line":51,"column":33}},"type":"binary-expr","locations":[{"start":{"line":51,"column":12},"end":{"line":51,"column":33}},{"start":{"line":51,"column":37},"end":{"line":51,"column":59}}]},"2":{"loc":{"start":{"line":61,"column":8},"end":{"line":61,"column":null}},"type":"if","locations":[{"start":{"line":61,"column":8},"end":{"line":61,"column":null}},{"start":{"line":61,"column":8},"end":{"line":61,"column":null}}]},"3":{"loc":{"start":{"line":97,"column":8},"end":{"line":99,"column":null}},"type":"if","locations":[{"start":{"line":97,"column":8},"end":{"line":99,"column":null}},{"start":{"line":97,"column":8},"end":{"line":99,"column":null}}]},"4":{"loc":{"start":{"line":97,"column":12},"end":{"line":97,"column":33}},"type":"binary-expr","locations":[{"start":{"line":97,"column":12},"end":{"line":97,"column":33}},{"start":{"line":97,"column":37},"end":{"line":97,"column":59}}]}},"s":{"0":1,"1":1,"2":1,"3":1,"4":1,"5":1,"6":1,"7":1,"8":1,"9":1,"10":1,"11":1,"12":1,"13":1,"14":1,"15":1,"16":2,"17":2,"18":2,"19":2,"20":2,"21":2,"22":2,"23":2,"24":2,"25":2,"26":2,"27":2,"28":2,"29":2,"30":2,"31":2,"32":2,"33":2,"34":2,"35":2,"36":2,"37":2,"38":2,"39":0,"40":0,"41":2,"42":2,"43":2,"44":2,"45":2,"46":2,"47":2,"48":2,"49":2,"50":2,"51":2,"52":2,"53":2,"54":2,"55":2,"56":2,"57":2,"58":2,"59":2,"60":2,"61":2,"62":2,"63":2,"64":2,"65":1,"66":2,"67":1,"68":2,"69":2,"70":1},"f":{"0":2,"1":2,"2":0,"3":2,"4":2,"5":2,"6":2,"7":2,"8":2,"9":2,"10":2,"11":2,"12":1,"13":1,"14":2},"b":{"0":[2,0],"1":[2,2],"2":[0,0],"3":[2,0],"4":[2,2]}}
,"/Users/willdiaz/Documents/GitHub/swiftly_nodejs_scaffolding/src/index.ts": {"path":"/Users/willdiaz/Documents/GitHub/swiftly_nodejs_scaffolding/src/index.ts","statementMap":{"0":{"start":{"line":1,"column":0},"end":{"line":1,"column":36}},"1":{"start":{"line":2,"column":12},"end":{"line":2,"column":43}},"2":{"start":{"line":3,"column":15},"end":{"line":3,"column":36}},"3":{"start":{"line":5,"column":19},"end":{"line":10,"column":2}},"4":{"start":{"line":12,"column":0},"end":{"line":12,"column":26}},"5":{"start":{"line":13,"column":0},"end":{"line":13,"column":19}}},"fnMap":{},"branchMap":{},"s":{"0":1,"1":1,"2":1,"3":1,"4":1,"5":1},"f":{},"b":{}}
,"/Users/willdiaz/Documents/GitHub/swiftly_nodejs_scaffolding/src/core/accounts/accounts.controllers.ts": {"path":"/Users/willdiaz/Documents/GitHub/swiftly_nodejs_scaffolding/src/core/accounts/accounts.controllers.ts","statementMap":{"0":{"start":{"line":2,"column":0},"end":{"line":2,"column":53}},"1":{"start":{"line":3,"column":32},"end":{"line":3,"column":53}},"2":{"start":{"line":14,"column":13},"end":{"line":30,"column":2}},"3":{"start":{"line":14,"column":70},"end":{"line":30,"column":2}},"4":{"start":{"line":17,"column":2},"end":{"line":17,"column":83}},"5":{"start":{"line":18,"column":2},"end":{"line":18,"column":81}},"6":{"start":{"line":20,"column":18},"end":{"line":20,"column":40}},"7":{"start":{"line":21,"column":2},"end":{"line":26,"column":null}},"8":{"start":{"line":22,"column":4},"end":{"line":25,"column":6}},"9":{"start":{"line":28,"column":2},"end":{"line":28,"column":92}},"10":{"start":{"line":41,"column":13},"end":{"line":58,"column":2}},"11":{"start":{"line":41,"column":70},"end":{"line":58,"column":2}},"12":{"start":{"line":44,"column":2},"end":{"line":44,"column":73}},"13":{"start":{"line":45,"column":2},"end":{"line":45,"column":75}},"14":{"start":{"line":46,"column":2},"end":{"line":46,"column":73}},"15":{"start":{"line":48,"column":18},"end":{"line":48,"column":40}},"16":{"start":{"line":49,"column":2},"end":{"line":54,"column":null}},"17":{"start":{"line":50,"column":4},"end":{"line":53,"column":6}},"18":{"start":{"line":56,"column":2},"end":{"line":56,"column":82}},"19":{"start":{"line":69,"column":13},"end":{"line":87,"column":2}},"20":{"start":{"line":69,"column":70},"end":{"line":87,"column":2}},"21":{"start":{"line":72,"column":2},"end":{"line":72,"column":74}},"22":{"start":{"line":73,"column":2},"end":{"line":73,"column":79}},"23":{"start":{"line":74,"column":2},"end":{"line":74,"column":67}},"24":{"start":{"line":76,"column":18},"end":{"line":76,"column":40}},"25":{"start":{"line":77,"column":2},"end":{"line":82,"column":null}},"26":{"start":{"line":78,"column":4},"end":{"line":81,"column":6}},"27":{"start":{"line":85,"column":2},"end":{"line":85,"column":83}},"28":{"start":{"line":98,"column":13},"end":{"line":117,"column":2}},"29":{"start":{"line":98,"column":73},"end":{"line":117,"column":2}},"30":{"start":{"line":101,"column":2},"end":{"line":101,"column":74}},"31":{"start":{"line":102,"column":2},"end":{"line":102,"column":79}},"32":{"start":{"line":103,"column":2},"end":{"line":103,"column":67}},"33":{"start":{"line":104,"column":2},"end":{"line":104,"column":83}},"34":{"start":{"line":105,"column":2},"end":{"line":105,"column":81}},"35":{"start":{"line":107,"column":18},"end":{"line":107,"column":40}},"36":{"start":{"line":108,"column":2},"end":{"line":113,"column":null}},"37":{"start":{"line":109,"column":4},"end":{"line":112,"column":6}},"38":{"start":{"line":115,"column":2},"end":{"line":115,"column":95}},"39":{"start":{"line":129,"column":13},"end":{"line":146,"column":2}},"40":{"start":{"line":129,"column":73},"end":{"line":146,"column":2}},"41":{"start":{"line":132,"column":2},"end":{"line":132,"column":74}},"42":{"start":{"line":133,"column":2},"end":{"line":133,"column":79}},"43":{"start":{"line":134,"column":2},"end":{"line":134,"column":67}},"44":{"start":{"line":136,"column":18},"end":{"line":136,"column":40}},"45":{"start":{"line":137,"column":2},"end":{"line":142,"column":null}},"46":{"start":{"line":138,"column":4},"end":{"line":141,"column":6}},"47":{"start":{"line":144,"column":2},"end":{"line":144,"column":95}},"48":{"start":{"line":158,"column":13},"end":{"line":175,"column":2}},"49":{"start":{"line":158,"column":79},"end":{"line":175,"column":2}},"50":{"start":{"line":161,"column":2},"end":{"line":161,"column":74}},"51":{"start":{"line":162,"column":2},"end":{"line":162,"column":81}},"52":{"start":{"line":164,"column":18},"end":{"line":164,"column":40}},"53":{"start":{"line":165,"column":2},"end":{"line":170,"column":null}},"54":{"start":{"line":166,"column":4},"end":{"line":169,"column":6}},"55":{"start":{"line":173,"column":2},"end":{"line":173,"column":103}}},"fnMap":{"0":{"name":"(anonymous_7)","decl":{"start":{"line":14,"column":30},"end":{"line":14,"column":37}},"loc":{"start":{"line":14,"column":70},"end":{"line":30,"column":2}}},"1":{"name":"(anonymous_8)","decl":{"start":{"line":14,"column":70},"end":{"line":14,"column":null}},"loc":{"start":{"line":14,"column":70},"end":{"line":30,"column":1}}},"2":{"name":"(anonymous_9)","decl":{"start":{"line":41,"column":30},"end":{"line":41,"column":37}},"loc":{"start":{"line":41,"column":70},"end":{"line":58,"column":2}}},"3":{"name":"(anonymous_10)","decl":{"start":{"line":41,"column":70},"end":{"line":41,"column":null}},"loc":{"start":{"line":41,"column":70},"end":{"line":58,"column":1}}},"4":{"name":"(anonymous_11)","decl":{"start":{"line":69,"column":30},"end":{"line":69,"column":37}},"loc":{"start":{"line":69,"column":70},"end":{"line":87,"column":2}}},"5":{"name":"(anonymous_12)","decl":{"start":{"line":69,"column":70},"end":{"line":69,"column":null}},"loc":{"start":{"line":69,"column":70},"end":{"line":87,"column":1}}},"6":{"name":"(anonymous_13)","decl":{"start":{"line":98,"column":33},"end":{"line":98,"column":40}},"loc":{"start":{"line":98,"column":73},"end":{"line":117,"column":2}}},"7":{"name":"(anonymous_14)","decl":{"start":{"line":98,"column":73},"end":{"line":98,"column":null}},"loc":{"start":{"line":98,"column":73},"end":{"line":117,"column":1}}},"8":{"name":"(anonymous_15)","decl":{"start":{"line":129,"column":33},"end":{"line":129,"column":40}},"loc":{"start":{"line":129,"column":73},"end":{"line":146,"column":2}}},"9":{"name":"(anonymous_16)","decl":{"start":{"line":129,"column":73},"end":{"line":129,"column":null}},"loc":{"start":{"line":129,"column":73},"end":{"line":146,"column":1}}},"10":{"name":"(anonymous_17)","decl":{"start":{"line":158,"column":39},"end":{"line":158,"column":46}},"loc":{"start":{"line":158,"column":79},"end":{"line":175,"column":2}}},"11":{"name":"(anonymous_18)","decl":{"start":{"line":158,"column":79},"end":{"line":158,"column":null}},"loc":{"start":{"line":158,"column":79},"end":{"line":175,"column":1}}}},"branchMap":{"0":{"loc":{"start":{"line":21,"column":2},"end":{"line":26,"column":null}},"type":"if","locations":[{"start":{"line":21,"column":2},"end":{"line":26,"column":null}},{"start":{"line":21,"column":2},"end":{"line":26,"column":null}}]},"1":{"loc":{"start":{"line":49,"column":2},"end":{"line":54,"column":null}},"type":"if","locations":[{"start":{"line":49,"column":2},"end":{"line":54,"column":null}},{"start":{"line":49,"column":2},"end":{"line":54,"column":null}}]},"2":{"loc":{"start":{"line":77,"column":2},"end":{"line":82,"column":null}},"type":"if","locations":[{"start":{"line":77,"column":2},"end":{"line":82,"column":null}},{"start":{"line":77,"column":2},"end":{"line":82,"column":null}}]},"3":{"loc":{"start":{"line":108,"column":2},"end":{"line":113,"column":null}},"type":"if","locations":[{"start":{"line":108,"column":2},"end":{"line":113,"column":null}},{"start":{"line":108,"column":2},"end":{"line":113,"column":null}}]},"4":{"loc":{"start":{"line":137,"column":2},"end":{"line":142,"column":null}},"type":"if","locations":[{"start":{"line":137,"column":2},"end":{"line":142,"column":null}},{"start":{"line":137,"column":2},"end":{"line":142,"column":null}}]},"5":{"loc":{"start":{"line":165,"column":2},"end":{"line":170,"column":null}},"type":"if","locations":[{"start":{"line":165,"column":2},"end":{"line":170,"column":null}},{"start":{"line":165,"column":2},"end":{"line":170,"column":null}}]}},"s":{"0":1,"1":1,"2":1,"3":0,"4":0,"5":0,"6":0,"7":0,"8":0,"9":0,"10":1,"11":0,"12":0,"13":0,"14":0,"15":0,"16":0,"17":0,"18":0,"19":1,"20":0,"21":0,"22":0,"23":0,"24":0,"25":0,"26":0,"27":0,"28":1,"29":0,"30":0,"31":0,"32":0,"33":0,"34":0,"35":0,"36":0,"37":0,"38":0,"39":1,"40":0,"41":0,"42":0,"43":0,"44":0,"45":0,"46":0,"47":0,"48":1,"49":0,"50":0,"51":0,"52":0,"53":0,"54":0,"55":0},"f":{"0":0,"1":0,"2":0,"3":0,"4":0,"5":0,"6":0,"7":0,"8":0,"9":0,"10":0,"11":0},"b":{"0":[0,0],"1":[0,0],"2":[0,0],"3":[0,0],"4":[0,0],"5":[0,0]}}
,"/Users/willdiaz/Documents/GitHub/swiftly_nodejs_scaffolding/src/core/accounts/accounts.service.ts": {"path":"/Users/willdiaz/Documents/GitHub/swiftly_nodejs_scaffolding/src/core/accounts/accounts.service.ts","statementMap":{"0":{"start":{"line":2,"column":0},"end":{"line":2,"column":65}},"1":{"start":{"line":3,"column":0},"end":{"line":3,"column":63}},"2":{"start":{"line":5,"column":0},"end":{"line":5,"column":32}},"3":{"start":{"line":18,"column":4},"end":{"line":62,"column":7}},"4":{"start":{"line":18,"column":49},"end":{"line":62,"column":6}},"5":{"start":{"line":25,"column":50},"end":{"line":30,"column":8}},"6":{"start":{"line":32,"column":27},"end":{"line":34,"column":8}},"7":{"start":{"line":36,"column":22},"end":{"line":44,"column":8}},"8":{"start":{"line":46,"column":6},"end":{"line":60,"column":null}},"9":{"start":{"line":47,"column":35},"end":{"line":47,"column":98}},"10":{"start":{"line":49,"column":8},"end":{"line":52,"column":11}},"11":{"start":{"line":56,"column":8},"end":{"line":59,"column":11}},"12":{"start":{"line":75,"column":4},"end":{"line":98,"column":7}},"13":{"start":{"line":75,"column":49},"end":{"line":98,"column":6}},"14":{"start":{"line":77,"column":27},"end":{"line":80,"column":8}},"15":{"start":{"line":82,"column":6},"end":{"line":96,"column":null}},"16":{"start":{"line":83,"column":35},"end":{"line":83,"column":89}},"17":{"start":{"line":85,"column":8},"end":{"line":88,"column":11}},"18":{"start":{"line":92,"column":8},"end":{"line":95,"column":11}},"19":{"start":{"line":111,"column":4},"end":{"line":135,"column":7}},"20":{"start":{"line":111,"column":49},"end":{"line":135,"column":6}},"21":{"start":{"line":113,"column":27},"end":{"line":117,"column":8}},"22":{"start":{"line":119,"column":6},"end":{"line":133,"column":null}},"23":{"start":{"line":120,"column":35},"end":{"line":120,"column":89}},"24":{"start":{"line":122,"column":8},"end":{"line":125,"column":11}},"25":{"start":{"line":129,"column":8},"end":{"line":132,"column":11}},"26":{"start":{"line":148,"column":4},"end":{"line":181,"column":7}},"27":{"start":{"line":148,"column":49},"end":{"line":181,"column":6}},"28":{"start":{"line":155,"column":50},"end":{"line":158,"column":8}},"29":{"start":{"line":160,"column":27},"end":{"line":163,"column":8}},"30":{"start":{"line":165,"column":6},"end":{"line":179,"column":null}},"31":{"start":{"line":166,"column":35},"end":{"line":166,"column":89}},"32":{"start":{"line":168,"column":8},"end":{"line":171,"column":11}},"33":{"start":{"line":175,"column":8},"end":{"line":178,"column":11}},"34":{"start":{"line":194,"column":4},"end":{"line":227,"column":7}},"35":{"start":{"line":194,"column":49},"end":{"line":227,"column":6}},"36":{"start":{"line":201,"column":50},"end":{"line":204,"column":8}},"37":{"start":{"line":206,"column":27},"end":{"line":209,"column":8}},"38":{"start":{"line":211,"column":6},"end":{"line":225,"column":null}},"39":{"start":{"line":212,"column":35},"end":{"line":212,"column":89}},"40":{"start":{"line":214,"column":8},"end":{"line":217,"column":11}},"41":{"start":{"line":221,"column":8},"end":{"line":224,"column":11}},"42":{"start":{"line":240,"column":4},"end":{"line":264,"column":7}},"43":{"start":{"line":240,"column":49},"end":{"line":264,"column":6}},"44":{"start":{"line":242,"column":27},"end":{"line":246,"column":8}},"45":{"start":{"line":248,"column":6},"end":{"line":262,"column":null}},"46":{"start":{"line":249,"column":35},"end":{"line":249,"column":89}},"47":{"start":{"line":251,"column":8},"end":{"line":254,"column":11}},"48":{"start":{"line":258,"column":8},"end":{"line":261,"column":11}},"49":{"start":{"line":7,"column":0},"end":{"line":7,"column":13}}},"fnMap":{"0":{"name":"(anonymous_8)","decl":{"start":{"line":16,"column":15},"end":{"line":16,"column":32}},"loc":{"start":{"line":16,"column":83},"end":{"line":64,"column":null}}},"1":{"name":"(anonymous_10)","decl":{"start":{"line":18,"column":23},"end":{"line":18,"column":30}},"loc":{"start":{"line":18,"column":49},"end":{"line":62,"column":6}}},"2":{"name":"(anonymous_11)","decl":{"start":{"line":18,"column":49},"end":{"line":18,"column":null}},"loc":{"start":{"line":18,"column":49},"end":{"line":62,"column":5}}},"3":{"name":"(anonymous_12)","decl":{"start":{"line":73,"column":15},"end":{"line":73,"column":32}},"loc":{"start":{"line":73,"column":61},"end":{"line":100,"column":null}}},"4":{"name":"(anonymous_14)","decl":{"start":{"line":75,"column":23},"end":{"line":75,"column":30}},"loc":{"start":{"line":75,"column":49},"end":{"line":98,"column":6}}},"5":{"name":"(anonymous_15)","decl":{"start":{"line":75,"column":49},"end":{"line":75,"column":null}},"loc":{"start":{"line":75,"column":49},"end":{"line":98,"column":5}}},"6":{"name":"(anonymous_16)","decl":{"start":{"line":109,"column":15},"end":{"line":109,"column":33}},"loc":{"start":{"line":109,"column":61},"end":{"line":137,"column":null}}},"7":{"name":"(anonymous_18)","decl":{"start":{"line":111,"column":23},"end":{"line":111,"column":30}},"loc":{"start":{"line":111,"column":49},"end":{"line":135,"column":6}}},"8":{"name":"(anonymous_19)","decl":{"start":{"line":111,"column":49},"end":{"line":111,"column":null}},"loc":{"start":{"line":111,"column":49},"end":{"line":135,"column":5}}},"9":{"name":"(anonymous_20)","decl":{"start":{"line":146,"column":15},"end":{"line":146,"column":35}},"loc":{"start":{"line":146,"column":86},"end":{"line":183,"column":null}}},"10":{"name":"(anonymous_22)","decl":{"start":{"line":148,"column":23},"end":{"line":148,"column":30}},"loc":{"start":{"line":148,"column":49},"end":{"line":181,"column":6}}},"11":{"name":"(anonymous_23)","decl":{"start":{"line":148,"column":49},"end":{"line":148,"column":null}},"loc":{"start":{"line":148,"column":49},"end":{"line":181,"column":5}}},"12":{"name":"(anonymous_24)","decl":{"start":{"line":192,"column":15},"end":{"line":192,"column":35}},"loc":{"start":{"line":192,"column":86},"end":{"line":229,"column":null}}},"13":{"name":"(anonymous_26)","decl":{"start":{"line":194,"column":23},"end":{"line":194,"column":30}},"loc":{"start":{"line":194,"column":49},"end":{"line":227,"column":6}}},"14":{"name":"(anonymous_27)","decl":{"start":{"line":194,"column":49},"end":{"line":194,"column":null}},"loc":{"start":{"line":194,"column":49},"end":{"line":227,"column":5}}},"15":{"name":"(anonymous_28)","decl":{"start":{"line":238,"column":15},"end":{"line":238,"column":42}},"loc":{"start":{"line":238,"column":83},"end":{"line":266,"column":null}}},"16":{"name":"(anonymous_30)","decl":{"start":{"line":240,"column":23},"end":{"line":240,"column":30}},"loc":{"start":{"line":240,"column":49},"end":{"line":264,"column":6}}},"17":{"name":"(anonymous_31)","decl":{"start":{"line":240,"column":49},"end":{"line":240,"column":null}},"loc":{"start":{"line":240,"column":49},"end":{"line":264,"column":5}}}},"branchMap":{},"s":{"0":1,"1":1,"2":1,"3":0,"4":0,"5":0,"6":0,"7":0,"8":0,"9":0,"10":0,"11":0,"12":0,"13":0,"14":0,"15":0,"16":0,"17":0,"18":0,"19":0,"20":0,"21":0,"22":0,"23":0,"24":0,"25":0,"26":0,"27":0,"28":0,"29":0,"30":0,"31":0,"32":0,"33":0,"34":0,"35":0,"36":0,"37":0,"38":0,"39":0,"40":0,"41":0,"42":0,"43":0,"44":0,"45":0,"46":0,"47":0,"48":0,"49":1},"f":{"0":0,"1":0,"2":0,"3":0,"4":0,"5":0,"6":0,"7":0,"8":0,"9":0,"10":0,"11":0,"12":0,"13":0,"14":0,"15":0,"16":0,"17":0},"b":{}}
,"/Users/willdiaz/Documents/GitHub/swiftly_nodejs_scaffolding/src/databases/oracle.connector.ts": {"path":"/Users/willdiaz/Documents/GitHub/swiftly_nodejs_scaffolding/src/databases/oracle.connector.ts","statementMap":{"0":{"start":{"line":1,"column":0},"end":{"line":1,"column":98}},"1":{"start":{"line":2,"column":0},"end":{"line":2,"column":32}},"2":{"start":{"line":3,"column":0},"end":{"line":3,"column":41}},"3":{"start":{"line":7,"column":0},"end":{"line":7,"column":null}},"4":{"start":{"line":16,"column":4},"end":{"line":19,"column":null}},"5":{"start":{"line":17,"column":6},"end":{"line":17,"column":45}},"6":{"start":{"line":18,"column":6},"end":{"line":18,"column":28}},"7":{"start":{"line":20,"column":4},"end":{"line":20,"column":26}},"8":{"start":{"line":14,"column":24},"end":{"line":21,"column":null}},"9":{"start":{"line":24,"column":4},"end":{"line":50,"column":null}},"10":{"start":{"line":25,"column":6},"end":{"line":44,"column":9}},"11":{"start":{"line":46,"column":6},"end":{"line":46,"column":25}},"12":{"start":{"line":47,"column":6},"end":{"line":47,"column":29}},"13":{"start":{"line":54,"column":4},"end":{"line":54,"column":56}},"14":{"start":{"line":55,"column":4},"end":{"line":65,"column":null}},"15":{"start":{"line":61,"column":6},"end":{"line":61,"column":41}},"16":{"start":{"line":62,"column":6},"end":{"line":62,"column":33}},"17":{"start":{"line":64,"column":6},"end":{"line":64,"column":25}}},"fnMap":{"0":{"name":"(anonymous_8)","decl":{"start":{"line":7,"column":0},"end":{"line":7,"column":17}},"loc":{"start":{"line":7,"column":34},"end":{"line":67,"column":1}}},"1":{"name":"getPoolConnection","decl":{"start":{"line":14,"column":24},"end":{"line":14,"column":41}},"loc":{"start":{"line":14,"column":41},"end":{"line":21,"column":null}}},"2":{"name":"setConnection","decl":{"start":{"line":23,"column":17},"end":{"line":23,"column":30}},"loc":{"start":{"line":23,"column":30},"end":{"line":51,"column":null}}},"3":{"name":"closePoolAndExit","decl":{"start":{"line":53,"column":17},"end":{"line":53,"column":33}},"loc":{"start":{"line":53,"column":33},"end":{"line":66,"column":null}}}},"branchMap":{"0":{"loc":{"start":{"line":16,"column":4},"end":{"line":19,"column":null}},"type":"if","locations":[{"start":{"line":16,"column":4},"end":{"line":19,"column":null}},{"start":{"line":16,"column":4},"end":{"line":19,"column":null}}]},"1":{"loc":{"start":{"line":7,"column":17},"end":{"line":7,"column":34}},"type":"binary-expr","locations":[{"start":{"line":7,"column":17},"end":{"line":7,"column":34}},{"start":{"line":7,"column":17},"end":{"line":7,"column":null}}]}},"s":{"0":1,"1":1,"2":1,"3":1,"4":0,"5":0,"6":0,"7":0,"8":1,"9":0,"10":0,"11":0,"12":0,"13":0,"14":0,"15":0,"16":0,"17":0},"f":{"0":1,"1":0,"2":0,"3":0},"b":{"0":[0,0],"1":[1,1]}}
,"/Users/willdiaz/Documents/GitHub/swiftly_nodejs_scaffolding/src/databases/oracle.service.ts": {"path":"/Users/willdiaz/Documents/GitHub/swiftly_nodejs_scaffolding/src/databases/oracle.service.ts","statementMap":{"0":{"start":{"line":1,"column":0},"end":{"line":1,"column":55}},"1":{"start":{"line":2,"column":0},"end":{"line":2,"column":41}},"2":{"start":{"line":3,"column":0},"end":{"line":3,"column":32}},"3":{"start":{"line":4,"column":0},"end":{"line":4,"column":null}},"4":{"start":{"line":15,"column":4},"end":{"line":38,"column":7}},"5":{"start":{"line":15,"column":49},"end":{"line":38,"column":6}},"6":{"start":{"line":17,"column":6},"end":{"line":37,"column":null}},"7":{"start":{"line":20,"column":8},"end":{"line":20,"column":71}},"8":{"start":{"line":21,"column":24},"end":{"line":21,"column":77}},"9":{"start":{"line":22,"column":24},"end":{"line":22,"column":79}},"10":{"start":{"line":23,"column":8},"end":{"line":23,"column":32}},"11":{"start":{"line":26,"column":8},"end":{"line":26,"column":21}},"12":{"start":{"line":28,"column":8},"end":{"line":36,"column":null}},"13":{"start":{"line":29,"column":10},"end":{"line":35,"column":null}},"14":{"start":{"line":31,"column":12},"end":{"line":31,"column":43}},"15":{"start":{"line":33,"column":12},"end":{"line":33,"column":31}},"16":{"start":{"line":34,"column":12},"end":{"line":34,"column":35}},"17":{"start":{"line":14,"column":24},"end":{"line":39,"column":null}},"18":{"start":{"line":50,"column":4},"end":{"line":72,"column":7}},"19":{"start":{"line":50,"column":49},"end":{"line":72,"column":6}},"20":{"start":{"line":52,"column":6},"end":{"line":71,"column":null}},"21":{"start":{"line":55,"column":8},"end":{"line":55,"column":71}},"22":{"start":{"line":56,"column":24},"end":{"line":56,"column":71}},"23":{"start":{"line":57,"column":8},"end":{"line":57,"column":32}},"24":{"start":{"line":60,"column":8},"end":{"line":60,"column":21}},"25":{"start":{"line":62,"column":8},"end":{"line":70,"column":null}},"26":{"start":{"line":63,"column":10},"end":{"line":69,"column":null}},"27":{"start":{"line":65,"column":12},"end":{"line":65,"column":43}},"28":{"start":{"line":67,"column":12},"end":{"line":67,"column":31}},"29":{"start":{"line":68,"column":12},"end":{"line":68,"column":35}},"30":{"start":{"line":49,"column":24},"end":{"line":73,"column":null}},"31":{"start":{"line":82,"column":4},"end":{"line":104,"column":7}},"32":{"start":{"line":82,"column":49},"end":{"line":104,"column":6}},"33":{"start":{"line":84,"column":6},"end":{"line":103,"column":null}},"34":{"start":{"line":87,"column":8},"end":{"line":87,"column":71}},"35":{"start":{"line":88,"column":24},"end":{"line":88,"column":62}},"36":{"start":{"line":89,"column":8},"end":{"line":89,"column":32}},"37":{"start":{"line":92,"column":8},"end":{"line":92,"column":21}},"38":{"start":{"line":94,"column":8},"end":{"line":102,"column":null}},"39":{"start":{"line":95,"column":10},"end":{"line":101,"column":null}},"40":{"start":{"line":97,"column":12},"end":{"line":97,"column":43}},"41":{"start":{"line":99,"column":12},"end":{"line":99,"column":31}},"42":{"start":{"line":100,"column":12},"end":{"line":100,"column":35}},"43":{"start":{"line":81,"column":24},"end":{"line":105,"column":null}},"44":{"start":{"line":114,"column":4},"end":{"line":136,"column":7}},"45":{"start":{"line":114,"column":49},"end":{"line":136,"column":6}},"46":{"start":{"line":116,"column":6},"end":{"line":135,"column":null}},"47":{"start":{"line":119,"column":8},"end":{"line":119,"column":71}},"48":{"start":{"line":120,"column":24},"end":{"line":120,"column":62}},"49":{"start":{"line":121,"column":8},"end":{"line":121,"column":32}},"50":{"start":{"line":124,"column":8},"end":{"line":124,"column":21}},"51":{"start":{"line":126,"column":8},"end":{"line":134,"column":null}},"52":{"start":{"line":127,"column":10},"end":{"line":133,"column":null}},"53":{"start":{"line":129,"column":12},"end":{"line":129,"column":43}},"54":{"start":{"line":131,"column":12},"end":{"line":131,"column":31}},"55":{"start":{"line":132,"column":12},"end":{"line":132,"column":35}},"56":{"start":{"line":113,"column":24},"end":{"line":137,"column":null}}},"fnMap":{"0":{"name":"(anonymous_8)","decl":{"start":{"line":4,"column":0},"end":{"line":4,"column":17}},"loc":{"start":{"line":4,"column":32},"end":{"line":138,"column":1}}},"1":{"name":"executeSelectQuery","decl":{"start":{"line":14,"column":24},"end":{"line":14,"column":42}},"loc":{"start":{"line":14,"column":94},"end":{"line":39,"column":null}}},"2":{"name":"(anonymous_11)","decl":{"start":{"line":15,"column":23},"end":{"line":15,"column":30}},"loc":{"start":{"line":15,"column":49},"end":{"line":38,"column":6}}},"3":{"name":"(anonymous_12)","decl":{"start":{"line":15,"column":49},"end":{"line":15,"column":null}},"loc":{"start":{"line":15,"column":49},"end":{"line":38,"column":5}}},"4":{"name":"executeInsertQuery","decl":{"start":{"line":49,"column":24},"end":{"line":49,"column":42}},"loc":{"start":{"line":49,"column":72},"end":{"line":73,"column":null}}},"5":{"name":"(anonymous_15)","decl":{"start":{"line":50,"column":23},"end":{"line":50,"column":30}},"loc":{"start":{"line":50,"column":49},"end":{"line":72,"column":6}}},"6":{"name":"(anonymous_16)","decl":{"start":{"line":50,"column":49},"end":{"line":50,"column":null}},"loc":{"start":{"line":50,"column":49},"end":{"line":72,"column":5}}},"7":{"name":"executeUpdateQuery","decl":{"start":{"line":81,"column":24},"end":{"line":81,"column":42}},"loc":{"start":{"line":81,"column":54},"end":{"line":105,"column":null}}},"8":{"name":"(anonymous_19)","decl":{"start":{"line":82,"column":23},"end":{"line":82,"column":30}},"loc":{"start":{"line":82,"column":49},"end":{"line":104,"column":6}}},"9":{"name":"(anonymous_20)","decl":{"start":{"line":82,"column":49},"end":{"line":82,"column":null}},"loc":{"start":{"line":82,"column":49},"end":{"line":104,"column":5}}},"10":{"name":"executeDeleteQuery","decl":{"start":{"line":113,"column":24},"end":{"line":113,"column":42}},"loc":{"start":{"line":113,"column":54},"end":{"line":137,"column":null}}},"11":{"name":"(anonymous_23)","decl":{"start":{"line":114,"column":23},"end":{"line":114,"column":30}},"loc":{"start":{"line":114,"column":49},"end":{"line":136,"column":6}}},"12":{"name":"(anonymous_24)","decl":{"start":{"line":114,"column":49},"end":{"line":114,"column":null}},"loc":{"start":{"line":114,"column":49},"end":{"line":136,"column":5}}}},"branchMap":{"0":{"loc":{"start":{"line":21,"column":24},"end":{"line":21,"column":32}},"type":"binary-expr","locations":[{"start":{"line":21,"column":24},"end":{"line":21,"column":32}},{"start":{"line":21,"column":36},"end":{"line":21,"column":77}}]},"1":{"loc":{"start":{"line":28,"column":8},"end":{"line":36,"column":null}},"type":"if","locations":[{"start":{"line":28,"column":8},"end":{"line":36,"column":null}},{"start":{"line":28,"column":8},"end":{"line":36,"column":null}}]},"2":{"loc":{"start":{"line":62,"column":8},"end":{"line":70,"column":null}},"type":"if","locations":[{"start":{"line":62,"column":8},"end":{"line":70,"column":null}},{"start":{"line":62,"column":8},"end":{"line":70,"column":null}}]},"3":{"loc":{"start":{"line":94,"column":8},"end":{"line":102,"column":null}},"type":"if","locations":[{"start":{"line":94,"column":8},"end":{"line":102,"column":null}},{"start":{"line":94,"column":8},"end":{"line":102,"column":null}}]},"4":{"loc":{"start":{"line":126,"column":8},"end":{"line":134,"column":null}},"type":"if","locations":[{"start":{"line":126,"column":8},"end":{"line":134,"column":null}},{"start":{"line":126,"column":8},"end":{"line":134,"column":null}}]},"5":{"loc":{"start":{"line":4,"column":17},"end":{"line":4,"column":32}},"type":"binary-expr","locations":[{"start":{"line":4,"column":17},"end":{"line":4,"column":32}},{"start":{"line":4,"column":17},"end":{"line":4,"column":null}}]}},"s":{"0":1,"1":1,"2":1,"3":1,"4":0,"5":0,"6":0,"7":0,"8":0,"9":0,"10":0,"11":0,"12":0,"13":0,"14":0,"15":0,"16":0,"17":1,"18":0,"19":0,"20":0,"21":0,"22":0,"23":0,"24":0,"25":0,"26":0,"27":0,"28":0,"29":0,"30":1,"31":0,"32":0,"33":0,"34":0,"35":0,"36":0,"37":0,"38":0,"39":0,"40":0,"41":0,"42":0,"43":1,"44":0,"45":0,"46":0,"47":0,"48":0,"49":0,"50":0,"51":0,"52":0,"53":0,"54":0,"55":0,"56":1},"f":{"0":1,"1":0,"2":0,"3":0,"4":0,"5":0,"6":0,"7":0,"8":0,"9":0,"10":0,"11":0,"12":0},"b":{"0":[0,0],"1":[0,0],"2":[0,0],"3":[0,0],"4":[0,0],"5":[1,1]}}
,"/Users/willdiaz/Documents/GitHub/swiftly_nodejs_scaffolding/src/middlewares/auth.middleware.ts": {"path":"/Users/willdiaz/Documents/GitHub/swiftly_nodejs_scaffolding/src/middlewares/auth.middleware.ts","statementMap":{"0":{"start":{"line":4,"column":0},"end":{"line":4,"column":31}},"1":{"start":{"line":5,"column":0},"end":{"line":5,"column":61}},"2":{"start":{"line":6,"column":0},"end":{"line":6,"column":87}},"3":{"start":{"line":16,"column":13},"end":{"line":37,"column":2}},"4":{"start":{"line":17,"column":2},"end":{"line":36,"column":null}},"5":{"start":{"line":18,"column":18},"end":{"line":18,"column":93}},"6":{"start":{"line":19,"column":4},"end":{"line":33,"column":7}},"7":{"start":{"line":20,"column":6},"end":{"line":32,"column":null}},"8":{"start":{"line":21,"column":8},"end":{"line":29,"column":null}},"9":{"start":{"line":22,"column":10},"end":{"line":26,"column":null}},"10":{"start":{"line":23,"column":12},"end":{"line":23,"column":128}},"11":{"start":{"line":25,"column":12},"end":{"line":25,"column":128}},"12":{"start":{"line":28,"column":10},"end":{"line":28,"column":17}},"13":{"start":{"line":31,"column":8},"end":{"line":31,"column":36}},"14":{"start":{"line":35,"column":4},"end":{"line":35,"column":11}}},"fnMap":{"0":{"name":"(anonymous_2)","decl":{"start":{"line":16,"column":31},"end":{"line":16,"column":32}},"loc":{"start":{"line":16,"column":83},"end":{"line":37,"column":1}}},"1":{"name":"(anonymous_3)","decl":{"start":{"line":19,"column":55},"end":{"line":19,"column":65}},"loc":{"start":{"line":19,"column":87},"end":{"line":33,"column":5}}}},"branchMap":{"0":{"loc":{"start":{"line":17,"column":2},"end":{"line":36,"column":null}},"type":"if","locations":[{"start":{"line":17,"column":2},"end":{"line":36,"column":null}},{"start":{"line":17,"column":2},"end":{"line":36,"column":null}}]},"1":{"loc":{"start":{"line":18,"column":18},"end":{"line":18,"column":48}},"type":"binary-expr","locations":[{"start":{"line":18,"column":18},"end":{"line":18,"column":48}},{"start":{"line":18,"column":52},"end":{"line":18,"column":93}}]},"2":{"loc":{"start":{"line":21,"column":8},"end":{"line":29,"column":null}},"type":"if","locations":[{"start":{"line":21,"column":8},"end":{"line":29,"column":null}},{"start":{"line":21,"column":8},"end":{"line":29,"column":null}}]},"3":{"loc":{"start":{"line":22,"column":10},"end":{"line":26,"column":null}},"type":"if","locations":[{"start":{"line":22,"column":10},"end":{"line":26,"column":null}},{"start":{"line":22,"column":10},"end":{"line":26,"column":null}}]}},"s":{"0":1,"1":1,"2":1,"3":1,"4":0,"5":0,"6":0,"7":0,"8":0,"9":0,"10":0,"11":0,"12":0,"13":0,"14":0},"f":{"0":0,"1":0},"b":{"0":[0,0],"1":[0,0],"2":[0,0],"3":[0,0]}}
,"/Users/willdiaz/Documents/GitHub/swiftly_nodejs_scaffolding/src/middlewares/status.monitor.middleware.ts": {"path":"/Users/willdiaz/Documents/GitHub/swiftly_nodejs_scaffolding/src/middlewares/status.monitor.middleware.ts","statementMap":{"0":{"start":{"line":7,"column":0},"end":{"line":7,"column":58}},"1":{"start":{"line":12,"column":28},"end":{"line":12,"column":38}},"2":{"start":{"line":15,"column":39},"end":{"line":46,"column":10}},"3":{"start":{"line":49,"column":8},"end":{"line":49,"column":59}},"4":{"start":{"line":50,"column":8},"end":{"line":50,"column":24}},"5":{"start":{"line":54,"column":0},"end":{"line":54,"column":33}}},"fnMap":{"0":{"name":"(anonymous_1)","decl":{"start":{"line":10,"column":11},"end":{"line":10,"column":16}},"loc":{"start":{"line":10,"column":38},"end":{"line":51,"column":5}}}},"branchMap":{},"s":{"0":1,"1":2,"2":2,"3":2,"4":2,"5":1},"f":{"0":2},"b":{}}
,"/Users/willdiaz/Documents/GitHub/swiftly_nodejs_scaffolding/src/routes/accounts.routes.ts": {"path":"/Users/willdiaz/Documents/GitHub/swiftly_nodejs_scaffolding/src/routes/accounts.routes.ts","statementMap":{"0":{"start":{"line":2,"column":0},"end":{"line":2,"column":76}},"1":{"start":{"line":3,"column":0},"end":{"line":3,"column":61}},"2":{"start":{"line":4,"column":0},"end":{"line":4,"column":67}},"3":{"start":{"line":14,"column":2},"end":{"line":22,"column":5}},"4":{"start":{"line":14,"column":89},"end":{"line":22,"column":4}},"5":{"start":{"line":15,"column":4},"end":{"line":21,"column":null}},"6":{"start":{"line":16,"column":22},"end":{"line":16,"column":66}},"7":{"start":{"line":17,"column":6},"end":{"line":17,"column":40}},"8":{"start":{"line":20,"column":6},"end":{"line":20,"column":42}},"9":{"start":{"line":24,"column":2},"end":{"line":32,"column":5}},"10":{"start":{"line":24,"column":97},"end":{"line":32,"column":4}},"11":{"start":{"line":25,"column":4},"end":{"line":31,"column":null}},"12":{"start":{"line":26,"column":22},"end":{"line":26,"column":75}},"13":{"start":{"line":27,"column":6},"end":{"line":27,"column":40}},"14":{"start":{"line":30,"column":6},"end":{"line":30,"column":42}},"15":{"start":{"line":35,"column":2},"end":{"line":43,"column":5}},"16":{"start":{"line":35,"column":61},"end":{"line":43,"column":4}},"17":{"start":{"line":36,"column":4},"end":{"line":42,"column":null}},"18":{"start":{"line":37,"column":22},"end":{"line":37,"column":66}},"19":{"start":{"line":38,"column":6},"end":{"line":38,"column":40}},"20":{"start":{"line":41,"column":6},"end":{"line":41,"column":42}},"21":{"start":{"line":46,"column":2},"end":{"line":54,"column":5}},"22":{"start":{"line":46,"column":62},"end":{"line":54,"column":4}},"23":{"start":{"line":47,"column":4},"end":{"line":53,"column":null}},"24":{"start":{"line":48,"column":22},"end":{"line":48,"column":66}},"25":{"start":{"line":49,"column":6},"end":{"line":49,"column":40}},"26":{"start":{"line":52,"column":6},"end":{"line":52,"column":42}},"27":{"start":{"line":56,"column":2},"end":{"line":64,"column":5}},"28":{"start":{"line":56,"column":70},"end":{"line":64,"column":4}},"29":{"start":{"line":57,"column":4},"end":{"line":63,"column":null}},"30":{"start":{"line":58,"column":22},"end":{"line":58,"column":69}},"31":{"start":{"line":59,"column":6},"end":{"line":59,"column":40}},"32":{"start":{"line":62,"column":6},"end":{"line":62,"column":42}},"33":{"start":{"line":66,"column":2},"end":{"line":74,"column":5}},"34":{"start":{"line":66,"column":73},"end":{"line":74,"column":4}},"35":{"start":{"line":67,"column":4},"end":{"line":73,"column":null}},"36":{"start":{"line":68,"column":22},"end":{"line":68,"column":69}},"37":{"start":{"line":69,"column":6},"end":{"line":69,"column":40}},"38":{"start":{"line":72,"column":6},"end":{"line":72,"column":42}},"39":{"start":{"line":11,"column":0},"end":{"line":11,"column":16}}},"fnMap":{"0":{"name":"AccountsRoutes","decl":{"start":{"line":11,"column":16},"end":{"line":11,"column":30}},"loc":{"start":{"line":11,"column":47},"end":{"line":77,"column":1}}},"1":{"name":"(anonymous_9)","decl":{"start":{"line":14,"column":51},"end":{"line":14,"column":58}},"loc":{"start":{"line":14,"column":89},"end":{"line":22,"column":4}}},"2":{"name":"(anonymous_10)","decl":{"start":{"line":14,"column":89},"end":{"line":14,"column":null}},"loc":{"start":{"line":14,"column":89},"end":{"line":22,"column":3}}},"3":{"name":"(anonymous_11)","decl":{"start":{"line":24,"column":59},"end":{"line":24,"column":66}},"loc":{"start":{"line":24,"column":97},"end":{"line":32,"column":4}}},"4":{"name":"(anonymous_12)","decl":{"start":{"line":24,"column":97},"end":{"line":24,"column":null}},"loc":{"start":{"line":24,"column":97},"end":{"line":32,"column":3}}},"5":{"name":"(anonymous_13)","decl":{"start":{"line":35,"column":23},"end":{"line":35,"column":30}},"loc":{"start":{"line":35,"column":61},"end":{"line":43,"column":4}}},"6":{"name":"(anonymous_14)","decl":{"start":{"line":35,"column":61},"end":{"line":35,"column":null}},"loc":{"start":{"line":35,"column":61},"end":{"line":43,"column":3}}},"7":{"name":"(anonymous_15)","decl":{"start":{"line":46,"column":24},"end":{"line":46,"column":31}},"loc":{"start":{"line":46,"column":62},"end":{"line":54,"column":4}}},"8":{"name":"(anonymous_16)","decl":{"start":{"line":46,"column":62},"end":{"line":46,"column":null}},"loc":{"start":{"line":46,"column":62},"end":{"line":54,"column":3}}},"9":{"name":"(anonymous_17)","decl":{"start":{"line":56,"column":32},"end":{"line":56,"column":39}},"loc":{"start":{"line":56,"column":70},"end":{"line":64,"column":4}}},"10":{"name":"(anonymous_18)","decl":{"start":{"line":56,"column":70},"end":{"line":56,"column":null}},"loc":{"start":{"line":56,"column":70},"end":{"line":64,"column":3}}},"11":{"name":"(anonymous_19)","decl":{"start":{"line":66,"column":35},"end":{"line":66,"column":42}},"loc":{"start":{"line":66,"column":73},"end":{"line":74,"column":4}}},"12":{"name":"(anonymous_20)","decl":{"start":{"line":66,"column":73},"end":{"line":66,"column":null}},"loc":{"start":{"line":66,"column":73},"end":{"line":74,"column":3}}}},"branchMap":{},"s":{"0":1,"1":1,"2":1,"3":2,"4":0,"5":0,"6":0,"7":0,"8":0,"9":2,"10":0,"11":0,"12":0,"13":0,"14":0,"15":2,"16":0,"17":0,"18":0,"19":0,"20":0,"21":2,"22":0,"23":0,"24":0,"25":0,"26":0,"27":2,"28":0,"29":0,"30":0,"31":0,"32":0,"33":2,"34":0,"35":0,"36":0,"37":0,"38":0,"39":1},"f":{"0":2,"1":0,"2":0,"3":0,"4":0,"5":0,"6":0,"7":0,"8":0,"9":0,"10":0,"11":0,"12":0},"b":{}}
,"/Users/willdiaz/Documents/GitHub/swiftly_nodejs_scaffolding/src/routes/index.routes.loader.ts": {"path":"/Users/willdiaz/Documents/GitHub/swiftly_nodejs_scaffolding/src/routes/index.routes.loader.ts","statementMap":{"0":{"start":{"line":2,"column":0},"end":{"line":2,"column":51}},"1":{"start":{"line":16,"column":4},"end":{"line":16,"column":24}},"2":{"start":{"line":8,"column":0},"end":{"line":8,"column":13}}},"fnMap":{"0":{"name":"(anonymous_0)","decl":{"start":{"line":15,"column":9},"end":{"line":15,"column":13}},"loc":{"start":{"line":15,"column":30},"end":{"line":17,"column":3}}}},"branchMap":{},"s":{"0":1,"1":2,"2":1},"f":{"0":2},"b":{}}
,"/Users/willdiaz/Documents/GitHub/swiftly_nodejs_scaffolding/src/tests/unit/artifacts/processs.unit.test.specs.ts": {"path":"/Users/willdiaz/Documents/GitHub/swiftly_nodejs_scaffolding/src/tests/unit/artifacts/processs.unit.test.specs.ts","statementMap":{"0":{"start":{"line":1,"column":0},"end":{"line":1,"column":33}},"1":{"start":{"line":2,"column":0},"end":{"line":2,"column":26}},"2":{"start":{"line":4,"column":16},"end":{"line":4,"column":37}},"3":{"start":{"line":11,"column":0},"end":{"line":22,"column":3}},"4":{"start":{"line":11,"column":25},"end":{"line":22,"column":2}},"5":{"start":{"line":13,"column":4},"end":{"line":20,"column":null}},"6":{"start":{"line":14,"column":8},"end":{"line":14,"column":29}},"7":{"start":{"line":15,"column":8},"end":{"line":15,"column":15}},"8":{"start":{"line":18,"column":8},"end":{"line":18,"column":26}},"9":{"start":{"line":19,"column":8},"end":{"line":19,"column":15}},"10":{"start":{"line":28,"column":0},"end":{"line":38,"column":3}},"11":{"start":{"line":29,"column":4},"end":{"line":37,"column":7}},"12":{"start":{"line":29,"column":45},"end":{"line":37,"column":6}},"13":{"start":{"line":31,"column":20},"end":{"line":31,"column":31}},"14":{"start":{"line":32,"column":8},"end":{"line":32,"column":45}},"15":{"start":{"line":33,"column":8},"end":{"line":33,"column":69}},"16":{"start":{"line":34,"column":8},"end":{"line":34,"column":37}},"17":{"start":{"line":35,"column":8},"end":{"line":35,"column":15}},"18":{"start":{"line":45,"column":0},"end":{"line":56,"column":3}},"19":{"start":{"line":46,"column":4},"end":{"line":55,"column":7}},"20":{"start":{"line":46,"column":45},"end":{"line":55,"column":6}},"21":{"start":{"line":48,"column":20},"end":{"line":48,"column":31}},"22":{"start":{"line":49,"column":8},"end":{"line":49,"column":46}},"23":{"start":{"line":50,"column":8},"end":{"line":50,"column":77}},"24":{"start":{"line":51,"column":8},"end":{"line":51,"column":37}},"25":{"start":{"line":53,"column":8},"end":{"line":53,"column":15}},"26":{"start":{"line":62,"column":0},"end":{"line":73,"column":3}},"27":{"start":{"line":63,"column":4},"end":{"line":72,"column":7}},"28":{"start":{"line":63,"column":45},"end":{"line":72,"column":6}},"29":{"start":{"line":65,"column":20},"end":{"line":65,"column":31}},"30":{"start":{"line":66,"column":8},"end":{"line":66,"column":34}},"31":{"start":{"line":67,"column":8},"end":{"line":67,"column":31}},"32":{"start":{"line":68,"column":8},"end":{"line":68,"column":37}},"33":{"start":{"line":70,"column":8},"end":{"line":70,"column":15}},"34":{"start":{"line":80,"column":0},"end":{"line":92,"column":3}},"35":{"start":{"line":81,"column":4},"end":{"line":91,"column":7}},"36":{"start":{"line":81,"column":45},"end":{"line":91,"column":6}},"37":{"start":{"line":83,"column":20},"end":{"line":83,"column":31}},"38":{"start":{"line":85,"column":8},"end":{"line":85,"column":35}},"39":{"start":{"line":86,"column":8},"end":{"line":86,"column":32}},"40":{"start":{"line":87,"column":8},"end":{"line":87,"column":37}},"41":{"start":{"line":89,"column":8},"end":{"line":89,"column":15}},"42":{"start":{"line":98,"column":0},"end":{"line":100,"column":3}},"43":{"start":{"line":99,"column":4},"end":{"line":99,"column":20}}},"fnMap":{"0":{"name":"(anonymous_8)","decl":{"start":{"line":11,"column":10},"end":{"line":11,"column":17}},"loc":{"start":{"line":11,"column":25},"end":{"line":22,"column":2}}},"1":{"name":"(anonymous_9)","decl":{"start":{"line":11,"column":25},"end":{"line":11,"column":null}},"loc":{"start":{"line":11,"column":25},"end":{"line":22,"column":1}}},"2":{"name":"(anonymous_10)","decl":{"start":{"line":28,"column":35},"end":{"line":28,"column":38}},"loc":{"start":{"line":28,"column":40},"end":{"line":38,"column":1}}},"3":{"name":"(anonymous_11)","decl":{"start":{"line":29,"column":30},"end":{"line":29,"column":37}},"loc":{"start":{"line":29,"column":45},"end":{"line":37,"column":6}}},"4":{"name":"(anonymous_12)","decl":{"start":{"line":29,"column":45},"end":{"line":29,"column":null}},"loc":{"start":{"line":29,"column":45},"end":{"line":37,"column":5}}},"5":{"name":"(anonymous_13)","decl":{"start":{"line":45,"column":36},"end":{"line":45,"column":39}},"loc":{"start":{"line":45,"column":41},"end":{"line":56,"column":1}}},"6":{"name":"(anonymous_14)","decl":{"start":{"line":46,"column":30},"end":{"line":46,"column":37}},"loc":{"start":{"line":46,"column":45},"end":{"line":55,"column":6}}},"7":{"name":"(anonymous_15)","decl":{"start":{"line":46,"column":45},"end":{"line":46,"column":null}},"loc":{"start":{"line":46,"column":45},"end":{"line":55,"column":5}}},"8":{"name":"(anonymous_16)","decl":{"start":{"line":50,"column":65},"end":{"line":50,"column":68}},"loc":{"start":{"line":50,"column":70},"end":{"line":50,"column":74}}},"9":{"name":"(anonymous_17)","decl":{"start":{"line":62,"column":24},"end":{"line":62,"column":27}},"loc":{"start":{"line":62,"column":29},"end":{"line":73,"column":1}}},"10":{"name":"(anonymous_18)","decl":{"start":{"line":63,"column":30},"end":{"line":63,"column":37}},"loc":{"start":{"line":63,"column":45},"end":{"line":72,"column":6}}},"11":{"name":"(anonymous_19)","decl":{"start":{"line":63,"column":45},"end":{"line":63,"column":null}},"loc":{"start":{"line":63,"column":45},"end":{"line":72,"column":5}}},"12":{"name":"(anonymous_20)","decl":{"start":{"line":80,"column":25},"end":{"line":80,"column":28}},"loc":{"start":{"line":80,"column":30},"end":{"line":92,"column":1}}},"13":{"name":"(anonymous_21)","decl":{"start":{"line":81,"column":30},"end":{"line":81,"column":37}},"loc":{"start":{"line":81,"column":45},"end":{"line":91,"column":6}}},"14":{"name":"(anonymous_22)","decl":{"start":{"line":81,"column":45},"end":{"line":81,"column":null}},"loc":{"start":{"line":81,"column":45},"end":{"line":91,"column":5}}},"15":{"name":"(anonymous_23)","decl":{"start":{"line":98,"column":10},"end":{"line":98,"column":13}},"loc":{"start":{"line":98,"column":15},"end":{"line":100,"column":1}}}},"branchMap":{},"s":{"0":0,"1":0,"2":0,"3":0,"4":0,"5":0,"6":0,"7":0,"8":0,"9":0,"10":0,"11":0,"12":0,"13":0,"14":0,"15":0,"16":0,"17":0,"18":0,"19":0,"20":0,"21":0,"22":0,"23":0,"24":0,"25":0,"26":0,"27":0,"28":0,"29":0,"30":0,"31":0,"32":0,"33":0,"34":0,"35":0,"36":0,"37":0,"38":0,"39":0,"40":0,"41":0,"42":0,"43":0},"f":{"0":0,"1":0,"2":0,"3":0,"4":0,"5":0,"6":0,"7":0,"8":0,"9":0,"10":0,"11":0,"12":0,"13":0,"14":0,"15":0},"b":{}}
,"/Users/willdiaz/Documents/GitHub/swiftly_nodejs_scaffolding/src/tests/unit/components/accounts.unit.test.specs.ts": {"path":"/Users/willdiaz/Documents/GitHub/swiftly_nodejs_scaffolding/src/tests/unit/components/accounts.unit.test.specs.ts","statementMap":{"0":{"start":{"line":1,"column":0},"end":{"line":1,"column":72}},"1":{"start":{"line":2,"column":0},"end":{"line":2,"column":80}},"2":{"start":{"line":3,"column":0},"end":{"line":3,"column":74}},"3":{"start":{"line":4,"column":0},"end":{"line":4,"column":40}},"4":{"start":{"line":5,"column":0},"end":{"line":5,"column":30}},"5":{"start":{"line":19,"column":0},"end":{"line":27,"column":3}},"6":{"start":{"line":19,"column":25},"end":{"line":27,"column":2}},"7":{"start":{"line":20,"column":4},"end":{"line":26,"column":null}},"8":{"start":{"line":21,"column":8},"end":{"line":21,"column":52}},"9":{"start":{"line":22,"column":8},"end":{"line":22,"column":15}},"10":{"start":{"line":25,"column":8},"end":{"line":25,"column":15}},"11":{"start":{"line":38,"column":0},"end":{"line":62,"column":3}},"12":{"start":{"line":39,"column":4},"end":{"line":61,"column":7}},"13":{"start":{"line":39,"column":46},"end":{"line":61,"column":6}},"14":{"start":{"line":40,"column":8},"end":{"line":46,"column":11}},"15":{"start":{"line":48,"column":8},"end":{"line":48,"column":59}},"16":{"start":{"line":49,"column":8},"end":{"line":49,"column":81}},"17":{"start":{"line":51,"column":8},"end":{"line":57,"column":null}},"18":{"start":{"line":52,"column":33},"end":{"line":52,"column":79}},"19":{"start":{"line":53,"column":12},"end":{"line":53,"column":57}},"20":{"start":{"line":56,"column":12},"end":{"line":56,"column":54}},"21":{"start":{"line":59,"column":8},"end":{"line":59,"column":15}},"22":{"start":{"line":74,"column":0},"end":{"line":95,"column":3}},"23":{"start":{"line":75,"column":4},"end":{"line":94,"column":7}},"24":{"start":{"line":75,"column":48},"end":{"line":94,"column":6}},"25":{"start":{"line":76,"column":8},"end":{"line":79,"column":11}},"26":{"start":{"line":81,"column":8},"end":{"line":81,"column":59}},"27":{"start":{"line":82,"column":8},"end":{"line":82,"column":96}},"28":{"start":{"line":84,"column":8},"end":{"line":90,"column":null}},"29":{"start":{"line":85,"column":33},"end":{"line":85,"column":79}},"30":{"start":{"line":86,"column":12},"end":{"line":86,"column":57}},"31":{"start":{"line":89,"column":12},"end":{"line":89,"column":54}},"32":{"start":{"line":92,"column":8},"end":{"line":92,"column":15}},"33":{"start":{"line":109,"column":0},"end":{"line":130,"column":3}},"34":{"start":{"line":110,"column":4},"end":{"line":129,"column":7}},"35":{"start":{"line":110,"column":46},"end":{"line":129,"column":6}},"36":{"start":{"line":111,"column":8},"end":{"line":111,"column":52}},"37":{"start":{"line":112,"column":8},"end":{"line":115,"column":10}},"38":{"start":{"line":116,"column":8},"end":{"line":116,"column":59}},"39":{"start":{"line":117,"column":8},"end":{"line":117,"column":81}},"40":{"start":{"line":119,"column":8},"end":{"line":125,"column":null}},"41":{"start":{"line":120,"column":33},"end":{"line":120,"column":79}},"42":{"start":{"line":121,"column":12},"end":{"line":121,"column":57}},"43":{"start":{"line":124,"column":12},"end":{"line":124,"column":54}},"44":{"start":{"line":127,"column":8},"end":{"line":127,"column":15}},"45":{"start":{"line":142,"column":0},"end":{"line":160,"column":3}},"46":{"start":{"line":143,"column":4},"end":{"line":159,"column":7}},"47":{"start":{"line":143,"column":48},"end":{"line":159,"column":6}},"48":{"start":{"line":144,"column":8},"end":{"line":144,"column":52}},"49":{"start":{"line":145,"column":8},"end":{"line":145,"column":59}},"50":{"start":{"line":146,"column":8},"end":{"line":146,"column":110}},"51":{"start":{"line":148,"column":8},"end":{"line":155,"column":null}},"52":{"start":{"line":149,"column":33},"end":{"line":149,"column":79}},"53":{"start":{"line":150,"column":12},"end":{"line":150,"column":57}},"54":{"start":{"line":154,"column":12},"end":{"line":154,"column":54}},"55":{"start":{"line":157,"column":8},"end":{"line":157,"column":15}},"56":{"start":{"line":172,"column":0},"end":{"line":193,"column":3}},"57":{"start":{"line":173,"column":4},"end":{"line":192,"column":7}},"58":{"start":{"line":173,"column":46},"end":{"line":192,"column":6}},"59":{"start":{"line":174,"column":8},"end":{"line":174,"column":52}},"60":{"start":{"line":175,"column":8},"end":{"line":178,"column":10}},"61":{"start":{"line":179,"column":8},"end":{"line":179,"column":59}},"62":{"start":{"line":180,"column":8},"end":{"line":180,"column":81}},"63":{"start":{"line":182,"column":8},"end":{"line":188,"column":null}},"64":{"start":{"line":183,"column":33},"end":{"line":183,"column":82}},"65":{"start":{"line":184,"column":12},"end":{"line":184,"column":57}},"66":{"start":{"line":187,"column":13},"end":{"line":187,"column":55}},"67":{"start":{"line":190,"column":8},"end":{"line":190,"column":15}},"68":{"start":{"line":205,"column":0},"end":{"line":223,"column":3}},"69":{"start":{"line":206,"column":4},"end":{"line":222,"column":7}},"70":{"start":{"line":206,"column":48},"end":{"line":222,"column":6}},"71":{"start":{"line":207,"column":8},"end":{"line":207,"column":52}},"72":{"start":{"line":208,"column":8},"end":{"line":208,"column":59}},"73":{"start":{"line":209,"column":8},"end":{"line":209,"column":110}},"74":{"start":{"line":211,"column":8},"end":{"line":218,"column":null}},"75":{"start":{"line":212,"column":33},"end":{"line":212,"column":82}},"76":{"start":{"line":213,"column":12},"end":{"line":213,"column":57}},"77":{"start":{"line":217,"column":12},"end":{"line":217,"column":54}},"78":{"start":{"line":220,"column":8},"end":{"line":220,"column":15}},"79":{"start":{"line":235,"column":0},"end":{"line":253,"column":3}},"80":{"start":{"line":236,"column":4},"end":{"line":252,"column":7}},"81":{"start":{"line":236,"column":46},"end":{"line":252,"column":6}},"82":{"start":{"line":237,"column":8},"end":{"line":237,"column":52}},"83":{"start":{"line":238,"column":8},"end":{"line":241,"column":10}},"84":{"start":{"line":242,"column":8},"end":{"line":242,"column":59}},"85":{"start":{"line":243,"column":8},"end":{"line":243,"column":81}},"86":{"start":{"line":244,"column":8},"end":{"line":250,"column":null}},"87":{"start":{"line":245,"column":33},"end":{"line":245,"column":82}},"88":{"start":{"line":246,"column":12},"end":{"line":246,"column":57}},"89":{"start":{"line":249,"column":13},"end":{"line":249,"column":55}},"90":{"start":{"line":251,"column":8},"end":{"line":251,"column":15}},"91":{"start":{"line":265,"column":0},"end":{"line":283,"column":3}},"92":{"start":{"line":266,"column":4},"end":{"line":282,"column":7}},"93":{"start":{"line":266,"column":48},"end":{"line":282,"column":6}},"94":{"start":{"line":267,"column":8},"end":{"line":267,"column":52}},"95":{"start":{"line":268,"column":8},"end":{"line":268,"column":59}},"96":{"start":{"line":269,"column":8},"end":{"line":269,"column":110}},"97":{"start":{"line":271,"column":8},"end":{"line":278,"column":null}},"98":{"start":{"line":272,"column":33},"end":{"line":272,"column":82}},"99":{"start":{"line":273,"column":12},"end":{"line":273,"column":57}},"100":{"start":{"line":277,"column":12},"end":{"line":277,"column":54}},"101":{"start":{"line":280,"column":8},"end":{"line":280,"column":15}},"102":{"start":{"line":296,"column":0},"end":{"line":313,"column":3}},"103":{"start":{"line":297,"column":4},"end":{"line":312,"column":7}},"104":{"start":{"line":297,"column":46},"end":{"line":312,"column":6}},"105":{"start":{"line":298,"column":8},"end":{"line":298,"column":52}},"106":{"start":{"line":299,"column":8},"end":{"line":301,"column":10}},"107":{"start":{"line":302,"column":8},"end":{"line":302,"column":59}},"108":{"start":{"line":303,"column":8},"end":{"line":303,"column":81}},"109":{"start":{"line":304,"column":8},"end":{"line":310,"column":null}},"110":{"start":{"line":305,"column":33},"end":{"line":305,"column":88}},"111":{"start":{"line":306,"column":12},"end":{"line":306,"column":57}},"112":{"start":{"line":309,"column":13},"end":{"line":309,"column":55}},"113":{"start":{"line":311,"column":8},"end":{"line":311,"column":15}},"114":{"start":{"line":325,"column":0},"end":{"line":343,"column":3}},"115":{"start":{"line":326,"column":4},"end":{"line":342,"column":7}},"116":{"start":{"line":326,"column":48},"end":{"line":342,"column":6}},"117":{"start":{"line":327,"column":8},"end":{"line":327,"column":52}},"118":{"start":{"line":328,"column":8},"end":{"line":328,"column":59}},"119":{"start":{"line":329,"column":8},"end":{"line":329,"column":92}},"120":{"start":{"line":331,"column":8},"end":{"line":338,"column":null}},"121":{"start":{"line":332,"column":33},"end":{"line":332,"column":88}},"122":{"start":{"line":333,"column":12},"end":{"line":333,"column":57}},"123":{"start":{"line":337,"column":12},"end":{"line":337,"column":54}},"124":{"start":{"line":340,"column":8},"end":{"line":340,"column":15}}},"fnMap":{"0":{"name":"(anonymous_9)","decl":{"start":{"line":19,"column":10},"end":{"line":19,"column":17}},"loc":{"start":{"line":19,"column":25},"end":{"line":27,"column":2}}},"1":{"name":"(anonymous_10)","decl":{"start":{"line":19,"column":25},"end":{"line":19,"column":null}},"loc":{"start":{"line":19,"column":25},"end":{"line":27,"column":1}}},"2":{"name":"(anonymous_11)","decl":{"start":{"line":38,"column":63},"end":{"line":38,"column":66}},"loc":{"start":{"line":38,"column":68},"end":{"line":62,"column":1}}},"3":{"name":"(anonymous_12)","decl":{"start":{"line":39,"column":31},"end":{"line":39,"column":38}},"loc":{"start":{"line":39,"column":46},"end":{"line":61,"column":6}}},"4":{"name":"(anonymous_13)","decl":{"start":{"line":39,"column":46},"end":{"line":39,"column":null}},"loc":{"start":{"line":39,"column":46},"end":{"line":61,"column":5}}},"5":{"name":"(anonymous_14)","decl":{"start":{"line":74,"column":60},"end":{"line":74,"column":63}},"loc":{"start":{"line":74,"column":65},"end":{"line":95,"column":1}}},"6":{"name":"(anonymous_15)","decl":{"start":{"line":75,"column":33},"end":{"line":75,"column":40}},"loc":{"start":{"line":75,"column":48},"end":{"line":94,"column":6}}},"7":{"name":"(anonymous_16)","decl":{"start":{"line":75,"column":48},"end":{"line":75,"column":null}},"loc":{"start":{"line":75,"column":48},"end":{"line":94,"column":5}}},"8":{"name":"(anonymous_17)","decl":{"start":{"line":109,"column":66},"end":{"line":109,"column":null}},"loc":{"start":{"line":109,"column":66},"end":{"line":130,"column":1}}},"9":{"name":"(anonymous_18)","decl":{"start":{"line":110,"column":31},"end":{"line":110,"column":38}},"loc":{"start":{"line":110,"column":46},"end":{"line":129,"column":6}}},"10":{"name":"(anonymous_19)","decl":{"start":{"line":110,"column":46},"end":{"line":110,"column":null}},"loc":{"start":{"line":110,"column":46},"end":{"line":129,"column":5}}},"11":{"name":"(anonymous_20)","decl":{"start":{"line":142,"column":63},"end":{"line":142,"column":66}},"loc":{"start":{"line":142,"column":68},"end":{"line":160,"column":1}}},"12":{"name":"(anonymous_21)","decl":{"start":{"line":143,"column":33},"end":{"line":143,"column":40}},"loc":{"start":{"line":143,"column":48},"end":{"line":159,"column":6}}},"13":{"name":"(anonymous_22)","decl":{"start":{"line":143,"column":48},"end":{"line":143,"column":null}},"loc":{"start":{"line":143,"column":48},"end":{"line":159,"column":5}}},"14":{"name":"(anonymous_23)","decl":{"start":{"line":172,"column":65},"end":{"line":172,"column":null}},"loc":{"start":{"line":172,"column":65},"end":{"line":193,"column":1}}},"15":{"name":"(anonymous_24)","decl":{"start":{"line":173,"column":31},"end":{"line":173,"column":38}},"loc":{"start":{"line":173,"column":46},"end":{"line":192,"column":6}}},"16":{"name":"(anonymous_25)","decl":{"start":{"line":173,"column":46},"end":{"line":173,"column":null}},"loc":{"start":{"line":173,"column":46},"end":{"line":192,"column":5}}},"17":{"name":"(anonymous_26)","decl":{"start":{"line":205,"column":62},"end":{"line":205,"column":65}},"loc":{"start":{"line":205,"column":67},"end":{"line":223,"column":1}}},"18":{"name":"(anonymous_27)","decl":{"start":{"line":206,"column":33},"end":{"line":206,"column":40}},"loc":{"start":{"line":206,"column":48},"end":{"line":222,"column":6}}},"19":{"name":"(anonymous_28)","decl":{"start":{"line":206,"column":48},"end":{"line":206,"column":null}},"loc":{"start":{"line":206,"column":48},"end":{"line":222,"column":5}}},"20":{"name":"(anonymous_29)","decl":{"start":{"line":235,"column":65},"end":{"line":235,"column":null}},"loc":{"start":{"line":235,"column":65},"end":{"line":253,"column":1}}},"21":{"name":"(anonymous_30)","decl":{"start":{"line":236,"column":31},"end":{"line":236,"column":38}},"loc":{"start":{"line":236,"column":46},"end":{"line":252,"column":6}}},"22":{"name":"(anonymous_31)","decl":{"start":{"line":236,"column":46},"end":{"line":236,"column":null}},"loc":{"start":{"line":236,"column":46},"end":{"line":252,"column":5}}},"23":{"name":"(anonymous_32)","decl":{"start":{"line":265,"column":62},"end":{"line":265,"column":65}},"loc":{"start":{"line":265,"column":67},"end":{"line":283,"column":1}}},"24":{"name":"(anonymous_33)","decl":{"start":{"line":266,"column":33},"end":{"line":266,"column":40}},"loc":{"start":{"line":266,"column":48},"end":{"line":282,"column":6}}},"25":{"name":"(anonymous_34)","decl":{"start":{"line":266,"column":48},"end":{"line":266,"column":null}},"loc":{"start":{"line":266,"column":48},"end":{"line":282,"column":5}}},"26":{"name":"(anonymous_35)","decl":{"start":{"line":296,"column":65},"end":{"line":296,"column":null}},"loc":{"start":{"line":296,"column":65},"end":{"line":313,"column":1}}},"27":{"name":"(anonymous_36)","decl":{"start":{"line":297,"column":31},"end":{"line":297,"column":38}},"loc":{"start":{"line":297,"column":46},"end":{"line":312,"column":6}}},"28":{"name":"(anonymous_37)","decl":{"start":{"line":297,"column":46},"end":{"line":297,"column":null}},"loc":{"start":{"line":297,"column":46},"end":{"line":312,"column":5}}},"29":{"name":"(anonymous_38)","decl":{"start":{"line":325,"column":62},"end":{"line":325,"column":65}},"loc":{"start":{"line":325,"column":67},"end":{"line":343,"column":1}}},"30":{"name":"(anonymous_39)","decl":{"start":{"line":326,"column":33},"end":{"line":326,"column":40}},"loc":{"start":{"line":326,"column":48},"end":{"line":342,"column":6}}},"31":{"name":"(anonymous_40)","decl":{"start":{"line":326,"column":48},"end":{"line":326,"column":null}},"loc":{"start":{"line":326,"column":48},"end":{"line":342,"column":5}}}},"branchMap":{},"s":{"0":0,"1":0,"2":0,"3":0,"4":0,"5":0,"6":0,"7":0,"8":0,"9":0,"10":0,"11":0,"12":0,"13":0,"14":0,"15":0,"16":0,"17":0,"18":0,"19":0,"20":0,"21":0,"22":0,"23":0,"24":0,"25":0,"26":0,"27":0,"28":0,"29":0,"30":0,"31":0,"32":0,"33":0,"34":0,"35":0,"36":0,"37":0,"38":0,"39":0,"40":0,"41":0,"42":0,"43":0,"44":0,"45":0,"46":0,"47":0,"48":0,"49":0,"50":0,"51":0,"52":0,"53":0,"54":0,"55":0,"56":0,"57":0,"58":0,"59":0,"60":0,"61":0,"62":0,"63":0,"64":0,"65":0,"66":0,"67":0,"68":0,"69":0,"70":0,"71":0,"72":0,"73":0,"74":0,"75":0,"76":0,"77":0,"78":0,"79":0,"80":0,"81":0,"82":0,"83":0,"84":0,"85":0,"86":0,"87":0,"88":0,"89":0,"90":0,"91":0,"92":0,"93":0,"94":0,"95":0,"96":0,"97":0,"98":0,"99":0,"100":0,"101":0,"102":0,"103":0,"104":0,"105":0,"106":0,"107":0,"108":0,"109":0,"110":0,"111":0,"112":0,"113":0,"114":0,"115":0,"116":0,"117":0,"118":0,"119":0,"120":0,"121":0,"122":0,"123":0,"124":0},"f":{"0":0,"1":0,"2":0,"3":0,"4":0,"5":0,"6":0,"7":0,"8":0,"9":0,"10":0,"11":0,"12":0,"13":0,"14":0,"15":0,"16":0,"17":0,"18":0,"19":0,"20":0,"21":0,"22":0,"23":0,"24":0,"25":0,"26":0,"27":0,"28":0,"29":0,"30":0,"31":0},"b":{}}
,"/Users/willdiaz/Documents/GitHub/swiftly_nodejs_scaffolding/src/util/hash.generator.util.ts": {"path":"/Users/willdiaz/Documents/GitHub/swiftly_nodejs_scaffolding/src/util/hash.generator.util.ts","statementMap":{"0":{"start":{"line":1,"column":0},"end":{"line":1,"column":28}},"1":{"start":{"line":2,"column":0},"end":{"line":2,"column":null}},"2":{"start":{"line":10,"column":4},"end":{"line":19,"column":null}},"3":{"start":{"line":13,"column":6},"end":{"line":13,"column":120}},"4":{"start":{"line":14,"column":6},"end":{"line":14,"column":37}},"5":{"start":{"line":15,"column":6},"end":{"line":15,"column":19}},"6":{"start":{"line":18,"column":6},"end":{"line":18,"column":21}},"7":{"start":{"line":9,"column":18},"end":{"line":20,"column":null}},"8":{"start":{"line":22,"column":4},"end":{"line":29,"column":null}},"9":{"start":{"line":25,"column":6},"end":{"line":25,"column":126}},"10":{"start":{"line":28,"column":6},"end":{"line":28,"column":21}},"11":{"start":{"line":21,"column":18},"end":{"line":30,"column":null}}},"fnMap":{"0":{"name":"(anonymous_1)","decl":{"start":{"line":2,"column":0},"end":{"line":2,"column":17}},"loc":{"start":{"line":2,"column":30},"end":{"line":31,"column":1}}},"1":{"name":"injectHash","decl":{"start":{"line":9,"column":18},"end":{"line":9,"column":28}},"loc":{"start":{"line":9,"column":39},"end":{"line":20,"column":3}}},"2":{"name":"getUniqueHash","decl":{"start":{"line":21,"column":18},"end":{"line":21,"column":31}},"loc":{"start":{"line":21,"column":47},"end":{"line":30,"column":3}}}},"branchMap":{"0":{"loc":{"start":{"line":25,"column":73},"end":{"line":25,"column":79}},"type":"binary-expr","locations":[{"start":{"line":25,"column":73},"end":{"line":25,"column":79}},{"start":{"line":25,"column":83},"end":{"line":25,"column":85}}]},"1":{"loc":{"start":{"line":2,"column":17},"end":{"line":2,"column":30}},"type":"binary-expr","locations":[{"start":{"line":2,"column":17},"end":{"line":2,"column":30}},{"start":{"line":2,"column":17},"end":{"line":2,"column":null}}]}},"s":{"0":1,"1":1,"2":0,"3":0,"4":0,"5":0,"6":0,"7":1,"8":0,"9":0,"10":0,"11":1},"f":{"0":1,"1":0,"2":0},"b":{"0":[0,0],"1":[1,1]}}
,"/Users/willdiaz/Documents/GitHub/swiftly_nodejs_scaffolding/src/util/logger.util.ts": {"path":"/Users/willdiaz/Documents/GitHub/swiftly_nodejs_scaffolding/src/util/logger.util.ts","statementMap":{"0":{"start":{"line":1,"column":0},"end":{"line":1,"column":55}},"1":{"start":{"line":2,"column":0},"end":{"line":2,"column":30}},"2":{"start":{"line":5,"column":15},"end":{"line":22,"column":2}},"3":{"start":{"line":24,"column":22},"end":{"line":24,"column":24}},"4":{"start":{"line":28,"column":0},"end":{"line":28,"column":74}},"5":{"start":{"line":33,"column":0},"end":{"line":38,"column":null}},"6":{"start":{"line":34,"column":4},"end":{"line":34,"column":55}},"7":{"start":{"line":35,"column":4},"end":{"line":37,"column":8}},"8":{"start":{"line":40,"column":0},"end":{"line":40,"column":22}}},"fnMap":{},"branchMap":{"0":{"loc":{"start":{"line":33,"column":0},"end":{"line":38,"column":null}},"type":"if","locations":[{"start":{"line":33,"column":0},"end":{"line":38,"column":null}},{"start":{"line":33,"column":0},"end":{"line":38,"column":null}}]}},"s":{"0":1,"1":1,"2":1,"3":1,"4":1,"5":1,"6":1,"7":1,"8":1},"f":{},"b":{"0":[1,0]}}
,"/Users/willdiaz/Documents/GitHub/swiftly_nodejs_scaffolding/src/util/restful.response.util.ts": {"path":"/Users/willdiaz/Documents/GitHub/swiftly_nodejs_scaffolding/src/util/restful.response.util.ts","statementMap":{"0":{"start":{"line":2,"column":0},"end":{"line":2,"column":41}},"1":{"start":{"line":4,"column":2},"end":{"line":10,"column":5}},"2":{"start":{"line":3,"column":0},"end":{"line":3,"column":24}},"3":{"start":{"line":16,"column":0},"end":{"line":16,"column":16}},"4":{"start":{"line":22,"column":0},"end":{"line":22,"column":16}},"5":{"start":{"line":28,"column":0},"end":{"line":28,"column":16}},"6":{"start":{"line":44,"column":2},"end":{"line":44,"column":47}},"7":{"start":{"line":45,"column":19},"end":{"line":45,"column":53}},"8":{"start":{"line":46,"column":19},"end":{"line":51,"column":4}},"9":{"start":{"line":52,"column":2},"end":{"line":52,"column":25}},"10":{"start":{"line":53,"column":2},"end":{"line":53,"column":55}},"11":{"start":{"line":40,"column":0},"end":{"line":40,"column":16}}},"fnMap":{"0":{"name":"toJSON","decl":{"start":{"line":3,"column":24},"end":{"line":3,"column":30}},"loc":{"start":{"line":3,"column":68},"end":{"line":11,"column":1}}},"1":{"name":"errorHandler","decl":{"start":{"line":40,"column":16},"end":{"line":40,"column":28}},"loc":{"start":{"line":40,"column":56},"end":{"line":54,"column":1}}}},"branchMap":{"0":{"loc":{"start":{"line":4,"column":21},"end":{"line":4,"column":48}},"type":"binary-expr","locations":[{"start":{"line":4,"column":21},"end":{"line":4,"column":48}},{"start":{"line":4,"column":52},"end":{"line":4,"column":55}}]},"1":{"loc":{"start":{"line":6,"column":18},"end":{"line":6,"column":45}},"type":"binary-expr","locations":[{"start":{"line":6,"column":18},"end":{"line":6,"column":45}},{"start":{"line":6,"column":49},"end":{"line":6,"column":52}}]},"2":{"loc":{"start":{"line":7,"column":14},"end":{"line":7,"column":35}},"type":"binary-expr","locations":[{"start":{"line":7,"column":14},"end":{"line":7,"column":35}},{"start":{"line":7,"column":39},"end":{"line":7,"column":41}}]},"3":{"loc":{"start":{"line":9,"column":14},"end":{"line":9,"column":35}},"type":"binary-expr","locations":[{"start":{"line":9,"column":14},"end":{"line":9,"column":35}},{"start":{"line":9,"column":39},"end":{"line":9,"column":80}}]},"4":{"loc":{"start":{"line":45,"column":30},"end":{"line":45,"column":47}},"type":"cond-expr","locations":[{"start":{"line":45,"column":30},"end":{"line":45,"column":47}},{"start":{"line":45,"column":50},"end":{"line":45,"column":53}}]},"5":{"loc":{"start":{"line":49,"column":14},"end":{"line":49,"column":25}},"type":"binary-expr","locations":[{"start":{"line":49,"column":14},"end":{"line":49,"column":25}},{"start":{"line":49,"column":29},"end":{"line":49,"column":31}}]}},"s":{"0":1,"1":0,"2":1,"3":1,"4":1,"5":1,"6":0,"7":0,"8":0,"9":0,"10":0,"11":1},"f":{"0":0,"1":0},"b":{"0":[0,0],"1":[0,0],"2":[0,0],"3":[0,0],"4":[0,0],"5":[0,0]}}
,"/Users/willdiaz/Documents/GitHub/swiftly_nodejs_scaffolding/src/util/secrets.util.ts": {"path":"/Users/willdiaz/Documents/GitHub/swiftly_nodejs_scaffolding/src/util/secrets.util.ts","statementMap":{"0":{"start":{"line":1,"column":0},"end":{"line":1,"column":28}},"1":{"start":{"line":2,"column":0},"end":{"line":2,"column":20}},"2":{"start":{"line":4,"column":0},"end":{"line":8,"column":null}},"3":{"start":{"line":5,"column":2},"end":{"line":5,"column":36}},"4":{"start":{"line":7,"column":2},"end":{"line":7,"column":40}},"5":{"start":{"line":14,"column":0},"end":{"line":14,"column":40}},"6":{"start":{"line":15,"column":0},"end":{"line":15,"column":21}},"7":{"start":{"line":17,"column":0},"end":{"line":17,"column":40}},"8":{"start":{"line":18,"column":0},"end":{"line":18,"column":21}},"9":{"start":{"line":20,"column":13},"end":{"line":20,"column":48}},"10":{"start":{"line":21,"column":0},"end":{"line":21,"column":24}},"11":{"start":{"line":23,"column":0},"end":{"line":23,"column":46}},"12":{"start":{"line":24,"column":0},"end":{"line":24,"column":27}},"13":{"start":{"line":26,"column":0},"end":{"line":26,"column":46}},"14":{"start":{"line":27,"column":0},"end":{"line":27,"column":27}},"15":{"start":{"line":29,"column":0},"end":{"line":29,"column":46}},"16":{"start":{"line":30,"column":0},"end":{"line":30,"column":27}},"17":{"start":{"line":32,"column":0},"end":{"line":32,"column":41}},"18":{"start":{"line":33,"column":0},"end":{"line":33,"column":22}},"19":{"start":{"line":35,"column":0},"end":{"line":35,"column":47}},"20":{"start":{"line":36,"column":0},"end":{"line":36,"column":28}},"21":{"start":{"line":38,"column":0},"end":{"line":38,"column":47}},"22":{"start":{"line":39,"column":0},"end":{"line":39,"column":28}},"23":{"start":{"line":41,"column":0},"end":{"line":41,"column":56}},"24":{"start":{"line":42,"column":0},"end":{"line":42,"column":37}},"25":{"start":{"line":44,"column":0},"end":{"line":44,"column":51}},"26":{"start":{"line":45,"column":0},"end":{"line":45,"column":32}},"27":{"start":{"line":47,"column":0},"end":{"line":47,"column":58}},"28":{"start":{"line":48,"column":0},"end":{"line":48,"column":39}},"29":{"start":{"line":50,"column":0},"end":{"line":50,"column":40}},"30":{"start":{"line":51,"column":0},"end":{"line":51,"column":21}}},"fnMap":{},"branchMap":{"0":{"loc":{"start":{"line":4,"column":0},"end":{"line":8,"column":null}},"type":"if","locations":[{"start":{"line":4,"column":0},"end":{"line":8,"column":null}},{"start":{"line":4,"column":0},"end":{"line":8,"column":null}}]}},"s":{"0":1,"1":1,"2":1,"3":0,"4":1,"5":1,"6":1,"7":1,"8":1,"9":1,"10":1,"11":1,"12":1,"13":1,"14":1,"15":1,"16":1,"17":1,"18":1,"19":1,"20":1,"21":1,"22":1,"23":1,"24":1,"25":1,"26":1,"27":1,"28":1,"29":1,"30":1},"f":{},"b":{"0":[0,1]}}
}
