{"/Users/willdiaz/Documents/GitHub/swiftly_nodejs_scaffolding/src/app.ts": {"path":"/Users/willdiaz/Documents/GitHub/swiftly_nodejs_scaffolding/src/app.ts","statementMap":{"0":{"start":{"line":1,"column":0},"end":{"line":1,"column":49}},"1":{"start":{"line":2,"column":0},"end":{"line":2,"column":47}},"2":{"start":{"line":5,"column":30},"end":{"line":5,"column":49}},"3":{"start":{"line":6,"column":32},"end":{"line":6,"column":40}},"4":{"start":{"line":7,"column":8},"end":{"line":7,"column":40}},"5":{"start":{"line":8,"column":8},"end":{"line":8,"column":39}},"6":{"start":{"line":9,"column":8},"end":{"line":9,"column":29}},"7":{"start":{"line":12,"column":8},"end":{"line":15,"column":11}},"8":{"start":{"line":13,"column":12},"end":{"line":13,"column":53}},"9":{"start":{"line":14,"column":12},"end":{"line":14,"column":53}},"10":{"start":{"line":16,"column":8},"end":{"line":19,"column":11}},"11":{"start":{"line":17,"column":12},"end":{"line":17,"column":68}},"12":{"start":{"line":18,"column":12},"end":{"line":18,"column":53}},"13":{"start":{"line":20,"column":8},"end":{"line":23,"column":11}},"14":{"start":{"line":21,"column":12},"end":{"line":21,"column":42}},"15":{"start":{"line":22,"column":12},"end":{"line":22,"column":59}},"16":{"start":{"line":24,"column":8},"end":{"line":27,"column":11}},"17":{"start":{"line":25,"column":12},"end":{"line":25,"column":43}},"18":{"start":{"line":26,"column":12},"end":{"line":26,"column":59}},"19":{"start":{"line":31,"column":8},"end":{"line":40,"column":15}},"20":{"start":{"line":32,"column":24},"end":{"line":32,"column":38}},"21":{"start":{"line":34,"column":16},"end":{"line":34,"column":50}},"22":{"start":{"line":35,"column":16},"end":{"line":35,"column":44}},"23":{"start":{"line":38,"column":16},"end":{"line":38,"column":60}},"24":{"start":{"line":39,"column":16},"end":{"line":39,"column":37}},"25":{"start":{"line":3,"column":0},"end":{"line":3,"column":13}}},"fnMap":{"0":{"name":"(anonymous_0)","decl":{"start":{"line":4,"column":11},"end":{"line":4,"column":17}},"loc":{"start":{"line":4,"column":35},"end":{"line":10,"column":5}}},"1":{"name":"(anonymous_1)","decl":{"start":{"line":11,"column":12},"end":{"line":11,"column":18}},"loc":{"start":{"line":11,"column":52},"end":{"line":28,"column":5}}},"2":{"name":"(anonymous_2)","decl":{"start":{"line":12,"column":40},"end":{"line":12,"column":41}},"loc":{"start":{"line":12,"column":55},"end":{"line":15,"column":9}}},"3":{"name":"(anonymous_3)","decl":{"start":{"line":16,"column":41},"end":{"line":16,"column":42}},"loc":{"start":{"line":16,"column":75},"end":{"line":19,"column":9}}},"4":{"name":"(anonymous_4)","decl":{"start":{"line":20,"column":29},"end":{"line":20,"column":32}},"loc":{"start":{"line":20,"column":34},"end":{"line":23,"column":9}}},"5":{"name":"(anonymous_5)","decl":{"start":{"line":24,"column":30},"end":{"line":24,"column":33}},"loc":{"start":{"line":24,"column":35},"end":{"line":27,"column":9}}},"6":{"name":"(anonymous_6)","decl":{"start":{"line":30,"column":12},"end":{"line":30,"column":18}},"loc":{"start":{"line":30,"column":76},"end":{"line":41,"column":5}}},"7":{"name":"(anonymous_7)","decl":{"start":{"line":32,"column":18},"end":{"line":32,"column":21}},"loc":{"start":{"line":32,"column":24},"end":{"line":32,"column":38}}},"8":{"name":"(anonymous_8)","decl":{"start":{"line":33,"column":18},"end":{"line":33,"column":21}},"loc":{"start":{"line":33,"column":23},"end":{"line":36,"column":13}}},"9":{"name":"(anonymous_9)","decl":{"start":{"line":37,"column":19},"end":{"line":37,"column":20}},"loc":{"start":{"line":37,"column":27},"end":{"line":40,"column":13}}}},"branchMap":{},"s":{"0":2,"1":2,"2":2,"3":2,"4":2,"5":2,"6":2,"7":2,"8":1,"9":1,"10":2,"11":1,"12":1,"13":2,"14":1,"15":1,"16":2,"17":1,"18":1,"19":4,"20":4,"21":4,"22":4,"23":0,"24":0,"25":2},"f":{"0":2,"1":2,"2":1,"3":1,"4":1,"5":1,"6":4,"7":4,"8":4,"9":0},"b":{}}
,"/Users/willdiaz/Documents/GitHub/swiftly_nodejs_scaffolding/src/express-server.ts": {"path":"/Users/willdiaz/Documents/GitHub/swiftly_nodejs_scaffolding/src/express-server.ts","statementMap":{"0":{"start":{"line":1,"column":0},"end":{"line":1,"column":50}},"1":{"start":{"line":3,"column":0},"end":{"line":3,"column":65}},"2":{"start":{"line":6,"column":0},"end":{"line":6,"column":30}},"3":{"start":{"line":7,"column":0},"end":{"line":7,"column":38}},"4":{"start":{"line":8,"column":0},"end":{"line":8,"column":38}},"5":{"start":{"line":9,"column":0},"end":{"line":9,"column":26}},"6":{"start":{"line":10,"column":0},"end":{"line":10,"column":49}},"7":{"start":{"line":11,"column":0},"end":{"line":11,"column":37}},"8":{"start":{"line":12,"column":0},"end":{"line":12,"column":43}},"9":{"start":{"line":13,"column":0},"end":{"line":13,"column":68}},"10":{"start":{"line":14,"column":0},"end":{"line":14,"column":51}},"11":{"start":{"line":15,"column":0},"end":{"line":15,"column":43}},"12":{"start":{"line":16,"column":0},"end":{"line":16,"column":24}},"13":{"start":{"line":17,"column":0},"end":{"line":17,"column":26}},"14":{"start":{"line":19,"column":21},"end":{"line":19,"column":64}},"15":{"start":{"line":20,"column":15},"end":{"line":20,"column":55}},"16":{"start":{"line":32,"column":32},"end":{"line":32,"column":41}},"17":{"start":{"line":33,"column":8},"end":{"line":33,"column":34}},"18":{"start":{"line":34,"column":8},"end":{"line":34,"column":35}},"19":{"start":{"line":35,"column":8},"end":{"line":35,"column":46}},"20":{"start":{"line":36,"column":8},"end":{"line":36,"column":46}},"21":{"start":{"line":37,"column":8},"end":{"line":37,"column":46}},"22":{"start":{"line":38,"column":8},"end":{"line":38,"column":36}},"23":{"start":{"line":39,"column":8},"end":{"line":39,"column":33}},"24":{"start":{"line":40,"column":8},"end":{"line":40,"column":39}},"25":{"start":{"line":41,"column":8},"end":{"line":41,"column":52}},"26":{"start":{"line":42,"column":8},"end":{"line":42,"column":22}},"27":{"start":{"line":45,"column":8},"end":{"line":45,"column":33}},"28":{"start":{"line":46,"column":8},"end":{"line":46,"column":96}},"29":{"start":{"line":47,"column":8},"end":{"line":47,"column":96}},"30":{"start":{"line":48,"column":8},"end":{"line":48,"column":106}},"31":{"start":{"line":49,"column":8},"end":{"line":49,"column":96}},"32":{"start":{"line":50,"column":8},"end":{"line":50,"column":96}},"33":{"start":{"line":51,"column":8},"end":{"line":56,"column":null}},"34":{"start":{"line":52,"column":12},"end":{"line":52,"column":100}},"35":{"start":{"line":53,"column":12},"end":{"line":53,"column":100}},"36":{"start":{"line":54,"column":12},"end":{"line":54,"column":104}},"37":{"start":{"line":55,"column":12},"end":{"line":55,"column":100}},"38":{"start":{"line":57,"column":8},"end":{"line":57,"column":35}},"39":{"start":{"line":61,"column":8},"end":{"line":61,"column":null}},"40":{"start":{"line":61,"column":31},"end":{"line":61,"column":55}},"41":{"start":{"line":65,"column":8},"end":{"line":71,"column":11}},"42":{"start":{"line":66,"column":12},"end":{"line":66,"column":54}},"43":{"start":{"line":67,"column":12},"end":{"line":67,"column":59}},"44":{"start":{"line":68,"column":12},"end":{"line":68,"column":137}},"45":{"start":{"line":69,"column":12},"end":{"line":69,"column":97}},"46":{"start":{"line":70,"column":12},"end":{"line":70,"column":26}},"47":{"start":{"line":75,"column":24},"end":{"line":78,"column":10}},"48":{"start":{"line":79,"column":8},"end":{"line":79,"column":28}},"49":{"start":{"line":80,"column":8},"end":{"line":80,"column":36}},"50":{"start":{"line":81,"column":8},"end":{"line":81,"column":52}},"51":{"start":{"line":82,"column":8},"end":{"line":82,"column":47}},"52":{"start":{"line":83,"column":8},"end":{"line":83,"column":46}},"53":{"start":{"line":84,"column":8},"end":{"line":84,"column":36}},"54":{"start":{"line":88,"column":8},"end":{"line":88,"column":37}},"55":{"start":{"line":89,"column":8},"end":{"line":89,"column":38}},"56":{"start":{"line":90,"column":8},"end":{"line":90,"column":34}},"57":{"start":{"line":91,"column":8},"end":{"line":91,"column":38}},"58":{"start":{"line":92,"column":8},"end":{"line":92,"column":64}},"59":{"start":{"line":93,"column":8},"end":{"line":95,"column":11}},"60":{"start":{"line":94,"column":12},"end":{"line":94,"column":19}},"61":{"start":{"line":97,"column":8},"end":{"line":99,"column":null}},"62":{"start":{"line":98,"column":12},"end":{"line":98,"column":136}},"63":{"start":{"line":109,"column":8},"end":{"line":109,"column":36}},"64":{"start":{"line":113,"column":8},"end":{"line":119,"column":11}},"65":{"start":{"line":114,"column":12},"end":{"line":118,"column":15}},"66":{"start":{"line":120,"column":8},"end":{"line":127,"column":11}},"67":{"start":{"line":121,"column":12},"end":{"line":126,"column":15}},"68":{"start":{"line":131,"column":35},"end":{"line":131,"column":58}},"69":{"start":{"line":132,"column":8},"end":{"line":132,"column":40}},"70":{"start":{"line":22,"column":0},"end":{"line":22,"column":13}}},"fnMap":{"0":{"name":"(anonymous_1)","decl":{"start":{"line":31,"column":11},"end":{"line":31,"column":16}},"loc":{"start":{"line":31,"column":30},"end":{"line":43,"column":5}}},"1":{"name":"(anonymous_2)","decl":{"start":{"line":44,"column":11},"end":{"line":44,"column":17}},"loc":{"start":{"line":44,"column":47},"end":{"line":58,"column":5}}},"2":{"name":"(anonymous_3)","decl":{"start":{"line":60,"column":11},"end":{"line":60,"column":15}},"loc":{"start":{"line":60,"column":15},"end":{"line":62,"column":5}}},"3":{"name":"(anonymous_4)","decl":{"start":{"line":64,"column":12},"end":{"line":64,"column":24}},"loc":{"start":{"line":64,"column":40},"end":{"line":72,"column":5}}},"4":{"name":"(anonymous_5)","decl":{"start":{"line":65,"column":19},"end":{"line":65,"column":20}},"loc":{"start":{"line":65,"column":73},"end":{"line":71,"column":9}}},"5":{"name":"(anonymous_6)","decl":{"start":{"line":74,"column":12},"end":{"line":74,"column":36}},"loc":{"start":{"line":74,"column":52},"end":{"line":85,"column":5}}},"6":{"name":"(anonymous_7)","decl":{"start":{"line":87,"column":12},"end":{"line":87,"column":36}},"loc":{"start":{"line":87,"column":52},"end":{"line":100,"column":5}}},"7":{"name":"(anonymous_8)","decl":{"start":{"line":93,"column":39},"end":{"line":93,"column":40}},"loc":{"start":{"line":93,"column":115},"end":{"line":95,"column":9}}},"8":{"name":"(anonymous_9)","decl":{"start":{"line":101,"column":12},"end":{"line":101,"column":25}},"loc":{"start":{"line":101,"column":41},"end":{"line":103,"column":5}}},"9":{"name":"(anonymous_10)","decl":{"start":{"line":104,"column":12},"end":{"line":104,"column":26}},"loc":{"start":{"line":104,"column":42},"end":{"line":106,"column":5}}},"10":{"name":"(anonymous_11)","decl":{"start":{"line":108,"column":12},"end":{"line":108,"column":23}},"loc":{"start":{"line":108,"column":39},"end":{"line":110,"column":5}}},"11":{"name":"(anonymous_12)","decl":{"start":{"line":112,"column":12},"end":{"line":112,"column":29}},"loc":{"start":{"line":112,"column":45},"end":{"line":128,"column":5}}},"12":{"name":"(anonymous_13)","decl":{"start":{"line":113,"column":31},"end":{"line":113,"column":32}},"loc":{"start":{"line":113,"column":79},"end":{"line":119,"column":9}}},"13":{"name":"(anonymous_14)","decl":{"start":{"line":120,"column":26},"end":{"line":120,"column":27}},"loc":{"start":{"line":120,"column":74},"end":{"line":127,"column":9}}},"14":{"name":"(anonymous_15)","decl":{"start":{"line":130,"column":12},"end":{"line":130,"column":36}},"loc":{"start":{"line":130,"column":52},"end":{"line":133,"column":5}}}},"branchMap":{"0":{"loc":{"start":{"line":51,"column":8},"end":{"line":56,"column":null}},"type":"if","locations":[{"start":{"line":51,"column":8},"end":{"line":56,"column":null}},{"start":{"line":51,"column":8},"end":{"line":56,"column":null}}]},"1":{"loc":{"start":{"line":51,"column":12},"end":{"line":51,"column":33}},"type":"binary-expr","locations":[{"start":{"line":51,"column":12},"end":{"line":51,"column":33}},{"start":{"line":51,"column":37},"end":{"line":51,"column":59}}]},"2":{"loc":{"start":{"line":61,"column":8},"end":{"line":61,"column":null}},"type":"if","locations":[{"start":{"line":61,"column":8},"end":{"line":61,"column":null}},{"start":{"line":61,"column":8},"end":{"line":61,"column":null}}]},"3":{"loc":{"start":{"line":97,"column":8},"end":{"line":99,"column":null}},"type":"if","locations":[{"start":{"line":97,"column":8},"end":{"line":99,"column":null}},{"start":{"line":97,"column":8},"end":{"line":99,"column":null}}]},"4":{"loc":{"start":{"line":97,"column":12},"end":{"line":97,"column":33}},"type":"binary-expr","locations":[{"start":{"line":97,"column":12},"end":{"line":97,"column":33}},{"start":{"line":97,"column":37},"end":{"line":97,"column":59}}]}},"s":{"0":2,"1":2,"2":2,"3":2,"4":2,"5":2,"6":2,"7":2,"8":2,"9":2,"10":2,"11":2,"12":2,"13":2,"14":2,"15":2,"16":4,"17":4,"18":4,"19":4,"20":4,"21":4,"22":4,"23":4,"24":4,"25":4,"26":4,"27":4,"28":4,"29":4,"30":4,"31":4,"32":4,"33":4,"34":4,"35":4,"36":4,"37":4,"38":4,"39":4,"40":4,"41":4,"42":2,"43":2,"44":2,"45":2,"46":2,"47":4,"48":4,"49":4,"50":4,"51":4,"52":4,"53":4,"54":4,"55":4,"56":4,"57":4,"58":4,"59":4,"60":2,"61":4,"62":4,"63":4,"64":4,"65":1,"66":4,"67":1,"68":4,"69":4,"70":2},"f":{"0":4,"1":4,"2":4,"3":4,"4":2,"5":4,"6":4,"7":2,"8":4,"9":4,"10":4,"11":4,"12":1,"13":1,"14":4},"b":{"0":[4,0],"1":[4,4],"2":[4,0],"3":[4,0],"4":[4,4]}}
,"/Users/willdiaz/Documents/GitHub/swiftly_nodejs_scaffolding/src/index.ts": {"path":"/Users/willdiaz/Documents/GitHub/swiftly_nodejs_scaffolding/src/index.ts","statementMap":{"0":{"start":{"line":1,"column":0},"end":{"line":1,"column":36}},"1":{"start":{"line":2,"column":12},"end":{"line":2,"column":43}},"2":{"start":{"line":3,"column":15},"end":{"line":3,"column":36}},"3":{"start":{"line":5,"column":19},"end":{"line":10,"column":2}},"4":{"start":{"line":12,"column":0},"end":{"line":12,"column":26}},"5":{"start":{"line":13,"column":0},"end":{"line":13,"column":19}}},"fnMap":{},"branchMap":{},"s":{"0":2,"1":2,"2":2,"3":2,"4":2,"5":2},"f":{},"b":{}}
,"/Users/willdiaz/Documents/GitHub/swiftly_nodejs_scaffolding/src/core/accounts/accounts.controllers.ts": {"path":"/Users/willdiaz/Documents/GitHub/swiftly_nodejs_scaffolding/src/core/accounts/accounts.controllers.ts","statementMap":{"0":{"start":{"line":2,"column":0},"end":{"line":2,"column":53}},"1":{"start":{"line":3,"column":32},"end":{"line":3,"column":53}},"2":{"start":{"line":14,"column":13},"end":{"line":30,"column":2}},"3":{"start":{"line":14,"column":70},"end":{"line":30,"column":2}},"4":{"start":{"line":17,"column":2},"end":{"line":17,"column":83}},"5":{"start":{"line":18,"column":2},"end":{"line":18,"column":81}},"6":{"start":{"line":20,"column":18},"end":{"line":20,"column":40}},"7":{"start":{"line":21,"column":2},"end":{"line":26,"column":null}},"8":{"start":{"line":22,"column":4},"end":{"line":25,"column":6}},"9":{"start":{"line":28,"column":2},"end":{"line":28,"column":92}},"10":{"start":{"line":41,"column":13},"end":{"line":59,"column":2}},"11":{"start":{"line":41,"column":70},"end":{"line":59,"column":2}},"12":{"start":{"line":44,"column":2},"end":{"line":44,"column":74}},"13":{"start":{"line":45,"column":2},"end":{"line":45,"column":79}},"14":{"start":{"line":46,"column":2},"end":{"line":46,"column":67}},"15":{"start":{"line":48,"column":18},"end":{"line":48,"column":40}},"16":{"start":{"line":49,"column":2},"end":{"line":54,"column":null}},"17":{"start":{"line":50,"column":4},"end":{"line":53,"column":6}},"18":{"start":{"line":57,"column":2},"end":{"line":57,"column":94}},"19":{"start":{"line":70,"column":13},"end":{"line":89,"column":2}},"20":{"start":{"line":70,"column":73},"end":{"line":89,"column":2}},"21":{"start":{"line":73,"column":2},"end":{"line":73,"column":74}},"22":{"start":{"line":74,"column":2},"end":{"line":74,"column":79}},"23":{"start":{"line":75,"column":2},"end":{"line":75,"column":67}},"24":{"start":{"line":76,"column":2},"end":{"line":76,"column":83}},"25":{"start":{"line":77,"column":2},"end":{"line":77,"column":81}},"26":{"start":{"line":79,"column":18},"end":{"line":79,"column":40}},"27":{"start":{"line":80,"column":2},"end":{"line":85,"column":null}},"28":{"start":{"line":81,"column":4},"end":{"line":84,"column":6}},"29":{"start":{"line":87,"column":2},"end":{"line":87,"column":95}},"30":{"start":{"line":101,"column":13},"end":{"line":118,"column":2}},"31":{"start":{"line":101,"column":73},"end":{"line":118,"column":2}},"32":{"start":{"line":104,"column":2},"end":{"line":104,"column":74}},"33":{"start":{"line":105,"column":2},"end":{"line":105,"column":79}},"34":{"start":{"line":106,"column":2},"end":{"line":106,"column":67}},"35":{"start":{"line":108,"column":18},"end":{"line":108,"column":40}},"36":{"start":{"line":109,"column":2},"end":{"line":114,"column":null}},"37":{"start":{"line":110,"column":4},"end":{"line":113,"column":6}},"38":{"start":{"line":116,"column":2},"end":{"line":116,"column":95}},"39":{"start":{"line":130,"column":13},"end":{"line":147,"column":2}},"40":{"start":{"line":130,"column":79},"end":{"line":147,"column":2}},"41":{"start":{"line":133,"column":2},"end":{"line":133,"column":74}},"42":{"start":{"line":134,"column":2},"end":{"line":134,"column":81}},"43":{"start":{"line":136,"column":18},"end":{"line":136,"column":40}},"44":{"start":{"line":137,"column":2},"end":{"line":142,"column":null}},"45":{"start":{"line":138,"column":4},"end":{"line":141,"column":6}},"46":{"start":{"line":145,"column":2},"end":{"line":145,"column":103}}},"fnMap":{"0":{"name":"(anonymous_7)","decl":{"start":{"line":14,"column":30},"end":{"line":14,"column":37}},"loc":{"start":{"line":14,"column":70},"end":{"line":30,"column":2}}},"1":{"name":"(anonymous_8)","decl":{"start":{"line":14,"column":70},"end":{"line":14,"column":null}},"loc":{"start":{"line":14,"column":70},"end":{"line":30,"column":1}}},"2":{"name":"(anonymous_9)","decl":{"start":{"line":41,"column":30},"end":{"line":41,"column":37}},"loc":{"start":{"line":41,"column":70},"end":{"line":59,"column":2}}},"3":{"name":"(anonymous_10)","decl":{"start":{"line":41,"column":70},"end":{"line":41,"column":null}},"loc":{"start":{"line":41,"column":70},"end":{"line":59,"column":1}}},"4":{"name":"(anonymous_11)","decl":{"start":{"line":70,"column":33},"end":{"line":70,"column":40}},"loc":{"start":{"line":70,"column":73},"end":{"line":89,"column":2}}},"5":{"name":"(anonymous_12)","decl":{"start":{"line":70,"column":73},"end":{"line":70,"column":null}},"loc":{"start":{"line":70,"column":73},"end":{"line":89,"column":1}}},"6":{"name":"(anonymous_13)","decl":{"start":{"line":101,"column":33},"end":{"line":101,"column":40}},"loc":{"start":{"line":101,"column":73},"end":{"line":118,"column":2}}},"7":{"name":"(anonymous_14)","decl":{"start":{"line":101,"column":73},"end":{"line":101,"column":null}},"loc":{"start":{"line":101,"column":73},"end":{"line":118,"column":1}}},"8":{"name":"(anonymous_15)","decl":{"start":{"line":130,"column":39},"end":{"line":130,"column":46}},"loc":{"start":{"line":130,"column":79},"end":{"line":147,"column":2}}},"9":{"name":"(anonymous_16)","decl":{"start":{"line":130,"column":79},"end":{"line":130,"column":null}},"loc":{"start":{"line":130,"column":79},"end":{"line":147,"column":1}}}},"branchMap":{"0":{"loc":{"start":{"line":21,"column":2},"end":{"line":26,"column":null}},"type":"if","locations":[{"start":{"line":21,"column":2},"end":{"line":26,"column":null}},{"start":{"line":21,"column":2},"end":{"line":26,"column":null}}]},"1":{"loc":{"start":{"line":49,"column":2},"end":{"line":54,"column":null}},"type":"if","locations":[{"start":{"line":49,"column":2},"end":{"line":54,"column":null}},{"start":{"line":49,"column":2},"end":{"line":54,"column":null}}]},"2":{"loc":{"start":{"line":80,"column":2},"end":{"line":85,"column":null}},"type":"if","locations":[{"start":{"line":80,"column":2},"end":{"line":85,"column":null}},{"start":{"line":80,"column":2},"end":{"line":85,"column":null}}]},"3":{"loc":{"start":{"line":109,"column":2},"end":{"line":114,"column":null}},"type":"if","locations":[{"start":{"line":109,"column":2},"end":{"line":114,"column":null}},{"start":{"line":109,"column":2},"end":{"line":114,"column":null}}]},"4":{"loc":{"start":{"line":137,"column":2},"end":{"line":142,"column":null}},"type":"if","locations":[{"start":{"line":137,"column":2},"end":{"line":142,"column":null}},{"start":{"line":137,"column":2},"end":{"line":142,"column":null}}]}},"s":{"0":3,"1":3,"2":3,"3":2,"4":2,"5":2,"6":2,"7":2,"8":1,"9":1,"10":3,"11":2,"12":2,"13":2,"14":2,"15":2,"16":2,"17":1,"18":1,"19":3,"20":2,"21":2,"22":2,"23":2,"24":2,"25":2,"26":2,"27":2,"28":1,"29":1,"30":3,"31":2,"32":2,"33":2,"34":2,"35":2,"36":2,"37":1,"38":1,"39":3,"40":2,"41":2,"42":2,"43":2,"44":2,"45":1,"46":1},"f":{"0":2,"1":2,"2":2,"3":2,"4":2,"5":2,"6":2,"7":2,"8":2,"9":2},"b":{"0":[1,1],"1":[1,1],"2":[1,1],"3":[1,1],"4":[1,1]}}
,"/Users/willdiaz/Documents/GitHub/swiftly_nodejs_scaffolding/src/core/accounts/accounts.service.ts": {"path":"/Users/willdiaz/Documents/GitHub/swiftly_nodejs_scaffolding/src/core/accounts/accounts.service.ts","statementMap":{"0":{"start":{"line":2,"column":0},"end":{"line":2,"column":65}},"1":{"start":{"line":3,"column":0},"end":{"line":3,"column":63}},"2":{"start":{"line":8,"column":18},"end":{"line":8,"column":30}},"3":{"start":{"line":9,"column":22},"end":{"line":9,"column":32}},"4":{"start":{"line":22,"column":4},"end":{"line":52,"column":7}},"5":{"start":{"line":22,"column":49},"end":{"line":52,"column":6}},"6":{"start":{"line":29,"column":50},"end":{"line":34,"column":8}},"7":{"start":{"line":36,"column":6},"end":{"line":50,"column":null}},"8":{"start":{"line":37,"column":35},"end":{"line":37,"column":138}},"9":{"start":{"line":39,"column":8},"end":{"line":42,"column":11}},"10":{"start":{"line":46,"column":8},"end":{"line":49,"column":11}},"11":{"start":{"line":65,"column":4},"end":{"line":87,"column":7}},"12":{"start":{"line":65,"column":49},"end":{"line":87,"column":6}},"13":{"start":{"line":67,"column":23},"end":{"line":69,"column":8}},"14":{"start":{"line":71,"column":6},"end":{"line":85,"column":null}},"15":{"start":{"line":72,"column":28},"end":{"line":72,"column":92}},"16":{"start":{"line":74,"column":8},"end":{"line":77,"column":11}},"17":{"start":{"line":81,"column":8},"end":{"line":84,"column":11}},"18":{"start":{"line":100,"column":4},"end":{"line":130,"column":7}},"19":{"start":{"line":100,"column":49},"end":{"line":130,"column":6}},"20":{"start":{"line":102,"column":23},"end":{"line":112,"column":8}},"21":{"start":{"line":114,"column":6},"end":{"line":128,"column":null}},"22":{"start":{"line":115,"column":30},"end":{"line":115,"column":96}},"23":{"start":{"line":117,"column":8},"end":{"line":120,"column":11}},"24":{"start":{"line":124,"column":8},"end":{"line":127,"column":11}},"25":{"start":{"line":144,"column":4},"end":{"line":169,"column":7}},"26":{"start":{"line":144,"column":49},"end":{"line":169,"column":6}},"27":{"start":{"line":149,"column":23},"end":{"line":151,"column":8}},"28":{"start":{"line":153,"column":6},"end":{"line":167,"column":null}},"29":{"start":{"line":154,"column":35},"end":{"line":154,"column":101}},"30":{"start":{"line":156,"column":8},"end":{"line":159,"column":11}},"31":{"start":{"line":163,"column":8},"end":{"line":166,"column":11}},"32":{"start":{"line":184,"column":4},"end":{"line":219,"column":7}},"33":{"start":{"line":184,"column":49},"end":{"line":219,"column":6}},"34":{"start":{"line":189,"column":23},"end":{"line":191,"column":8}},"35":{"start":{"line":196,"column":34},"end":{"line":201,"column":8}},"36":{"start":{"line":203,"column":6},"end":{"line":217,"column":null}},"37":{"start":{"line":204,"column":35},"end":{"line":204,"column":122}},"38":{"start":{"line":206,"column":8},"end":{"line":209,"column":11}},"39":{"start":{"line":213,"column":8},"end":{"line":216,"column":11}},"40":{"start":{"line":11,"column":0},"end":{"line":11,"column":13}}},"fnMap":{"0":{"name":"(anonymous_7)","decl":{"start":{"line":20,"column":15},"end":{"line":20,"column":32}},"loc":{"start":{"line":20,"column":83},"end":{"line":54,"column":null}}},"1":{"name":"(anonymous_9)","decl":{"start":{"line":22,"column":23},"end":{"line":22,"column":30}},"loc":{"start":{"line":22,"column":49},"end":{"line":52,"column":6}}},"2":{"name":"(anonymous_10)","decl":{"start":{"line":22,"column":49},"end":{"line":22,"column":null}},"loc":{"start":{"line":22,"column":49},"end":{"line":52,"column":5}}},"3":{"name":"(anonymous_11)","decl":{"start":{"line":63,"column":15},"end":{"line":63,"column":33}},"loc":{"start":{"line":63,"column":74},"end":{"line":89,"column":null}}},"4":{"name":"(anonymous_13)","decl":{"start":{"line":65,"column":23},"end":{"line":65,"column":30}},"loc":{"start":{"line":65,"column":49},"end":{"line":87,"column":6}}},"5":{"name":"(anonymous_14)","decl":{"start":{"line":65,"column":49},"end":{"line":65,"column":null}},"loc":{"start":{"line":65,"column":49},"end":{"line":87,"column":5}}},"6":{"name":"(anonymous_15)","decl":{"start":{"line":98,"column":15},"end":{"line":98,"column":42}},"loc":{"start":{"line":98,"column":83},"end":{"line":132,"column":null}}},"7":{"name":"(anonymous_17)","decl":{"start":{"line":100,"column":23},"end":{"line":100,"column":30}},"loc":{"start":{"line":100,"column":49},"end":{"line":130,"column":6}}},"8":{"name":"(anonymous_18)","decl":{"start":{"line":100,"column":49},"end":{"line":100,"column":null}},"loc":{"start":{"line":100,"column":49},"end":{"line":130,"column":5}}},"9":{"name":"(anonymous_19)","decl":{"start":{"line":142,"column":15},"end":{"line":142,"column":35}},"loc":{"start":{"line":142,"column":86},"end":{"line":171,"column":null}}},"10":{"name":"(anonymous_21)","decl":{"start":{"line":144,"column":23},"end":{"line":144,"column":30}},"loc":{"start":{"line":144,"column":49},"end":{"line":169,"column":6}}},"11":{"name":"(anonymous_22)","decl":{"start":{"line":144,"column":49},"end":{"line":144,"column":null}},"loc":{"start":{"line":144,"column":49},"end":{"line":169,"column":5}}},"12":{"name":"(anonymous_23)","decl":{"start":{"line":182,"column":15},"end":{"line":182,"column":35}},"loc":{"start":{"line":182,"column":86},"end":{"line":221,"column":null}}},"13":{"name":"(anonymous_25)","decl":{"start":{"line":184,"column":23},"end":{"line":184,"column":30}},"loc":{"start":{"line":184,"column":49},"end":{"line":219,"column":6}}},"14":{"name":"(anonymous_26)","decl":{"start":{"line":184,"column":49},"end":{"line":184,"column":null}},"loc":{"start":{"line":184,"column":49},"end":{"line":219,"column":5}}}},"branchMap":{"0":{"loc":{"start":{"line":75,"column":38},"end":{"line":75,"column":41}},"type":"cond-expr","locations":[{"start":{"line":75,"column":38},"end":{"line":75,"column":41}},{"start":{"line":75,"column":44},"end":{"line":75,"column":47}}]},"1":{"loc":{"start":{"line":118,"column":40},"end":{"line":118,"column":43}},"type":"cond-expr","locations":[{"start":{"line":118,"column":40},"end":{"line":118,"column":43}},{"start":{"line":118,"column":46},"end":{"line":118,"column":49}}]}},"s":{"0":3,"1":3,"2":3,"3":3,"4":1,"5":1,"6":1,"7":1,"8":1,"9":0,"10":0,"11":1,"12":1,"13":1,"14":1,"15":1,"16":0,"17":0,"18":1,"19":1,"20":1,"21":1,"22":1,"23":0,"24":0,"25":1,"26":1,"27":1,"28":1,"29":1,"30":0,"31":0,"32":1,"33":1,"34":1,"35":1,"36":1,"37":1,"38":0,"39":0,"40":3},"f":{"0":1,"1":1,"2":1,"3":1,"4":1,"5":1,"6":1,"7":1,"8":1,"9":1,"10":1,"11":1,"12":1,"13":1,"14":1},"b":{"0":[0,0],"1":[0,0]}}
,"/Users/willdiaz/Documents/GitHub/swiftly_nodejs_scaffolding/src/databases/mongodb.connector.ts": {"path":"/Users/willdiaz/Documents/GitHub/swiftly_nodejs_scaffolding/src/databases/mongodb.connector.ts","statementMap":{"0":{"start":{"line":1,"column":0},"end":{"line":1,"column":81}},"1":{"start":{"line":2,"column":0},"end":{"line":2,"column":38}},"2":{"start":{"line":3,"column":0},"end":{"line":3,"column":41}},"3":{"start":{"line":5,"column":12},"end":{"line":5,"column":72}},"4":{"start":{"line":8,"column":0},"end":{"line":8,"column":null}},"5":{"start":{"line":16,"column":4},"end":{"line":19,"column":null}},"6":{"start":{"line":17,"column":6},"end":{"line":17,"column":41}},"7":{"start":{"line":18,"column":6},"end":{"line":18,"column":24}},"8":{"start":{"line":20,"column":4},"end":{"line":20,"column":22}},"9":{"start":{"line":15,"column":24},"end":{"line":21,"column":null}},"10":{"start":{"line":23,"column":4},"end":{"line":34,"column":null}},"11":{"start":{"line":24,"column":6},"end":{"line":30,"column":11}},"12":{"start":{"line":26,"column":10},"end":{"line":26,"column":21}},"13":{"start":{"line":29,"column":10},"end":{"line":29,"column":21}},"14":{"start":{"line":32,"column":6},"end":{"line":32,"column":27}},"15":{"start":{"line":33,"column":6},"end":{"line":33,"column":31}}},"fnMap":{"0":{"name":"(anonymous_8)","decl":{"start":{"line":8,"column":0},"end":{"line":8,"column":17}},"loc":{"start":{"line":8,"column":33},"end":{"line":36,"column":1}}},"1":{"name":"getPoolConnection","decl":{"start":{"line":15,"column":24},"end":{"line":15,"column":41}},"loc":{"start":{"line":15,"column":41},"end":{"line":21,"column":null}}},"2":{"name":"setConnection","decl":{"start":{"line":22,"column":17},"end":{"line":22,"column":30}},"loc":{"start":{"line":22,"column":30},"end":{"line":35,"column":null}}},"3":{"name":"(anonymous_13)","decl":{"start":{"line":25,"column":14},"end":{"line":25,"column":15}},"loc":{"start":{"line":25,"column":27},"end":{"line":27,"column":9}}},"4":{"name":"(anonymous_14)","decl":{"start":{"line":28,"column":15},"end":{"line":28,"column":16}},"loc":{"start":{"line":28,"column":28},"end":{"line":30,"column":9}}}},"branchMap":{"0":{"loc":{"start":{"line":16,"column":4},"end":{"line":19,"column":null}},"type":"if","locations":[{"start":{"line":16,"column":4},"end":{"line":19,"column":null}},{"start":{"line":16,"column":4},"end":{"line":19,"column":null}}]},"1":{"loc":{"start":{"line":8,"column":17},"end":{"line":8,"column":33}},"type":"binary-expr","locations":[{"start":{"line":8,"column":17},"end":{"line":8,"column":33}},{"start":{"line":8,"column":17},"end":{"line":8,"column":null}}]}},"s":{"0":3,"1":3,"2":3,"3":3,"4":3,"5":5,"6":5,"7":0,"8":0,"9":3,"10":5,"11":5,"12":0,"13":0,"14":0,"15":0},"f":{"0":3,"1":5,"2":5,"3":0,"4":0},"b":{"0":[5,0],"1":[3,3]}}
,"/Users/willdiaz/Documents/GitHub/swiftly_nodejs_scaffolding/src/databases/mongodb.service.ts": {"path":"/Users/willdiaz/Documents/GitHub/swiftly_nodejs_scaffolding/src/databases/mongodb.service.ts","statementMap":{"0":{"start":{"line":1,"column":0},"end":{"line":1,"column":55}},"1":{"start":{"line":2,"column":0},"end":{"line":2,"column":41}},"2":{"start":{"line":4,"column":0},"end":{"line":4,"column":null}},"3":{"start":{"line":12,"column":4},"end":{"line":17,"column":null}},"4":{"start":{"line":13,"column":6},"end":{"line":13,"column":56}},"5":{"start":{"line":15,"column":6},"end":{"line":15,"column":27}},"6":{"start":{"line":16,"column":6},"end":{"line":16,"column":31}},"7":{"start":{"line":29,"column":4},"end":{"line":38,"column":7}},"8":{"start":{"line":29,"column":49},"end":{"line":38,"column":6}},"9":{"start":{"line":30,"column":25},"end":{"line":30,"column":51}},"10":{"start":{"line":31,"column":25},"end":{"line":31,"column":68}},"11":{"start":{"line":32,"column":6},"end":{"line":37,"column":9}},"12":{"start":{"line":32,"column":78},"end":{"line":37,"column":8}},"13":{"start":{"line":33,"column":8},"end":{"line":35,"column":null}},"14":{"start":{"line":34,"column":10},"end":{"line":34,"column":23}},"15":{"start":{"line":36,"column":8},"end":{"line":36,"column":32}},"16":{"start":{"line":28,"column":24},"end":{"line":39,"column":null}},"17":{"start":{"line":71,"column":4},"end":{"line":80,"column":7}},"18":{"start":{"line":71,"column":49},"end":{"line":80,"column":6}},"19":{"start":{"line":72,"column":25},"end":{"line":72,"column":51}},"20":{"start":{"line":73,"column":25},"end":{"line":73,"column":68}},"21":{"start":{"line":74,"column":6},"end":{"line":79,"column":9}},"22":{"start":{"line":75,"column":8},"end":{"line":77,"column":null}},"23":{"start":{"line":76,"column":10},"end":{"line":76,"column":23}},"24":{"start":{"line":78,"column":8},"end":{"line":78,"column":32}},"25":{"start":{"line":70,"column":24},"end":{"line":81,"column":null}},"26":{"start":{"line":92,"column":4},"end":{"line":103,"column":7}},"27":{"start":{"line":92,"column":49},"end":{"line":103,"column":6}},"28":{"start":{"line":93,"column":25},"end":{"line":93,"column":51}},"29":{"start":{"line":94,"column":25},"end":{"line":94,"column":68}},"30":{"start":{"line":95,"column":6},"end":{"line":102,"column":9}},"31":{"start":{"line":98,"column":8},"end":{"line":100,"column":null}},"32":{"start":{"line":99,"column":10},"end":{"line":99,"column":23}},"33":{"start":{"line":101,"column":8},"end":{"line":101,"column":32}},"34":{"start":{"line":91,"column":24},"end":{"line":104,"column":null}},"35":{"start":{"line":115,"column":4},"end":{"line":124,"column":7}},"36":{"start":{"line":115,"column":49},"end":{"line":124,"column":6}},"37":{"start":{"line":116,"column":25},"end":{"line":116,"column":51}},"38":{"start":{"line":117,"column":25},"end":{"line":117,"column":68}},"39":{"start":{"line":118,"column":6},"end":{"line":123,"column":9}},"40":{"start":{"line":119,"column":8},"end":{"line":121,"column":null}},"41":{"start":{"line":120,"column":10},"end":{"line":120,"column":23}},"42":{"start":{"line":122,"column":8},"end":{"line":122,"column":32}},"43":{"start":{"line":114,"column":24},"end":{"line":125,"column":null}},"44":{"start":{"line":136,"column":4},"end":{"line":148,"column":7}},"45":{"start":{"line":136,"column":49},"end":{"line":148,"column":6}},"46":{"start":{"line":137,"column":25},"end":{"line":137,"column":51}},"47":{"start":{"line":138,"column":25},"end":{"line":138,"column":68}},"48":{"start":{"line":139,"column":25},"end":{"line":139,"column":53}},"49":{"start":{"line":140,"column":26},"end":{"line":140,"column":55}},"50":{"start":{"line":141,"column":25},"end":{"line":141,"column":51}},"51":{"start":{"line":142,"column":6},"end":{"line":147,"column":9}},"52":{"start":{"line":143,"column":8},"end":{"line":145,"column":null}},"53":{"start":{"line":144,"column":10},"end":{"line":144,"column":23}},"54":{"start":{"line":146,"column":8},"end":{"line":146,"column":32}},"55":{"start":{"line":135,"column":24},"end":{"line":149,"column":null}}},"fnMap":{"0":{"name":"(anonymous_8)","decl":{"start":{"line":4,"column":0},"end":{"line":4,"column":17}},"loc":{"start":{"line":4,"column":31},"end":{"line":150,"column":1}}},"1":{"name":"getMongoDBInstance","decl":{"start":{"line":11,"column":17},"end":{"line":11,"column":35}},"loc":{"start":{"line":11,"column":35},"end":{"line":18,"column":null}}},"2":{"name":"findDoc","decl":{"start":{"line":28,"column":24},"end":{"line":28,"column":31}},"loc":{"start":{"line":28,"column":72},"end":{"line":39,"column":null}}},"3":{"name":"(anonymous_13)","decl":{"start":{"line":29,"column":23},"end":{"line":29,"column":30}},"loc":{"start":{"line":29,"column":49},"end":{"line":38,"column":6}}},"4":{"name":"(anonymous_14)","decl":{"start":{"line":29,"column":49},"end":{"line":29,"column":null}},"loc":{"start":{"line":29,"column":49},"end":{"line":38,"column":5}}},"5":{"name":"(anonymous_15)","decl":{"start":{"line":32,"column":44},"end":{"line":32,"column":51}},"loc":{"start":{"line":32,"column":78},"end":{"line":37,"column":8}}},"6":{"name":"(anonymous_16)","decl":{"start":{"line":32,"column":78},"end":{"line":32,"column":null}},"loc":{"start":{"line":32,"column":78},"end":{"line":37,"column":7}}},"7":{"name":"createDoc","decl":{"start":{"line":70,"column":24},"end":{"line":70,"column":33}},"loc":{"start":{"line":70,"column":73},"end":{"line":81,"column":null}}},"8":{"name":"(anonymous_19)","decl":{"start":{"line":71,"column":23},"end":{"line":71,"column":30}},"loc":{"start":{"line":71,"column":49},"end":{"line":80,"column":6}}},"9":{"name":"(anonymous_20)","decl":{"start":{"line":71,"column":49},"end":{"line":71,"column":null}},"loc":{"start":{"line":71,"column":49},"end":{"line":80,"column":5}}},"10":{"name":"(anonymous_21)","decl":{"start":{"line":74,"column":40},"end":{"line":74,"column":41}},"loc":{"start":{"line":74,"column":68},"end":{"line":79,"column":7}}},"11":{"name":"updateDoc","decl":{"start":{"line":91,"column":24},"end":{"line":91,"column":33}},"loc":{"start":{"line":91,"column":89},"end":{"line":104,"column":null}}},"12":{"name":"(anonymous_24)","decl":{"start":{"line":92,"column":23},"end":{"line":92,"column":30}},"loc":{"start":{"line":92,"column":49},"end":{"line":103,"column":6}}},"13":{"name":"(anonymous_25)","decl":{"start":{"line":92,"column":49},"end":{"line":92,"column":null}},"loc":{"start":{"line":92,"column":49},"end":{"line":103,"column":5}}},"14":{"name":"(anonymous_26)","decl":{"start":{"line":97,"column":9},"end":{"line":97,"column":19}},"loc":{"start":{"line":97,"column":42},"end":{"line":102,"column":7}}},"15":{"name":"deleteDoc","decl":{"start":{"line":114,"column":24},"end":{"line":114,"column":33}},"loc":{"start":{"line":114,"column":75},"end":{"line":125,"column":null}}},"16":{"name":"(anonymous_29)","decl":{"start":{"line":115,"column":23},"end":{"line":115,"column":30}},"loc":{"start":{"line":115,"column":49},"end":{"line":124,"column":6}}},"17":{"name":"(anonymous_30)","decl":{"start":{"line":115,"column":49},"end":{"line":115,"column":null}},"loc":{"start":{"line":115,"column":49},"end":{"line":124,"column":5}}},"18":{"name":"(anonymous_31)","decl":{"start":{"line":118,"column":42},"end":{"line":118,"column":43}},"loc":{"start":{"line":118,"column":70},"end":{"line":123,"column":7}}},"19":{"name":"searchDoc","decl":{"start":{"line":135,"column":24},"end":{"line":135,"column":33}},"loc":{"start":{"line":135,"column":74},"end":{"line":149,"column":null}}},"20":{"name":"(anonymous_34)","decl":{"start":{"line":136,"column":23},"end":{"line":136,"column":30}},"loc":{"start":{"line":136,"column":49},"end":{"line":148,"column":6}}},"21":{"name":"(anonymous_35)","decl":{"start":{"line":136,"column":49},"end":{"line":136,"column":null}},"loc":{"start":{"line":136,"column":49},"end":{"line":148,"column":5}}},"22":{"name":"(anonymous_36)","decl":{"start":{"line":142,"column":111},"end":{"line":142,"column":112}},"loc":{"start":{"line":142,"column":139},"end":{"line":147,"column":7}}}},"branchMap":{"0":{"loc":{"start":{"line":33,"column":8},"end":{"line":35,"column":null}},"type":"if","locations":[{"start":{"line":33,"column":8},"end":{"line":35,"column":null}},{"start":{"line":33,"column":8},"end":{"line":35,"column":null}}]},"1":{"loc":{"start":{"line":75,"column":8},"end":{"line":77,"column":null}},"type":"if","locations":[{"start":{"line":75,"column":8},"end":{"line":77,"column":null}},{"start":{"line":75,"column":8},"end":{"line":77,"column":null}}]},"2":{"loc":{"start":{"line":98,"column":8},"end":{"line":100,"column":null}},"type":"if","locations":[{"start":{"line":98,"column":8},"end":{"line":100,"column":null}},{"start":{"line":98,"column":8},"end":{"line":100,"column":null}}]},"3":{"loc":{"start":{"line":119,"column":8},"end":{"line":121,"column":null}},"type":"if","locations":[{"start":{"line":119,"column":8},"end":{"line":121,"column":null}},{"start":{"line":119,"column":8},"end":{"line":121,"column":null}}]},"4":{"loc":{"start":{"line":139,"column":26},"end":{"line":139,"column":47}},"type":"binary-expr","locations":[{"start":{"line":139,"column":26},"end":{"line":139,"column":47}},{"start":{"line":139,"column":52},"end":{"line":139,"column":53}}]},"5":{"loc":{"start":{"line":140,"column":27},"end":{"line":140,"column":49}},"type":"binary-expr","locations":[{"start":{"line":140,"column":27},"end":{"line":140,"column":49}},{"start":{"line":140,"column":54},"end":{"line":140,"column":55}}]},"6":{"loc":{"start":{"line":141,"column":25},"end":{"line":141,"column":36}},"type":"binary-expr","locations":[{"start":{"line":141,"column":25},"end":{"line":141,"column":36}},{"start":{"line":141,"column":40},"end":{"line":141,"column":51}}]},"7":{"loc":{"start":{"line":143,"column":8},"end":{"line":145,"column":null}},"type":"if","locations":[{"start":{"line":143,"column":8},"end":{"line":145,"column":null}},{"start":{"line":143,"column":8},"end":{"line":145,"column":null}}]},"8":{"loc":{"start":{"line":4,"column":17},"end":{"line":4,"column":31}},"type":"binary-expr","locations":[{"start":{"line":4,"column":17},"end":{"line":4,"column":31}},{"start":{"line":4,"column":17},"end":{"line":4,"column":null}}]}},"s":{"0":3,"1":3,"2":3,"3":5,"4":5,"5":0,"6":0,"7":1,"8":1,"9":1,"10":0,"11":0,"12":0,"13":0,"14":0,"15":0,"16":3,"17":1,"18":1,"19":1,"20":0,"21":0,"22":0,"23":0,"24":0,"25":3,"26":1,"27":1,"28":1,"29":0,"30":0,"31":0,"32":0,"33":0,"34":3,"35":1,"36":1,"37":1,"38":0,"39":0,"40":0,"41":0,"42":0,"43":3,"44":1,"45":1,"46":1,"47":0,"48":0,"49":0,"50":0,"51":0,"52":0,"53":0,"54":0,"55":3},"f":{"0":3,"1":5,"2":1,"3":1,"4":1,"5":0,"6":0,"7":1,"8":1,"9":1,"10":0,"11":1,"12":1,"13":1,"14":0,"15":1,"16":1,"17":1,"18":0,"19":1,"20":1,"21":1,"22":0},"b":{"0":[0,0],"1":[0,0],"2":[0,0],"3":[0,0],"4":[0,0],"5":[0,0],"6":[0,0],"7":[0,0],"8":[3,3]}}
,"/Users/willdiaz/Documents/GitHub/swiftly_nodejs_scaffolding/src/middlewares/auth.middleware.ts": {"path":"/Users/willdiaz/Documents/GitHub/swiftly_nodejs_scaffolding/src/middlewares/auth.middleware.ts","statementMap":{"0":{"start":{"line":4,"column":0},"end":{"line":4,"column":31}},"1":{"start":{"line":5,"column":0},"end":{"line":5,"column":61}},"2":{"start":{"line":6,"column":0},"end":{"line":6,"column":87}},"3":{"start":{"line":16,"column":13},"end":{"line":37,"column":2}},"4":{"start":{"line":17,"column":2},"end":{"line":36,"column":null}},"5":{"start":{"line":18,"column":18},"end":{"line":18,"column":93}},"6":{"start":{"line":19,"column":4},"end":{"line":33,"column":7}},"7":{"start":{"line":20,"column":6},"end":{"line":32,"column":null}},"8":{"start":{"line":21,"column":8},"end":{"line":29,"column":null}},"9":{"start":{"line":22,"column":10},"end":{"line":26,"column":null}},"10":{"start":{"line":23,"column":12},"end":{"line":23,"column":128}},"11":{"start":{"line":25,"column":12},"end":{"line":25,"column":128}},"12":{"start":{"line":28,"column":10},"end":{"line":28,"column":17}},"13":{"start":{"line":31,"column":8},"end":{"line":31,"column":36}},"14":{"start":{"line":35,"column":4},"end":{"line":35,"column":11}}},"fnMap":{"0":{"name":"(anonymous_2)","decl":{"start":{"line":16,"column":31},"end":{"line":16,"column":32}},"loc":{"start":{"line":16,"column":83},"end":{"line":37,"column":1}}},"1":{"name":"(anonymous_3)","decl":{"start":{"line":19,"column":55},"end":{"line":19,"column":65}},"loc":{"start":{"line":19,"column":87},"end":{"line":33,"column":5}}}},"branchMap":{"0":{"loc":{"start":{"line":17,"column":2},"end":{"line":36,"column":null}},"type":"if","locations":[{"start":{"line":17,"column":2},"end":{"line":36,"column":null}},{"start":{"line":17,"column":2},"end":{"line":36,"column":null}}]},"1":{"loc":{"start":{"line":18,"column":18},"end":{"line":18,"column":48}},"type":"binary-expr","locations":[{"start":{"line":18,"column":18},"end":{"line":18,"column":48}},{"start":{"line":18,"column":52},"end":{"line":18,"column":93}}]},"2":{"loc":{"start":{"line":21,"column":8},"end":{"line":29,"column":null}},"type":"if","locations":[{"start":{"line":21,"column":8},"end":{"line":29,"column":null}},{"start":{"line":21,"column":8},"end":{"line":29,"column":null}}]},"3":{"loc":{"start":{"line":22,"column":10},"end":{"line":26,"column":null}},"type":"if","locations":[{"start":{"line":22,"column":10},"end":{"line":26,"column":null}},{"start":{"line":22,"column":10},"end":{"line":26,"column":null}}]}},"s":{"0":2,"1":2,"2":2,"3":2,"4":0,"5":0,"6":0,"7":0,"8":0,"9":0,"10":0,"11":0,"12":0,"13":0,"14":0},"f":{"0":0,"1":0},"b":{"0":[0,0],"1":[0,0],"2":[0,0],"3":[0,0]}}
,"/Users/willdiaz/Documents/GitHub/swiftly_nodejs_scaffolding/src/middlewares/status.monitor.middleware.ts": {"path":"/Users/willdiaz/Documents/GitHub/swiftly_nodejs_scaffolding/src/middlewares/status.monitor.middleware.ts","statementMap":{"0":{"start":{"line":7,"column":0},"end":{"line":7,"column":58}},"1":{"start":{"line":12,"column":28},"end":{"line":12,"column":38}},"2":{"start":{"line":15,"column":39},"end":{"line":46,"column":10}},"3":{"start":{"line":49,"column":8},"end":{"line":49,"column":59}},"4":{"start":{"line":50,"column":8},"end":{"line":50,"column":24}},"5":{"start":{"line":54,"column":0},"end":{"line":54,"column":33}}},"fnMap":{"0":{"name":"(anonymous_1)","decl":{"start":{"line":10,"column":11},"end":{"line":10,"column":16}},"loc":{"start":{"line":10,"column":38},"end":{"line":51,"column":5}}}},"branchMap":{},"s":{"0":2,"1":4,"2":4,"3":4,"4":4,"5":2},"f":{"0":4},"b":{}}
,"/Users/willdiaz/Documents/GitHub/swiftly_nodejs_scaffolding/src/routes/accounts.routes.ts": {"path":"/Users/willdiaz/Documents/GitHub/swiftly_nodejs_scaffolding/src/routes/accounts.routes.ts","statementMap":{"0":{"start":{"line":2,"column":0},"end":{"line":2,"column":76}},"1":{"start":{"line":3,"column":0},"end":{"line":3,"column":61}},"2":{"start":{"line":4,"column":0},"end":{"line":4,"column":67}},"3":{"start":{"line":14,"column":2},"end":{"line":22,"column":5}},"4":{"start":{"line":14,"column":89},"end":{"line":22,"column":4}},"5":{"start":{"line":15,"column":4},"end":{"line":21,"column":null}},"6":{"start":{"line":16,"column":22},"end":{"line":16,"column":66}},"7":{"start":{"line":17,"column":6},"end":{"line":17,"column":40}},"8":{"start":{"line":20,"column":6},"end":{"line":20,"column":42}},"9":{"start":{"line":24,"column":2},"end":{"line":32,"column":5}},"10":{"start":{"line":24,"column":97},"end":{"line":32,"column":4}},"11":{"start":{"line":25,"column":4},"end":{"line":31,"column":null}},"12":{"start":{"line":26,"column":22},"end":{"line":26,"column":75}},"13":{"start":{"line":27,"column":6},"end":{"line":27,"column":40}},"14":{"start":{"line":30,"column":6},"end":{"line":30,"column":42}},"15":{"start":{"line":35,"column":2},"end":{"line":43,"column":5}},"16":{"start":{"line":35,"column":62},"end":{"line":43,"column":4}},"17":{"start":{"line":36,"column":4},"end":{"line":42,"column":null}},"18":{"start":{"line":37,"column":22},"end":{"line":37,"column":66}},"19":{"start":{"line":38,"column":6},"end":{"line":38,"column":40}},"20":{"start":{"line":41,"column":6},"end":{"line":41,"column":42}},"21":{"start":{"line":45,"column":2},"end":{"line":53,"column":5}},"22":{"start":{"line":45,"column":70},"end":{"line":53,"column":4}},"23":{"start":{"line":46,"column":4},"end":{"line":52,"column":null}},"24":{"start":{"line":47,"column":22},"end":{"line":47,"column":69}},"25":{"start":{"line":48,"column":6},"end":{"line":48,"column":40}},"26":{"start":{"line":51,"column":6},"end":{"line":51,"column":42}},"27":{"start":{"line":55,"column":2},"end":{"line":63,"column":5}},"28":{"start":{"line":55,"column":73},"end":{"line":63,"column":4}},"29":{"start":{"line":56,"column":4},"end":{"line":62,"column":null}},"30":{"start":{"line":57,"column":22},"end":{"line":57,"column":69}},"31":{"start":{"line":58,"column":6},"end":{"line":58,"column":40}},"32":{"start":{"line":61,"column":6},"end":{"line":61,"column":42}},"33":{"start":{"line":11,"column":0},"end":{"line":11,"column":16}}},"fnMap":{"0":{"name":"AccountsRoutes","decl":{"start":{"line":11,"column":16},"end":{"line":11,"column":30}},"loc":{"start":{"line":11,"column":47},"end":{"line":66,"column":1}}},"1":{"name":"(anonymous_9)","decl":{"start":{"line":14,"column":51},"end":{"line":14,"column":58}},"loc":{"start":{"line":14,"column":89},"end":{"line":22,"column":4}}},"2":{"name":"(anonymous_10)","decl":{"start":{"line":14,"column":89},"end":{"line":14,"column":null}},"loc":{"start":{"line":14,"column":89},"end":{"line":22,"column":3}}},"3":{"name":"(anonymous_11)","decl":{"start":{"line":24,"column":59},"end":{"line":24,"column":66}},"loc":{"start":{"line":24,"column":97},"end":{"line":32,"column":4}}},"4":{"name":"(anonymous_12)","decl":{"start":{"line":24,"column":97},"end":{"line":24,"column":null}},"loc":{"start":{"line":24,"column":97},"end":{"line":32,"column":3}}},"5":{"name":"(anonymous_13)","decl":{"start":{"line":35,"column":24},"end":{"line":35,"column":31}},"loc":{"start":{"line":35,"column":62},"end":{"line":43,"column":4}}},"6":{"name":"(anonymous_14)","decl":{"start":{"line":35,"column":62},"end":{"line":35,"column":null}},"loc":{"start":{"line":35,"column":62},"end":{"line":43,"column":3}}},"7":{"name":"(anonymous_15)","decl":{"start":{"line":45,"column":32},"end":{"line":45,"column":39}},"loc":{"start":{"line":45,"column":70},"end":{"line":53,"column":4}}},"8":{"name":"(anonymous_16)","decl":{"start":{"line":45,"column":70},"end":{"line":45,"column":null}},"loc":{"start":{"line":45,"column":70},"end":{"line":53,"column":3}}},"9":{"name":"(anonymous_17)","decl":{"start":{"line":55,"column":35},"end":{"line":55,"column":42}},"loc":{"start":{"line":55,"column":73},"end":{"line":63,"column":4}}},"10":{"name":"(anonymous_18)","decl":{"start":{"line":55,"column":73},"end":{"line":55,"column":null}},"loc":{"start":{"line":55,"column":73},"end":{"line":63,"column":3}}}},"branchMap":{},"s":{"0":2,"1":2,"2":2,"3":4,"4":0,"5":0,"6":0,"7":0,"8":0,"9":4,"10":0,"11":0,"12":0,"13":0,"14":0,"15":4,"16":0,"17":0,"18":0,"19":0,"20":0,"21":4,"22":0,"23":0,"24":0,"25":0,"26":0,"27":4,"28":0,"29":0,"30":0,"31":0,"32":0,"33":2},"f":{"0":4,"1":0,"2":0,"3":0,"4":0,"5":0,"6":0,"7":0,"8":0,"9":0,"10":0},"b":{}}
,"/Users/willdiaz/Documents/GitHub/swiftly_nodejs_scaffolding/src/routes/index.routes.loader.ts": {"path":"/Users/willdiaz/Documents/GitHub/swiftly_nodejs_scaffolding/src/routes/index.routes.loader.ts","statementMap":{"0":{"start":{"line":2,"column":0},"end":{"line":2,"column":51}},"1":{"start":{"line":16,"column":4},"end":{"line":16,"column":24}},"2":{"start":{"line":8,"column":0},"end":{"line":8,"column":13}}},"fnMap":{"0":{"name":"(anonymous_0)","decl":{"start":{"line":15,"column":9},"end":{"line":15,"column":13}},"loc":{"start":{"line":15,"column":30},"end":{"line":17,"column":3}}}},"branchMap":{},"s":{"0":2,"1":4,"2":2},"f":{"0":4},"b":{}}
,"/Users/willdiaz/Documents/GitHub/swiftly_nodejs_scaffolding/src/util/hash.generator.util.ts": {"path":"/Users/willdiaz/Documents/GitHub/swiftly_nodejs_scaffolding/src/util/hash.generator.util.ts","statementMap":{"0":{"start":{"line":1,"column":0},"end":{"line":1,"column":28}},"1":{"start":{"line":2,"column":0},"end":{"line":2,"column":null}},"2":{"start":{"line":10,"column":4},"end":{"line":19,"column":null}},"3":{"start":{"line":13,"column":6},"end":{"line":13,"column":120}},"4":{"start":{"line":14,"column":6},"end":{"line":14,"column":37}},"5":{"start":{"line":15,"column":6},"end":{"line":15,"column":19}},"6":{"start":{"line":18,"column":6},"end":{"line":18,"column":21}},"7":{"start":{"line":9,"column":18},"end":{"line":20,"column":null}},"8":{"start":{"line":22,"column":4},"end":{"line":29,"column":null}},"9":{"start":{"line":25,"column":6},"end":{"line":25,"column":126}},"10":{"start":{"line":28,"column":6},"end":{"line":28,"column":21}},"11":{"start":{"line":21,"column":18},"end":{"line":30,"column":null}}},"fnMap":{"0":{"name":"(anonymous_1)","decl":{"start":{"line":2,"column":0},"end":{"line":2,"column":17}},"loc":{"start":{"line":2,"column":30},"end":{"line":31,"column":1}}},"1":{"name":"injectHash","decl":{"start":{"line":9,"column":18},"end":{"line":9,"column":28}},"loc":{"start":{"line":9,"column":39},"end":{"line":20,"column":3}}},"2":{"name":"getUniqueHash","decl":{"start":{"line":21,"column":18},"end":{"line":21,"column":31}},"loc":{"start":{"line":21,"column":47},"end":{"line":30,"column":3}}}},"branchMap":{"0":{"loc":{"start":{"line":25,"column":73},"end":{"line":25,"column":79}},"type":"binary-expr","locations":[{"start":{"line":25,"column":73},"end":{"line":25,"column":79}},{"start":{"line":25,"column":83},"end":{"line":25,"column":85}}]},"1":{"loc":{"start":{"line":2,"column":17},"end":{"line":2,"column":30}},"type":"binary-expr","locations":[{"start":{"line":2,"column":17},"end":{"line":2,"column":30}},{"start":{"line":2,"column":17},"end":{"line":2,"column":null}}]}},"s":{"0":3,"1":3,"2":1,"3":1,"4":1,"5":1,"6":0,"7":3,"8":2,"9":2,"10":0,"11":3},"f":{"0":3,"1":1,"2":2},"b":{"0":[2,2],"1":[3,3]}}
,"/Users/willdiaz/Documents/GitHub/swiftly_nodejs_scaffolding/src/util/logger.util.ts": {"path":"/Users/willdiaz/Documents/GitHub/swiftly_nodejs_scaffolding/src/util/logger.util.ts","statementMap":{"0":{"start":{"line":1,"column":0},"end":{"line":1,"column":55}},"1":{"start":{"line":2,"column":0},"end":{"line":2,"column":30}},"2":{"start":{"line":5,"column":15},"end":{"line":22,"column":2}},"3":{"start":{"line":24,"column":22},"end":{"line":24,"column":24}},"4":{"start":{"line":28,"column":0},"end":{"line":28,"column":74}},"5":{"start":{"line":33,"column":0},"end":{"line":38,"column":null}},"6":{"start":{"line":34,"column":4},"end":{"line":34,"column":55}},"7":{"start":{"line":35,"column":4},"end":{"line":37,"column":8}},"8":{"start":{"line":40,"column":0},"end":{"line":40,"column":22}}},"fnMap":{},"branchMap":{"0":{"loc":{"start":{"line":33,"column":0},"end":{"line":38,"column":null}},"type":"if","locations":[{"start":{"line":33,"column":0},"end":{"line":38,"column":null}},{"start":{"line":33,"column":0},"end":{"line":38,"column":null}}]}},"s":{"0":3,"1":3,"2":3,"3":3,"4":3,"5":3,"6":3,"7":3,"8":3},"f":{},"b":{"0":[3,0]}}
,"/Users/willdiaz/Documents/GitHub/swiftly_nodejs_scaffolding/src/util/restful.response.util.ts": {"path":"/Users/willdiaz/Documents/GitHub/swiftly_nodejs_scaffolding/src/util/restful.response.util.ts","statementMap":{"0":{"start":{"line":2,"column":0},"end":{"line":2,"column":41}},"1":{"start":{"line":4,"column":2},"end":{"line":10,"column":5}},"2":{"start":{"line":3,"column":0},"end":{"line":3,"column":24}},"3":{"start":{"line":16,"column":0},"end":{"line":16,"column":16}},"4":{"start":{"line":22,"column":0},"end":{"line":22,"column":16}},"5":{"start":{"line":28,"column":0},"end":{"line":28,"column":16}},"6":{"start":{"line":44,"column":2},"end":{"line":44,"column":47}},"7":{"start":{"line":45,"column":19},"end":{"line":45,"column":53}},"8":{"start":{"line":46,"column":19},"end":{"line":51,"column":4}},"9":{"start":{"line":52,"column":2},"end":{"line":52,"column":25}},"10":{"start":{"line":53,"column":2},"end":{"line":53,"column":55}},"11":{"start":{"line":40,"column":0},"end":{"line":40,"column":16}}},"fnMap":{"0":{"name":"toJSON","decl":{"start":{"line":3,"column":24},"end":{"line":3,"column":30}},"loc":{"start":{"line":3,"column":68},"end":{"line":11,"column":1}}},"1":{"name":"errorHandler","decl":{"start":{"line":40,"column":16},"end":{"line":40,"column":28}},"loc":{"start":{"line":40,"column":56},"end":{"line":54,"column":1}}}},"branchMap":{"0":{"loc":{"start":{"line":4,"column":21},"end":{"line":4,"column":48}},"type":"binary-expr","locations":[{"start":{"line":4,"column":21},"end":{"line":4,"column":48}},{"start":{"line":4,"column":52},"end":{"line":4,"column":55}}]},"1":{"loc":{"start":{"line":6,"column":18},"end":{"line":6,"column":45}},"type":"binary-expr","locations":[{"start":{"line":6,"column":18},"end":{"line":6,"column":45}},{"start":{"line":6,"column":49},"end":{"line":6,"column":52}}]},"2":{"loc":{"start":{"line":7,"column":14},"end":{"line":7,"column":35}},"type":"binary-expr","locations":[{"start":{"line":7,"column":14},"end":{"line":7,"column":35}},{"start":{"line":7,"column":39},"end":{"line":7,"column":41}}]},"3":{"loc":{"start":{"line":9,"column":14},"end":{"line":9,"column":35}},"type":"binary-expr","locations":[{"start":{"line":9,"column":14},"end":{"line":9,"column":35}},{"start":{"line":9,"column":39},"end":{"line":9,"column":80}}]},"4":{"loc":{"start":{"line":45,"column":30},"end":{"line":45,"column":47}},"type":"cond-expr","locations":[{"start":{"line":45,"column":30},"end":{"line":45,"column":47}},{"start":{"line":45,"column":50},"end":{"line":45,"column":53}}]},"5":{"loc":{"start":{"line":49,"column":14},"end":{"line":49,"column":25}},"type":"binary-expr","locations":[{"start":{"line":49,"column":14},"end":{"line":49,"column":25}},{"start":{"line":49,"column":29},"end":{"line":49,"column":31}}]}},"s":{"0":2,"1":0,"2":2,"3":2,"4":2,"5":2,"6":0,"7":0,"8":0,"9":0,"10":0,"11":2},"f":{"0":0,"1":0},"b":{"0":[0,0],"1":[0,0],"2":[0,0],"3":[0,0],"4":[0,0],"5":[0,0]}}
,"/Users/willdiaz/Documents/GitHub/swiftly_nodejs_scaffolding/src/util/secrets.util.ts": {"path":"/Users/willdiaz/Documents/GitHub/swiftly_nodejs_scaffolding/src/util/secrets.util.ts","statementMap":{"0":{"start":{"line":1,"column":0},"end":{"line":1,"column":28}},"1":{"start":{"line":2,"column":0},"end":{"line":2,"column":20}},"2":{"start":{"line":4,"column":0},"end":{"line":8,"column":null}},"3":{"start":{"line":5,"column":2},"end":{"line":5,"column":36}},"4":{"start":{"line":7,"column":2},"end":{"line":7,"column":40}},"5":{"start":{"line":14,"column":0},"end":{"line":14,"column":40}},"6":{"start":{"line":15,"column":0},"end":{"line":15,"column":21}},"7":{"start":{"line":17,"column":0},"end":{"line":17,"column":40}},"8":{"start":{"line":18,"column":0},"end":{"line":18,"column":21}},"9":{"start":{"line":20,"column":13},"end":{"line":20,"column":48}},"10":{"start":{"line":21,"column":0},"end":{"line":21,"column":24}},"11":{"start":{"line":23,"column":0},"end":{"line":23,"column":46}},"12":{"start":{"line":24,"column":0},"end":{"line":24,"column":27}},"13":{"start":{"line":26,"column":0},"end":{"line":26,"column":41}},"14":{"start":{"line":27,"column":0},"end":{"line":27,"column":22}},"15":{"start":{"line":29,"column":0},"end":{"line":29,"column":46}},"16":{"start":{"line":30,"column":0},"end":{"line":30,"column":27}},"17":{"start":{"line":32,"column":0},"end":{"line":32,"column":46}},"18":{"start":{"line":33,"column":0},"end":{"line":33,"column":27}},"19":{"start":{"line":35,"column":0},"end":{"line":35,"column":51}},"20":{"start":{"line":36,"column":0},"end":{"line":36,"column":32}},"21":{"start":{"line":38,"column":0},"end":{"line":38,"column":58}},"22":{"start":{"line":39,"column":0},"end":{"line":39,"column":39}},"23":{"start":{"line":41,"column":0},"end":{"line":41,"column":40}},"24":{"start":{"line":42,"column":0},"end":{"line":42,"column":21}}},"fnMap":{},"branchMap":{"0":{"loc":{"start":{"line":4,"column":0},"end":{"line":8,"column":null}},"type":"if","locations":[{"start":{"line":4,"column":0},"end":{"line":8,"column":null}},{"start":{"line":4,"column":0},"end":{"line":8,"column":null}}]}},"s":{"0":3,"1":3,"2":3,"3":0,"4":3,"5":3,"6":3,"7":3,"8":3,"9":3,"10":3,"11":3,"12":3,"13":3,"14":3,"15":3,"16":3,"17":3,"18":3,"19":3,"20":3,"21":3,"22":3,"23":3,"24":3},"f":{},"b":{"0":[0,3]}}
}
