TN:
SF:src/app.ts
FN:4,(anonymous_0)
FN:11,(anonymous_1)
FN:12,(anonymous_2)
FN:16,(anonymous_3)
FN:20,(anonymous_4)
FN:24,(anonymous_5)
FN:30,(anonymous_6)
FN:32,(anonymous_7)
FN:33,(anonymous_8)
FN:37,(anonymous_9)
FNF:10
FNH:9
FNDA:2,(anonymous_0)
FNDA:2,(anonymous_1)
FNDA:1,(anonymous_2)
FNDA:1,(anonymous_3)
FNDA:1,(anonymous_4)
FNDA:1,(anonymous_5)
FNDA:4,(anonymous_6)
FNDA:4,(anonymous_7)
FNDA:4,(anonymous_8)
FNDA:0,(anonymous_9)
DA:1,2
DA:2,2
DA:3,2
DA:5,2
DA:6,2
DA:7,2
DA:8,2
DA:9,2
DA:12,2
DA:13,1
DA:14,1
DA:16,2
DA:17,1
DA:18,1
DA:20,2
DA:21,1
DA:22,1
DA:24,2
DA:25,1
DA:26,1
DA:31,4
DA:32,4
DA:34,4
DA:35,4
DA:38,0
DA:39,0
LF:26
LH:24
BRF:0
BRH:0
end_of_record
TN:
SF:src/express-server.ts
FN:31,(anonymous_1)
FN:44,(anonymous_2)
FN:60,(anonymous_3)
FN:64,(anonymous_4)
FN:65,(anonymous_5)
FN:74,(anonymous_6)
FN:87,(anonymous_7)
FN:93,(anonymous_8)
FN:101,(anonymous_9)
FN:104,(anonymous_10)
FN:108,(anonymous_11)
FN:112,(anonymous_12)
FN:113,(anonymous_13)
FN:120,(anonymous_14)
FN:130,(anonymous_15)
FNF:15
FNH:15
FNDA:4,(anonymous_1)
FNDA:4,(anonymous_2)
FNDA:4,(anonymous_3)
FNDA:4,(anonymous_4)
FNDA:2,(anonymous_5)
FNDA:4,(anonymous_6)
FNDA:4,(anonymous_7)
FNDA:2,(anonymous_8)
FNDA:4,(anonymous_9)
FNDA:4,(anonymous_10)
FNDA:4,(anonymous_11)
FNDA:4,(anonymous_12)
FNDA:1,(anonymous_13)
FNDA:1,(anonymous_14)
FNDA:4,(anonymous_15)
DA:1,2
DA:3,2
DA:6,2
DA:7,2
DA:8,2
DA:9,2
DA:10,2
DA:11,2
DA:12,2
DA:13,2
DA:14,2
DA:15,2
DA:16,2
DA:17,2
DA:19,2
DA:20,2
DA:22,2
DA:32,4
DA:33,4
DA:34,4
DA:35,4
DA:36,4
DA:37,4
DA:38,4
DA:39,4
DA:40,4
DA:41,4
DA:42,4
DA:45,4
DA:46,4
DA:47,4
DA:48,4
DA:49,4
DA:50,4
DA:51,4
DA:52,4
DA:53,4
DA:54,4
DA:55,4
DA:57,4
DA:61,4
DA:65,4
DA:66,2
DA:67,2
DA:68,2
DA:69,2
DA:70,2
DA:75,4
DA:79,4
DA:80,4
DA:81,4
DA:82,4
DA:83,4
DA:84,4
DA:88,4
DA:89,4
DA:90,4
DA:91,4
DA:92,4
DA:93,4
DA:94,2
DA:97,4
DA:98,4
DA:109,4
DA:113,4
DA:114,1
DA:120,4
DA:121,1
DA:131,4
DA:132,4
LF:70
LH:70
BRDA:51,0,0,4
BRDA:51,0,1,0
BRDA:51,1,0,4
BRDA:51,1,1,4
BRDA:61,2,0,4
BRDA:61,2,1,0
BRDA:97,3,0,4
BRDA:97,3,1,0
BRDA:97,4,0,4
BRDA:97,4,1,4
BRF:10
BRH:7
end_of_record
TN:
SF:src/index.ts
FNF:0
FNH:0
DA:1,2
DA:2,2
DA:3,2
DA:5,2
DA:12,2
DA:13,2
LF:6
LH:6
BRF:0
BRH:0
end_of_record
TN:
SF:src/core/accounts/accounts.controllers.ts
FN:14,(anonymous_7)
FN:14,(anonymous_8)
FN:41,(anonymous_9)
FN:41,(anonymous_10)
FN:70,(anonymous_11)
FN:70,(anonymous_12)
FN:101,(anonymous_13)
FN:101,(anonymous_14)
FN:130,(anonymous_15)
FN:130,(anonymous_16)
FNF:10
FNH:10
FNDA:2,(anonymous_7)
FNDA:2,(anonymous_8)
FNDA:2,(anonymous_9)
FNDA:2,(anonymous_10)
FNDA:2,(anonymous_11)
FNDA:2,(anonymous_12)
FNDA:2,(anonymous_13)
FNDA:2,(anonymous_14)
FNDA:2,(anonymous_15)
FNDA:2,(anonymous_16)
DA:2,3
DA:3,3
DA:14,3
DA:17,2
DA:18,2
DA:20,2
DA:21,2
DA:22,1
DA:28,1
DA:41,3
DA:44,2
DA:45,2
DA:46,2
DA:48,2
DA:49,2
DA:50,1
DA:57,1
DA:70,3
DA:73,2
DA:74,2
DA:75,2
DA:76,2
DA:77,2
DA:79,2
DA:80,2
DA:81,1
DA:87,1
DA:101,3
DA:104,2
DA:105,2
DA:106,2
DA:108,2
DA:109,2
DA:110,1
DA:116,1
DA:130,3
DA:133,2
DA:134,2
DA:136,2
DA:137,2
DA:138,1
DA:145,1
LF:42
LH:42
BRDA:21,0,0,1
BRDA:21,0,1,1
BRDA:49,1,0,1
BRDA:49,1,1,1
BRDA:80,2,0,1
BRDA:80,2,1,1
BRDA:109,3,0,1
BRDA:109,3,1,1
BRDA:137,4,0,1
BRDA:137,4,1,1
BRF:10
BRH:10
end_of_record
TN:
SF:src/core/accounts/accounts.service.ts
FN:20,(anonymous_7)
FN:22,(anonymous_9)
FN:22,(anonymous_10)
FN:63,(anonymous_11)
FN:65,(anonymous_13)
FN:65,(anonymous_14)
FN:98,(anonymous_15)
FN:100,(anonymous_17)
FN:100,(anonymous_18)
FN:142,(anonymous_19)
FN:144,(anonymous_21)
FN:144,(anonymous_22)
FN:182,(anonymous_23)
FN:184,(anonymous_25)
FN:184,(anonymous_26)
FNF:15
FNH:15
FNDA:1,(anonymous_7)
FNDA:1,(anonymous_9)
FNDA:1,(anonymous_10)
FNDA:1,(anonymous_11)
FNDA:1,(anonymous_13)
FNDA:1,(anonymous_14)
FNDA:1,(anonymous_15)
FNDA:1,(anonymous_17)
FNDA:1,(anonymous_18)
FNDA:1,(anonymous_19)
FNDA:1,(anonymous_21)
FNDA:1,(anonymous_22)
FNDA:1,(anonymous_23)
FNDA:1,(anonymous_25)
FNDA:1,(anonymous_26)
DA:2,3
DA:3,3
DA:8,3
DA:9,3
DA:11,3
DA:22,1
DA:29,1
DA:36,1
DA:37,1
DA:39,0
DA:46,0
DA:65,1
DA:67,1
DA:71,1
DA:72,1
DA:74,0
DA:81,0
DA:100,1
DA:102,1
DA:114,1
DA:115,1
DA:117,0
DA:124,0
DA:144,1
DA:149,1
DA:153,1
DA:154,1
DA:156,0
DA:163,0
DA:184,1
DA:189,1
DA:196,1
DA:203,1
DA:204,1
DA:206,0
DA:213,0
LF:36
LH:26
BRDA:75,0,0,0
BRDA:75,0,1,0
BRDA:118,1,0,0
BRDA:118,1,1,0
BRF:4
BRH:0
end_of_record
TN:
SF:src/databases/mongodb.connector.ts
FN:8,(anonymous_8)
FN:15,getPoolConnection
FN:22,setConnection
FN:25,(anonymous_13)
FN:28,(anonymous_14)
FNF:5
FNH:3
FNDA:3,(anonymous_8)
FNDA:5,getPoolConnection
FNDA:5,setConnection
FNDA:0,(anonymous_13)
FNDA:0,(anonymous_14)
DA:1,3
DA:2,3
DA:3,3
DA:5,3
DA:8,3
DA:15,3
DA:16,5
DA:17,5
DA:18,0
DA:20,0
DA:23,5
DA:24,5
DA:26,0
DA:29,0
DA:32,0
DA:33,0
LF:16
LH:10
BRDA:16,0,0,5
BRDA:16,0,1,0
BRDA:8,1,0,3
BRDA:8,1,1,3
BRF:4
BRH:3
end_of_record
TN:
SF:src/databases/mongodb.service.ts
FN:4,(anonymous_8)
FN:11,getMongoDBInstance
FN:28,findDoc
FN:29,(anonymous_13)
FN:29,(anonymous_14)
FN:32,(anonymous_15)
FN:32,(anonymous_16)
FN:70,createDoc
FN:71,(anonymous_19)
FN:71,(anonymous_20)
FN:74,(anonymous_21)
FN:91,updateDoc
FN:92,(anonymous_24)
FN:92,(anonymous_25)
FN:97,(anonymous_26)
FN:114,deleteDoc
FN:115,(anonymous_29)
FN:115,(anonymous_30)
FN:118,(anonymous_31)
FN:135,searchDoc
FN:136,(anonymous_34)
FN:136,(anonymous_35)
FN:142,(anonymous_36)
FNF:23
FNH:17
FNDA:3,(anonymous_8)
FNDA:5,getMongoDBInstance
FNDA:1,findDoc
FNDA:1,(anonymous_13)
FNDA:1,(anonymous_14)
FNDA:0,(anonymous_15)
FNDA:0,(anonymous_16)
FNDA:1,createDoc
FNDA:1,(anonymous_19)
FNDA:1,(anonymous_20)
FNDA:0,(anonymous_21)
FNDA:1,updateDoc
FNDA:1,(anonymous_24)
FNDA:1,(anonymous_25)
FNDA:0,(anonymous_26)
FNDA:1,deleteDoc
FNDA:1,(anonymous_29)
FNDA:1,(anonymous_30)
FNDA:0,(anonymous_31)
FNDA:1,searchDoc
FNDA:1,(anonymous_34)
FNDA:1,(anonymous_35)
FNDA:0,(anonymous_36)
DA:1,3
DA:2,3
DA:4,3
DA:12,5
DA:13,5
DA:15,0
DA:16,0
DA:28,3
DA:29,1
DA:30,1
DA:31,0
DA:32,0
DA:33,0
DA:34,0
DA:36,0
DA:70,3
DA:71,1
DA:72,1
DA:73,0
DA:74,0
DA:75,0
DA:76,0
DA:78,0
DA:91,3
DA:92,1
DA:93,1
DA:94,0
DA:95,0
DA:98,0
DA:99,0
DA:101,0
DA:114,3
DA:115,1
DA:116,1
DA:117,0
DA:118,0
DA:119,0
DA:120,0
DA:122,0
DA:135,3
DA:136,1
DA:137,1
DA:138,0
DA:139,0
DA:140,0
DA:141,0
DA:142,0
DA:143,0
DA:144,0
DA:146,0
LF:50
LH:20
BRDA:33,0,0,0
BRDA:33,0,1,0
BRDA:75,1,0,0
BRDA:75,1,1,0
BRDA:98,2,0,0
BRDA:98,2,1,0
BRDA:119,3,0,0
BRDA:119,3,1,0
BRDA:139,4,0,0
BRDA:139,4,1,0
BRDA:140,5,0,0
BRDA:140,5,1,0
BRDA:141,6,0,0
BRDA:141,6,1,0
BRDA:143,7,0,0
BRDA:143,7,1,0
BRDA:4,8,0,3
BRDA:4,8,1,3
BRF:18
BRH:2
end_of_record
TN:
SF:src/middlewares/auth.middleware.ts
FN:16,(anonymous_2)
FN:19,(anonymous_3)
FNF:2
FNH:0
FNDA:0,(anonymous_2)
FNDA:0,(anonymous_3)
DA:4,2
DA:5,2
DA:6,2
DA:16,2
DA:17,0
DA:18,0
DA:19,0
DA:20,0
DA:21,0
DA:22,0
DA:23,0
DA:25,0
DA:28,0
DA:31,0
DA:35,0
LF:15
LH:4
BRDA:17,0,0,0
BRDA:17,0,1,0
BRDA:18,1,0,0
BRDA:18,1,1,0
BRDA:21,2,0,0
BRDA:21,2,1,0
BRDA:22,3,0,0
BRDA:22,3,1,0
BRF:8
BRH:0
end_of_record
TN:
SF:src/middlewares/status.monitor.middleware.ts
FN:10,(anonymous_1)
FNF:1
FNH:1
FNDA:4,(anonymous_1)
DA:7,2
DA:12,4
DA:15,4
DA:49,4
DA:50,4
DA:54,2
LF:6
LH:6
BRF:0
BRH:0
end_of_record
TN:
SF:src/routes/accounts.routes.ts
FN:11,AccountsRoutes
FN:14,(anonymous_9)
FN:14,(anonymous_10)
FN:24,(anonymous_11)
FN:24,(anonymous_12)
FN:35,(anonymous_13)
FN:35,(anonymous_14)
FN:45,(anonymous_15)
FN:45,(anonymous_16)
FN:55,(anonymous_17)
FN:55,(anonymous_18)
FNF:11
FNH:1
FNDA:4,AccountsRoutes
FNDA:0,(anonymous_9)
FNDA:0,(anonymous_10)
FNDA:0,(anonymous_11)
FNDA:0,(anonymous_12)
FNDA:0,(anonymous_13)
FNDA:0,(anonymous_14)
FNDA:0,(anonymous_15)
FNDA:0,(anonymous_16)
FNDA:0,(anonymous_17)
FNDA:0,(anonymous_18)
DA:2,2
DA:3,2
DA:4,2
DA:11,2
DA:14,4
DA:15,0
DA:16,0
DA:17,0
DA:20,0
DA:24,4
DA:25,0
DA:26,0
DA:27,0
DA:30,0
DA:35,4
DA:36,0
DA:37,0
DA:38,0
DA:41,0
DA:45,4
DA:46,0
DA:47,0
DA:48,0
DA:51,0
DA:55,4
DA:56,0
DA:57,0
DA:58,0
DA:61,0
LF:29
LH:9
BRF:0
BRH:0
end_of_record
TN:
SF:src/routes/index.routes.loader.ts
FN:15,(anonymous_0)
FNF:1
FNH:1
FNDA:4,(anonymous_0)
DA:2,2
DA:8,2
DA:16,4
LF:3
LH:3
BRF:0
BRH:0
end_of_record
TN:
SF:src/util/hash.generator.util.ts
FN:2,(anonymous_1)
FN:9,injectHash
FN:21,getUniqueHash
FNF:3
FNH:3
FNDA:3,(anonymous_1)
FNDA:1,injectHash
FNDA:2,getUniqueHash
DA:1,3
DA:2,3
DA:9,3
DA:10,1
DA:13,1
DA:14,1
DA:15,1
DA:18,0
DA:21,3
DA:22,2
DA:25,2
DA:28,0
LF:12
LH:10
BRDA:25,0,0,2
BRDA:25,0,1,2
BRDA:2,1,0,3
BRDA:2,1,1,3
BRF:4
BRH:4
end_of_record
TN:
SF:src/util/logger.util.ts
FNF:0
FNH:0
DA:1,3
DA:2,3
DA:5,3
DA:24,3
DA:28,3
DA:33,3
DA:34,3
DA:35,3
DA:40,3
LF:9
LH:9
BRDA:33,0,0,3
BRDA:33,0,1,0
BRF:2
BRH:1
end_of_record
TN:
SF:src/util/restful.response.util.ts
FN:3,toJSON
FN:40,errorHandler
FNF:2
FNH:0
FNDA:0,toJSON
FNDA:0,errorHandler
DA:2,2
DA:3,2
DA:4,0
DA:16,2
DA:22,2
DA:28,2
DA:40,2
DA:44,0
DA:45,0
DA:46,0
DA:52,0
DA:53,0
LF:12
LH:6
BRDA:4,0,0,0
BRDA:4,0,1,0
BRDA:6,1,0,0
BRDA:6,1,1,0
BRDA:7,2,0,0
BRDA:7,2,1,0
BRDA:9,3,0,0
BRDA:9,3,1,0
BRDA:45,4,0,0
BRDA:45,4,1,0
BRDA:49,5,0,0
BRDA:49,5,1,0
BRF:12
BRH:0
end_of_record
TN:
SF:src/util/secrets.util.ts
FNF:0
FNH:0
DA:1,3
DA:2,3
DA:4,3
DA:5,0
DA:7,3
DA:14,3
DA:15,3
DA:17,3
DA:18,3
DA:20,3
DA:21,3
DA:23,3
DA:24,3
DA:26,3
DA:27,3
DA:29,3
DA:30,3
DA:32,3
DA:33,3
DA:35,3
DA:36,3
DA:38,3
DA:39,3
DA:41,3
DA:42,3
LF:25
LH:24
BRDA:4,0,0,0
BRDA:4,0,1,3
BRF:2
BRH:1
end_of_record
