TN:
SF:src/app.ts
FN:4,(anonymous_0)
FN:11,(anonymous_1)
FN:12,(anonymous_2)
FN:16,(anonymous_3)
FN:20,(anonymous_4)
FN:24,(anonymous_5)
FN:30,(anonymous_6)
FN:32,(anonymous_7)
FN:33,(anonymous_8)
FN:37,(anonymous_9)
FNF:10
FNH:2
FNDA:1,(anonymous_0)
FNDA:1,(anonymous_1)
FNDA:0,(anonymous_2)
FNDA:0,(anonymous_3)
FNDA:0,(anonymous_4)
FNDA:0,(anonymous_5)
FNDA:0,(anonymous_6)
FNDA:0,(anonymous_7)
FNDA:0,(anonymous_8)
FNDA:0,(anonymous_9)
DA:1,1
DA:2,1
DA:3,1
DA:5,1
DA:6,1
DA:7,1
DA:8,1
DA:9,1
DA:12,1
DA:13,0
DA:14,0
DA:16,1
DA:17,0
DA:18,0
DA:20,1
DA:21,0
DA:22,0
DA:24,1
DA:25,0
DA:26,0
DA:31,0
DA:32,0
DA:34,0
DA:35,0
DA:38,0
DA:39,0
LF:26
LH:12
BRF:0
BRH:0
end_of_record
TN:
SF:src/express-server.ts
FN:31,(anonymous_1)
FN:44,(anonymous_2)
FN:60,(anonymous_3)
FN:64,(anonymous_4)
FN:65,(anonymous_5)
FN:74,(anonymous_6)
FN:87,(anonymous_7)
FN:93,(anonymous_8)
FN:101,(anonymous_9)
FN:104,(anonymous_10)
FN:108,(anonymous_11)
FN:112,(anonymous_12)
FN:113,(anonymous_13)
FN:120,(anonymous_14)
FN:130,(anonymous_15)
FNF:15
FNH:14
FNDA:2,(anonymous_1)
FNDA:2,(anonymous_2)
FNDA:0,(anonymous_3)
FNDA:2,(anonymous_4)
FNDA:2,(anonymous_5)
FNDA:2,(anonymous_6)
FNDA:2,(anonymous_7)
FNDA:2,(anonymous_8)
FNDA:2,(anonymous_9)
FNDA:2,(anonymous_10)
FNDA:2,(anonymous_11)
FNDA:2,(anonymous_12)
FNDA:1,(anonymous_13)
FNDA:1,(anonymous_14)
FNDA:2,(anonymous_15)
DA:1,1
DA:3,1
DA:6,1
DA:7,1
DA:8,1
DA:9,1
DA:10,1
DA:11,1
DA:12,1
DA:13,1
DA:14,1
DA:15,1
DA:16,1
DA:17,1
DA:19,1
DA:20,1
DA:22,1
DA:32,2
DA:33,2
DA:34,2
DA:35,2
DA:36,2
DA:37,2
DA:38,2
DA:39,2
DA:40,2
DA:41,2
DA:42,2
DA:45,2
DA:46,2
DA:47,2
DA:48,2
DA:49,2
DA:50,2
DA:51,2
DA:52,2
DA:53,2
DA:54,2
DA:55,2
DA:57,2
DA:61,0
DA:65,2
DA:66,2
DA:67,2
DA:68,2
DA:69,2
DA:70,2
DA:75,2
DA:79,2
DA:80,2
DA:81,2
DA:82,2
DA:83,2
DA:84,2
DA:88,2
DA:89,2
DA:90,2
DA:91,2
DA:92,2
DA:93,2
DA:94,2
DA:97,2
DA:98,2
DA:109,2
DA:113,2
DA:114,1
DA:120,2
DA:121,1
DA:131,2
DA:132,2
LF:70
LH:69
BRDA:51,0,0,2
BRDA:51,0,1,0
BRDA:51,1,0,2
BRDA:51,1,1,2
BRDA:61,2,0,0
BRDA:61,2,1,0
BRDA:97,3,0,2
BRDA:97,3,1,0
BRDA:97,4,0,2
BRDA:97,4,1,2
BRF:10
BRH:6
end_of_record
TN:
SF:src/index.ts
FNF:0
FNH:0
DA:1,1
DA:2,1
DA:3,1
DA:5,1
DA:12,1
DA:13,1
LF:6
LH:6
BRF:0
BRH:0
end_of_record
TN:
SF:src/core/accounts/accounts.controllers.ts
FN:14,(anonymous_7)
FN:14,(anonymous_8)
FN:41,(anonymous_9)
FN:41,(anonymous_10)
FN:69,(anonymous_11)
FN:69,(anonymous_12)
FN:98,(anonymous_13)
FN:98,(anonymous_14)
FN:129,(anonymous_15)
FN:129,(anonymous_16)
FN:158,(anonymous_17)
FN:158,(anonymous_18)
FNF:12
FNH:0
FNDA:0,(anonymous_7)
FNDA:0,(anonymous_8)
FNDA:0,(anonymous_9)
FNDA:0,(anonymous_10)
FNDA:0,(anonymous_11)
FNDA:0,(anonymous_12)
FNDA:0,(anonymous_13)
FNDA:0,(anonymous_14)
FNDA:0,(anonymous_15)
FNDA:0,(anonymous_16)
FNDA:0,(anonymous_17)
FNDA:0,(anonymous_18)
DA:2,1
DA:3,1
DA:14,1
DA:17,0
DA:18,0
DA:20,0
DA:21,0
DA:22,0
DA:28,0
DA:41,1
DA:44,0
DA:45,0
DA:46,0
DA:48,0
DA:49,0
DA:50,0
DA:56,0
DA:69,1
DA:72,0
DA:73,0
DA:74,0
DA:76,0
DA:77,0
DA:78,0
DA:85,0
DA:98,1
DA:101,0
DA:102,0
DA:103,0
DA:104,0
DA:105,0
DA:107,0
DA:108,0
DA:109,0
DA:115,0
DA:129,1
DA:132,0
DA:133,0
DA:134,0
DA:136,0
DA:137,0
DA:138,0
DA:144,0
DA:158,1
DA:161,0
DA:162,0
DA:164,0
DA:165,0
DA:166,0
DA:173,0
LF:50
LH:8
BRDA:21,0,0,0
BRDA:21,0,1,0
BRDA:49,1,0,0
BRDA:49,1,1,0
BRDA:77,2,0,0
BRDA:77,2,1,0
BRDA:108,3,0,0
BRDA:108,3,1,0
BRDA:137,4,0,0
BRDA:137,4,1,0
BRDA:165,5,0,0
BRDA:165,5,1,0
BRF:12
BRH:0
end_of_record
TN:
SF:src/core/accounts/accounts.service.ts
FN:16,(anonymous_8)
FN:18,(anonymous_10)
FN:18,(anonymous_11)
FN:73,(anonymous_12)
FN:75,(anonymous_14)
FN:75,(anonymous_15)
FN:109,(anonymous_16)
FN:111,(anonymous_18)
FN:111,(anonymous_19)
FN:146,(anonymous_20)
FN:148,(anonymous_22)
FN:148,(anonymous_23)
FN:192,(anonymous_24)
FN:194,(anonymous_26)
FN:194,(anonymous_27)
FN:238,(anonymous_28)
FN:240,(anonymous_30)
FN:240,(anonymous_31)
FNF:18
FNH:0
FNDA:0,(anonymous_8)
FNDA:0,(anonymous_10)
FNDA:0,(anonymous_11)
FNDA:0,(anonymous_12)
FNDA:0,(anonymous_14)
FNDA:0,(anonymous_15)
FNDA:0,(anonymous_16)
FNDA:0,(anonymous_18)
FNDA:0,(anonymous_19)
FNDA:0,(anonymous_20)
FNDA:0,(anonymous_22)
FNDA:0,(anonymous_23)
FNDA:0,(anonymous_24)
FNDA:0,(anonymous_26)
FNDA:0,(anonymous_27)
FNDA:0,(anonymous_28)
FNDA:0,(anonymous_30)
FNDA:0,(anonymous_31)
DA:2,1
DA:3,1
DA:5,1
DA:7,1
DA:18,0
DA:25,0
DA:32,0
DA:36,0
DA:46,0
DA:47,0
DA:49,0
DA:56,0
DA:75,0
DA:77,0
DA:82,0
DA:83,0
DA:85,0
DA:92,0
DA:111,0
DA:113,0
DA:119,0
DA:120,0
DA:122,0
DA:129,0
DA:148,0
DA:155,0
DA:160,0
DA:165,0
DA:166,0
DA:168,0
DA:175,0
DA:194,0
DA:201,0
DA:206,0
DA:211,0
DA:212,0
DA:214,0
DA:221,0
DA:240,0
DA:242,0
DA:248,0
DA:249,0
DA:251,0
DA:258,0
LF:44
LH:4
BRF:0
BRH:0
end_of_record
TN:
SF:src/databases/oracle.connector.ts
FN:7,(anonymous_8)
FN:14,getPoolConnection
FN:23,setConnection
FN:53,closePoolAndExit
FNF:4
FNH:1
FNDA:1,(anonymous_8)
FNDA:0,getPoolConnection
FNDA:0,setConnection
FNDA:0,closePoolAndExit
DA:1,1
DA:2,1
DA:3,1
DA:7,1
DA:14,1
DA:16,0
DA:17,0
DA:18,0
DA:20,0
DA:24,0
DA:25,0
DA:46,0
DA:47,0
DA:54,0
DA:55,0
DA:61,0
DA:62,0
DA:64,0
LF:18
LH:5
BRDA:16,0,0,0
BRDA:16,0,1,0
BRDA:7,1,0,1
BRDA:7,1,1,1
BRF:4
BRH:2
end_of_record
TN:
SF:src/databases/oracle.service.ts
FN:4,(anonymous_8)
FN:14,executeSelectQuery
FN:15,(anonymous_11)
FN:15,(anonymous_12)
FN:49,executeInsertQuery
FN:50,(anonymous_15)
FN:50,(anonymous_16)
FN:81,executeUpdateQuery
FN:82,(anonymous_19)
FN:82,(anonymous_20)
FN:113,executeDeleteQuery
FN:114,(anonymous_23)
FN:114,(anonymous_24)
FNF:13
FNH:1
FNDA:1,(anonymous_8)
FNDA:0,executeSelectQuery
FNDA:0,(anonymous_11)
FNDA:0,(anonymous_12)
FNDA:0,executeInsertQuery
FNDA:0,(anonymous_15)
FNDA:0,(anonymous_16)
FNDA:0,executeUpdateQuery
FNDA:0,(anonymous_19)
FNDA:0,(anonymous_20)
FNDA:0,executeDeleteQuery
FNDA:0,(anonymous_23)
FNDA:0,(anonymous_24)
DA:1,1
DA:2,1
DA:3,1
DA:4,1
DA:14,1
DA:15,0
DA:17,0
DA:20,0
DA:21,0
DA:22,0
DA:23,0
DA:26,0
DA:28,0
DA:29,0
DA:31,0
DA:33,0
DA:34,0
DA:49,1
DA:50,0
DA:52,0
DA:55,0
DA:56,0
DA:57,0
DA:60,0
DA:62,0
DA:63,0
DA:65,0
DA:67,0
DA:68,0
DA:81,1
DA:82,0
DA:84,0
DA:87,0
DA:88,0
DA:89,0
DA:92,0
DA:94,0
DA:95,0
DA:97,0
DA:99,0
DA:100,0
DA:113,1
DA:114,0
DA:116,0
DA:119,0
DA:120,0
DA:121,0
DA:124,0
DA:126,0
DA:127,0
DA:129,0
DA:131,0
DA:132,0
LF:53
LH:8
BRDA:21,0,0,0
BRDA:21,0,1,0
BRDA:28,1,0,0
BRDA:28,1,1,0
BRDA:62,2,0,0
BRDA:62,2,1,0
BRDA:94,3,0,0
BRDA:94,3,1,0
BRDA:126,4,0,0
BRDA:126,4,1,0
BRDA:4,5,0,1
BRDA:4,5,1,1
BRF:12
BRH:2
end_of_record
TN:
SF:src/middlewares/auth.middleware.ts
FN:16,(anonymous_2)
FN:19,(anonymous_3)
FNF:2
FNH:0
FNDA:0,(anonymous_2)
FNDA:0,(anonymous_3)
DA:4,1
DA:5,1
DA:6,1
DA:16,1
DA:17,0
DA:18,0
DA:19,0
DA:20,0
DA:21,0
DA:22,0
DA:23,0
DA:25,0
DA:28,0
DA:31,0
DA:35,0
LF:15
LH:4
BRDA:17,0,0,0
BRDA:17,0,1,0
BRDA:18,1,0,0
BRDA:18,1,1,0
BRDA:21,2,0,0
BRDA:21,2,1,0
BRDA:22,3,0,0
BRDA:22,3,1,0
BRF:8
BRH:0
end_of_record
TN:
SF:src/middlewares/status.monitor.middleware.ts
FN:10,(anonymous_1)
FNF:1
FNH:1
FNDA:2,(anonymous_1)
DA:7,1
DA:12,2
DA:15,2
DA:49,2
DA:50,2
DA:54,1
LF:6
LH:6
BRF:0
BRH:0
end_of_record
TN:
SF:src/routes/accounts.routes.ts
FN:11,AccountsRoutes
FN:14,(anonymous_9)
FN:14,(anonymous_10)
FN:24,(anonymous_11)
FN:24,(anonymous_12)
FN:35,(anonymous_13)
FN:35,(anonymous_14)
FN:46,(anonymous_15)
FN:46,(anonymous_16)
FN:56,(anonymous_17)
FN:56,(anonymous_18)
FN:66,(anonymous_19)
FN:66,(anonymous_20)
FNF:13
FNH:1
FNDA:2,AccountsRoutes
FNDA:0,(anonymous_9)
FNDA:0,(anonymous_10)
FNDA:0,(anonymous_11)
FNDA:0,(anonymous_12)
FNDA:0,(anonymous_13)
FNDA:0,(anonymous_14)
FNDA:0,(anonymous_15)
FNDA:0,(anonymous_16)
FNDA:0,(anonymous_17)
FNDA:0,(anonymous_18)
FNDA:0,(anonymous_19)
FNDA:0,(anonymous_20)
DA:2,1
DA:3,1
DA:4,1
DA:11,1
DA:14,2
DA:15,0
DA:16,0
DA:17,0
DA:20,0
DA:24,2
DA:25,0
DA:26,0
DA:27,0
DA:30,0
DA:35,2
DA:36,0
DA:37,0
DA:38,0
DA:41,0
DA:46,2
DA:47,0
DA:48,0
DA:49,0
DA:52,0
DA:56,2
DA:57,0
DA:58,0
DA:59,0
DA:62,0
DA:66,2
DA:67,0
DA:68,0
DA:69,0
DA:72,0
LF:34
LH:10
BRF:0
BRH:0
end_of_record
TN:
SF:src/routes/index.routes.loader.ts
FN:15,(anonymous_0)
FNF:1
FNH:1
FNDA:2,(anonymous_0)
DA:2,1
DA:8,1
DA:16,2
LF:3
LH:3
BRF:0
BRH:0
end_of_record
TN:
SF:src/tests/unit/artifacts/processs.unit.test.specs.ts
FN:11,(anonymous_8)
FN:11,(anonymous_9)
FN:28,(anonymous_10)
FN:29,(anonymous_11)
FN:29,(anonymous_12)
FN:45,(anonymous_13)
FN:46,(anonymous_14)
FN:46,(anonymous_15)
FN:50,(anonymous_16)
FN:62,(anonymous_17)
FN:63,(anonymous_18)
FN:63,(anonymous_19)
FN:80,(anonymous_20)
FN:81,(anonymous_21)
FN:81,(anonymous_22)
FN:98,(anonymous_23)
FNF:16
FNH:0
FNDA:0,(anonymous_8)
FNDA:0,(anonymous_9)
FNDA:0,(anonymous_10)
FNDA:0,(anonymous_11)
FNDA:0,(anonymous_12)
FNDA:0,(anonymous_13)
FNDA:0,(anonymous_14)
FNDA:0,(anonymous_15)
FNDA:0,(anonymous_16)
FNDA:0,(anonymous_17)
FNDA:0,(anonymous_18)
FNDA:0,(anonymous_19)
FNDA:0,(anonymous_20)
FNDA:0,(anonymous_21)
FNDA:0,(anonymous_22)
FNDA:0,(anonymous_23)
DA:1,0
DA:2,0
DA:4,0
DA:11,0
DA:13,0
DA:14,0
DA:15,0
DA:18,0
DA:19,0
DA:28,0
DA:29,0
DA:31,0
DA:32,0
DA:33,0
DA:34,0
DA:35,0
DA:45,0
DA:46,0
DA:48,0
DA:49,0
DA:50,0
DA:51,0
DA:53,0
DA:62,0
DA:63,0
DA:65,0
DA:66,0
DA:67,0
DA:68,0
DA:70,0
DA:80,0
DA:81,0
DA:83,0
DA:85,0
DA:86,0
DA:87,0
DA:89,0
DA:98,0
DA:99,0
LF:39
LH:0
BRF:0
BRH:0
end_of_record
TN:
SF:src/tests/unit/components/accounts.unit.test.specs.ts
FN:19,(anonymous_9)
FN:19,(anonymous_10)
FN:38,(anonymous_11)
FN:39,(anonymous_12)
FN:39,(anonymous_13)
FN:74,(anonymous_14)
FN:75,(anonymous_15)
FN:75,(anonymous_16)
FN:109,(anonymous_17)
FN:110,(anonymous_18)
FN:110,(anonymous_19)
FN:142,(anonymous_20)
FN:143,(anonymous_21)
FN:143,(anonymous_22)
FN:172,(anonymous_23)
FN:173,(anonymous_24)
FN:173,(anonymous_25)
FN:205,(anonymous_26)
FN:206,(anonymous_27)
FN:206,(anonymous_28)
FN:235,(anonymous_29)
FN:236,(anonymous_30)
FN:236,(anonymous_31)
FN:265,(anonymous_32)
FN:266,(anonymous_33)
FN:266,(anonymous_34)
FN:296,(anonymous_35)
FN:297,(anonymous_36)
FN:297,(anonymous_37)
FN:325,(anonymous_38)
FN:326,(anonymous_39)
FN:326,(anonymous_40)
FNF:32
FNH:0
FNDA:0,(anonymous_9)
FNDA:0,(anonymous_10)
FNDA:0,(anonymous_11)
FNDA:0,(anonymous_12)
FNDA:0,(anonymous_13)
FNDA:0,(anonymous_14)
FNDA:0,(anonymous_15)
FNDA:0,(anonymous_16)
FNDA:0,(anonymous_17)
FNDA:0,(anonymous_18)
FNDA:0,(anonymous_19)
FNDA:0,(anonymous_20)
FNDA:0,(anonymous_21)
FNDA:0,(anonymous_22)
FNDA:0,(anonymous_23)
FNDA:0,(anonymous_24)
FNDA:0,(anonymous_25)
FNDA:0,(anonymous_26)
FNDA:0,(anonymous_27)
FNDA:0,(anonymous_28)
FNDA:0,(anonymous_29)
FNDA:0,(anonymous_30)
FNDA:0,(anonymous_31)
FNDA:0,(anonymous_32)
FNDA:0,(anonymous_33)
FNDA:0,(anonymous_34)
FNDA:0,(anonymous_35)
FNDA:0,(anonymous_36)
FNDA:0,(anonymous_37)
FNDA:0,(anonymous_38)
FNDA:0,(anonymous_39)
FNDA:0,(anonymous_40)
DA:1,0
DA:2,0
DA:3,0
DA:4,0
DA:5,0
DA:19,0
DA:20,0
DA:21,0
DA:22,0
DA:25,0
DA:38,0
DA:39,0
DA:40,0
DA:48,0
DA:49,0
DA:51,0
DA:52,0
DA:53,0
DA:56,0
DA:59,0
DA:74,0
DA:75,0
DA:76,0
DA:81,0
DA:82,0
DA:84,0
DA:85,0
DA:86,0
DA:89,0
DA:92,0
DA:109,0
DA:110,0
DA:111,0
DA:112,0
DA:116,0
DA:117,0
DA:119,0
DA:120,0
DA:121,0
DA:124,0
DA:127,0
DA:142,0
DA:143,0
DA:144,0
DA:145,0
DA:146,0
DA:148,0
DA:149,0
DA:150,0
DA:154,0
DA:157,0
DA:172,0
DA:173,0
DA:174,0
DA:175,0
DA:179,0
DA:180,0
DA:182,0
DA:183,0
DA:184,0
DA:187,0
DA:190,0
DA:205,0
DA:206,0
DA:207,0
DA:208,0
DA:209,0
DA:211,0
DA:212,0
DA:213,0
DA:217,0
DA:220,0
DA:235,0
DA:236,0
DA:237,0
DA:238,0
DA:242,0
DA:243,0
DA:244,0
DA:245,0
DA:246,0
DA:249,0
DA:251,0
DA:265,0
DA:266,0
DA:267,0
DA:268,0
DA:269,0
DA:271,0
DA:272,0
DA:273,0
DA:277,0
DA:280,0
DA:296,0
DA:297,0
DA:298,0
DA:299,0
DA:302,0
DA:303,0
DA:304,0
DA:305,0
DA:306,0
DA:309,0
DA:311,0
DA:325,0
DA:326,0
DA:327,0
DA:328,0
DA:329,0
DA:331,0
DA:332,0
DA:333,0
DA:337,0
DA:340,0
LF:114
LH:0
BRF:0
BRH:0
end_of_record
TN:
SF:src/util/hash.generator.util.ts
FN:2,(anonymous_1)
FN:9,injectHash
FN:21,getUniqueHash
FNF:3
FNH:1
FNDA:1,(anonymous_1)
FNDA:0,injectHash
FNDA:0,getUniqueHash
DA:1,1
DA:2,1
DA:9,1
DA:10,0
DA:13,0
DA:14,0
DA:15,0
DA:18,0
DA:21,1
DA:22,0
DA:25,0
DA:28,0
LF:12
LH:4
BRDA:25,0,0,0
BRDA:25,0,1,0
BRDA:2,1,0,1
BRDA:2,1,1,1
BRF:4
BRH:2
end_of_record
TN:
SF:src/util/logger.util.ts
FNF:0
FNH:0
DA:1,1
DA:2,1
DA:5,1
DA:24,1
DA:28,1
DA:33,1
DA:34,1
DA:35,1
DA:40,1
LF:9
LH:9
BRDA:33,0,0,1
BRDA:33,0,1,0
BRF:2
BRH:1
end_of_record
TN:
SF:src/util/restful.response.util.ts
FN:3,toJSON
FN:40,errorHandler
FNF:2
FNH:0
FNDA:0,toJSON
FNDA:0,errorHandler
DA:2,1
DA:3,1
DA:4,0
DA:16,1
DA:22,1
DA:28,1
DA:40,1
DA:44,0
DA:45,0
DA:46,0
DA:52,0
DA:53,0
LF:12
LH:6
BRDA:4,0,0,0
BRDA:4,0,1,0
BRDA:6,1,0,0
BRDA:6,1,1,0
BRDA:7,2,0,0
BRDA:7,2,1,0
BRDA:9,3,0,0
BRDA:9,3,1,0
BRDA:45,4,0,0
BRDA:45,4,1,0
BRDA:49,5,0,0
BRDA:49,5,1,0
BRF:12
BRH:0
end_of_record
TN:
SF:src/util/secrets.util.ts
FNF:0
FNH:0
DA:1,1
DA:2,1
DA:4,1
DA:5,0
DA:7,1
DA:14,1
DA:15,1
DA:17,1
DA:18,1
DA:20,1
DA:21,1
DA:23,1
DA:24,1
DA:26,1
DA:27,1
DA:29,1
DA:30,1
DA:32,1
DA:33,1
DA:35,1
DA:36,1
DA:38,1
DA:39,1
DA:41,1
DA:42,1
DA:44,1
DA:45,1
DA:47,1
DA:48,1
DA:50,1
DA:51,1
LF:31
LH:30
BRDA:4,0,0,0
BRDA:4,0,1,1
BRF:2
BRH:1
end_of_record
